1        1  (10)      1  : 0.9812 0.0000 0.0000 0.0188 0.0000
2        2  (11)      1  : 0.9824 0.0000 0.0000 0.0176 0.0000
3        3   (8)      1  : 0.9823 0.0000 0.0000 0.0178 0.0000
4        4   (9)      1  : 0.9865 0.0000 0.0000 0.0135 0.0000
5        5   (6)      1  : 0.9719 0.0000 0.0000 0.0281 0.0000
6        6  (13)      1  : 0.9774 0.0000 0.0000 0.0226 0.0000
7        7   (8)      1  : 0.9799 0.0000 0.0000 0.0201 0.0000
8        8  (13)      1  : 0.9750 0.0000 0.0000 0.0250 0.0000
9        9  (10)      1  : 0.9645 0.0000 0.0000 0.0355 0.0000
10       10   (9)      1  : 0.9795 0.0000 0.0000 0.0190 0.0015
11       11   (8)      1  : 0.9671 0.0000 0.0000 0.0329 0.0000
12       12  (10)      1  : 0.6910 0.0000 0.0011 0.3079 0.0000
13       13  (17)      1  : 0.6640 0.0000 0.0019 0.3341 0.0000
14       14  (17)      1  : 0.6824 0.0000 0.0000 0.3176 0.0000
15       15  (17)      1  : 0.6565 0.0000 0.0005 0.3424 0.0006
16       16  (17)      1  : 0.6546 0.0000 0.0000 0.3454 0.0000
17       17  (10)      1  : 0.6666 0.0000 0.0000 0.3334 0.0000
18       18   (9)      1  : 0.6584 0.0000 0.0000 0.3416 0.0000
19       19  (13)      1  : 0.6476 0.0000 0.0000 0.3524 0.0000
20       20  (12)      1  : 0.6591 0.0000 0.0000 0.3409 0.0000
21       21  (11)      1  : 0.6559 0.0000 0.0009 0.3432 0.0000
22       22  (16)      1  : 0.6644 0.0000 0.0000 0.3356 0.0000
23       23  (11)      1  : 0.6531 0.0000 0.0000 0.3469 0.0000
24       24  (10)      1  : 0.6640 0.0000 0.0000 0.3360 0.0000
25       25  (11)      1  : 0.6640 0.0000 0.0000 0.3360 0.0000
26       26  (23)      1  : 0.6562 0.0000 0.0051 0.3386 0.0000
27       27  (10)      1  : 0.6587 0.0000 0.0000 0.3412 0.0000
28       28  (11)      1  : 0.6711 0.0000 0.0000 0.3289 0.0000
29       29   (9)      1  : 0.6687 0.0000 0.0000 0.3312 0.0000
30       30  (14)      1  : 0.6654 0.0000 0.0000 0.3346 0.0000
31       31  (19)      1  : 0.6756 0.0000 0.0000 0.3244 0.0000
32       32  (14)      1  : 0.6741 0.0000 0.0000 0.3259 0.0000
33       33  (17)      1  : 0.6655 0.0000 0.0000 0.3345 0.0000
34       34  (36)      1  : 0.6707 0.0000 0.0000 0.3281 0.0013
35       35  (10)      1  : 0.6680 0.0000 0.0000 0.3320 0.0000
36       36   (9)      1  : 0.4525 0.0000 0.2265 0.3210 0.0000
37       37   (9)      1  : 0.4714 0.0000 0.2119 0.3167 0.0000
38       38   (8)      1  : 0.4674 0.0000 0.2131 0.3195 0.0000
39       39   (9)      1  : 0.4549 0.0000 0.2201 0.3250 0.0000
40       40   (9)      1  : 0.4414 0.0000 0.2479 0.3107 0.0000
41       41   (9)      1  : 0.4866 0.0000 0.2038 0.3095 0.0000
42       42   (8)      1  : 0.4791 0.0000 0.2093 0.3117 0.0000
43       43  (16)      1  : 0.4823 0.0000 0.2071 0.3106 0.0000
44       44   (6)      1  : 0.4716 0.0000 0.2096 0.3188 0.0000
45       45  (10)      1  : 0.4393 0.0000 0.2209 0.3398 0.0000
46       46  (22)      1  : 0.3872 0.0000 0.2444 0.3685 0.0000
47       47   (8)      1  : 0.4476 0.0000 0.2248 0.3277 0.0000
48       48  (18)      1  : 1.0000 0.0000 0.0000 0.0000 0.0000
49       49   (6)      1  : 0.4349 0.0000 0.2265 0.3386 0.0000
50       50  (23)      1  : 0.4549 0.0000 0.2222 0.3228 0.0000
51       51   (7)      1  : 0.4527 0.0000 0.2282 0.3190 0.0000
52       52  (27)      1  : 0.3956 0.0000 0.2369 0.3648 0.0028
53       53   (7)      1  : 0.4374 0.0000 0.2272 0.3353 0.0000
54       54  (20)      1  : 0.9210 0.0000 0.0286 0.0504 0.0000
55       55   (7)      1  : 0.4497 0.0000 0.2324 0.3179 0.0000
56       56   (9)      1  : 0.4404 0.0000 0.2353 0.3237 0.0005
57       57  (23)      1  : 0.4051 0.0000 0.2432 0.3517 0.0000
58       58   (8)      1  : 0.4655 0.0000 0.2130 0.3215 0.0000
59       59   (9)      1  : 0.4646 0.0009 0.2097 0.3239 0.0009
60       60  (16)      1  : 0.4559 0.0000 0.2175 0.3253 0.0014
61       61   (8)      1  : 0.4552 0.0000 0.2220 0.3223 0.0005
62       62   (7)      1  : 0.4586 0.0000 0.2276 0.3130 0.0009
63       63  (20)      1  : 0.9595 0.0000 0.0099 0.0306 0.0000
64       64   (8)      1  : 0.4863 0.0000 0.2075 0.3036 0.0025
65       65  (12)      1  : 0.4590 0.0000 0.2276 0.3134 0.0000
66       66  (14)      1  : 0.9405 0.0000 0.0201 0.0394 0.0000
67       67  (13)      1  : 0.9530 0.0000 0.0121 0.0349 0.0000
68       68  (12)      1  : 0.9052 0.0000 0.0348 0.0600 0.0000
69       69   (8)      1  : 0.8851 0.0000 0.0406 0.0743 0.0000
70       70   (5)      1  : 0.9106 0.0000 0.0307 0.0586 0.0000
71       71  (10)      1  : 0.9689 0.0000 0.0083 0.0229 0.0000
72       72  (11)      1  : 0.9121 0.0000 0.0319 0.0560 0.0000
73       73  (12)      1  : 0.9640 0.0000 0.0080 0.0280 0.0000
74       74  (25)      1  : 0.9488 0.0000 0.0165 0.0347 0.0000
75       75  (13)      1  : 0.9301 0.0000 0.0236 0.0462 0.0000
76       76  (11)      1  : 0.9145 0.0000 0.0283 0.0568 0.0005
77       77  (15)      1  : 0.4577 0.0000 0.2249 0.3174 0.0000
78       78  (16)      1  : 0.6723 0.0000 0.0000 0.3277 0.0000
79       79   (8)      1  : 0.9266 0.0004 0.0240 0.0467 0.0024
80       80  (15)      1  : 0.0000 0.0000 1.0000 0.0000 0.0000
81       81   (6)      1  : 0.9143 0.0000 0.0249 0.0608 0.0000
82       82   (7)      1  : 0.9060 0.0000 0.0333 0.0608 0.0000
83       83   (7)      1  : 0.9078 0.0000 0.0311 0.0610 0.0000
84       84  (22)      1  : 0.0000 0.0000 1.0000 0.0000 0.0000
85       85   (7)      1  : 0.9407 0.0000 0.0160 0.0428 0.0005
86       86  (17)      1  : 1.0000 0.0000 0.0000 0.0000 0.0000
87       87   (5)      1  : 0.9205 0.0000 0.0270 0.0525 0.0000
88       88  (12)      1  : 0.9535 0.0000 0.0140 0.0325 0.0000
89       89   (7)      1  : 0.8978 0.0000 0.0343 0.0680 0.0000
90       90  (25)      1  : 0.9377 0.0000 0.0198 0.0425 0.0000
91       91   (8)      1  : 0.8941 0.0000 0.0374 0.0685 0.0000
92       92   (6)      1  : 0.9288 0.0000 0.0232 0.0480 0.0000
93       93   (6)      1  : 0.9272 0.0000 0.0239 0.0489 0.0000
94       94   (6)      1  : 0.9412 0.0000 0.0193 0.0395 0.0000
95       95   (6)      1  : 0.9556 0.0000 0.0114 0.0330 0.0000
96       96   (6)      1  : 0.9596 0.0000 0.0075 0.0329 0.0000
97       97  (10)      1  : 0.9876 0.0000 0.0037 0.0086 0.0000
98       98  (15)      1  : 0.9600 0.0000 0.0101 0.0299 0.0000
99       99  (12)      1  : 0.6546 0.0000 0.0019 0.3435 0.0000
100      100  (12)      1  : 1.0000 0.0000 0.0000 0.0000 0.0000
101      101  (10)      1  : 0.9915 0.0020 0.0004 0.0044 0.0017
102      102   (5)      1  : 0.9996 0.0000 0.0000 0.0004 0.0000
103      103   (5)      1  : 1.0000 0.0000 0.0000 0.0000 0.0000
104      104   (5)      1  : 1.0000 0.0000 0.0000 0.0000 0.0000
105      105   (6)      1  : 1.0000 0.0000 0.0000 0.0000 0.0000
106      106  (10)      1  : 1.0000 0.0000 0.0000 0.0000 0.0000
107      107   (5)      1  : 0.9965 0.0000 0.0010 0.0025 0.0000
108      108   (5)      1  : 0.9986 0.0000 0.0000 0.0005 0.0009
109      109  (11)      1  : 0.9974 0.0000 0.0000 0.0011 0.0015
110      110   (9)      1  : 0.9936 0.0000 0.0000 0.0054 0.0010
111      111  (18)      1  : 0.9952 0.0000 0.0009 0.0010 0.0029
112      112  (14)      1  : 0.9989 0.0000 0.0006 0.0005 0.0000
113      113   (5)      1  : 0.9990 0.0000 0.0000 0.0010 0.0000
114      114   (7)      1  : 0.9985 0.0000 0.0000 0.0010 0.0005
115      115   (6)      1  : 0.9996 0.0000 0.0000 0.0004 0.0000
116      116   (6)      1  : 0.9982 0.0000 0.0000 0.0018 0.0000
117      117  (14)      1  : 0.9872 0.0000 0.0119 0.0009 0.0000
118      118   (5)      1  : 1.0000 0.0000 0.0000 0.0000 0.0000
119      119   (7)      1  : 0.9960 0.0000 0.0000 0.0000 0.0040
120      120   (7)      1  : 0.9964 0.0005 0.0010 0.0011 0.0010
121      121   (6)      1  : 0.9980 0.0000 0.0000 0.0020 0.0000
122      122   (6)      1  : 0.9960 0.0000 0.0024 0.0016 0.0000
123      123   (7)      1  : 0.9871 0.0000 0.0039 0.0068 0.0023
124      124  (12)      1  : 0.9974 0.0010 0.0000 0.0006 0.0010
125      125   (6)      1  : 1.0000 0.0000 0.0000 0.0000 0.0000
126      126  (11)      1  : 0.9927 0.0000 0.0031 0.0024 0.0018
127      127   (5)      1  : 0.9995 0.0000 0.0000 0.0005 0.0000
128      128   (6)      1  : 1.0000 0.0000 0.0000 0.0000 0.0000
129      129  (19)      1  : 0.9530 0.0010 0.0125 0.0331 0.0004
130      130  (22)      1  : 0.9999 0.0000 0.0000 0.0001 0.0000
131      131  (18)      1  : 0.9529 0.0000 0.0087 0.0384 0.0000
132      132  (17)      1  : 0.9607 0.0000 0.0098 0.0295 0.0000
133      133  (22)      1  : 0.6527 0.0000 0.0000 0.3473 0.0000
134      134  (23)      1  : 0.0000 0.0000 1.0000 0.0000 0.0000
135      135  (27)      1  : 0.0000 0.0000 1.0000 0.0000 0.0000
136      136  (10)      1  : 0.0000 0.0000 1.0000 0.0000 0.0000
137      137   (8)      1  : 0.0000 0.0000 1.0000 0.0000 0.0000
138      138   (8)      1  : 0.0000 0.0000 1.0000 0.0000 0.0000
139      139  (12)      1  : 0.0000 0.0000 1.0000 0.0000 0.0000
140      140  (15)      1  : 0.0001 0.0009 0.9965 0.0025 0.0000
141      141   (9)      1  : 0.0000 0.0000 1.0000 0.0000 0.0000
142      142  (12)      1  : 0.0000 0.0000 1.0000 0.0000 0.0000
143      143   (8)      1  : 0.0000 0.0000 1.0000 0.0000 0.0000
144      144  (10)      1  : 0.0000 0.0000 1.0000 0.0000 0.0000
145      145   (8)      1  : 0.0000 0.0000 1.0000 0.0000 0.0000
146      146  (18)      1  : 0.4353 0.0000 0.2238 0.3410 0.0000
147      147   (6)      1  : 0.0045 0.0000 0.9945 0.0006 0.0004
148      148  (24)      1  : 0.4282 0.0000 0.2293 0.3425 0.0000
149      149   (6)      1  : 0.0000 0.0000 0.9975 0.0005 0.0020
150      150  (20)      1  : 0.0011 0.0000 0.9975 0.0014 0.0000
151      151   (5)      1  : 0.0000 0.0000 1.0000 0.0000 0.0000
152      152   (6)      1  : 0.0000 0.0020 0.9969 0.0001 0.0010
153      153   (7)      1  : 0.0014 0.0010 0.9962 0.0014 0.0000
154      154   (5)      1  : 0.0000 0.0000 1.0000 0.0000 0.0000
155      155   (6)      1  : 0.0000 0.0000 0.9989 0.0000 0.0011
156      156   (5)      1  : 0.0000 0.0010 0.9990 0.0000 0.0000
157      157   (5)      1  : 0.0000 0.0000 0.9961 0.0005 0.0034
158      158   (5)      1  : 0.0000 0.0000 0.9995 0.0005 0.0000
159      159   (6)      1  : 0.0000 0.0004 0.9986 0.0000 0.0010
160      160   (5)      1  : 0.0000 0.0000 1.0000 0.0000 0.0000
161      161   (5)      1  : 0.0000 0.0000 1.0000 0.0000 0.0000
162      162   (7)      1  : 0.0010 0.0000 0.9975 0.0011 0.0004
163      163   (7)      1  : 0.0000 0.0000 1.0000 0.0000 0.0000
164      164   (8)      1  : 0.0000 0.0000 0.9969 0.0001 0.0030
165      165   (6)      1  : 0.0000 0.0000 1.0000 0.0000 0.0000
166      166  (15)      1  : 0.0000 0.0020 0.9979 0.0001 0.0000
167      167   (6)      1  : 0.0000 0.0000 0.9985 0.0015 0.0000
168      168   (5)      1  : 0.0000 0.0000 1.0000 0.0000 0.0000
169      169   (5)      1  : 0.0000 0.0000 1.0000 0.0000 0.0000
170      170  (34)      1  : 0.0000 0.0000 0.9984 0.0006 0.0010
171      171   (6)      1  : 0.0000 0.0000 0.9989 0.0005 0.0006
172      172   (5)      1  : 0.0000 0.0000 1.0000 0.0000 0.0000
173      173   (7)      1  : 0.0000 0.0000 1.0000 0.0000 0.0000
174      174   (5)      1  : 0.0000 0.0000 1.0000 0.0000 0.0000
175      175  (14)      1  : 0.0006 0.0000 0.9990 0.0004 0.0000
176      176  (12)      1  : 0.0000 0.0000 1.0000 0.0000 0.0000
177      177  (13)      1  : 0.0000 0.0000 1.0000 0.0000 0.0000
178      178  (13)      1  : 0.0000 0.0000 1.0000 0.0000 0.0000
179      179  (22)      1  : 0.0000 0.0000 0.9995 0.0005 0.0000
180      180  (19)      1  : 0.0034 0.0000 0.9950 0.0016 0.0000
181      181  (16)      1  : 0.0000 0.0010 0.9987 0.0002 0.0000
182      182  (15)      1  : 0.0000 0.0000 1.0000 0.0000 0.0000
183      183  (18)      1  : 0.0000 0.0000 0.9987 0.0013 0.0000
184      184  (19)      1  : 0.0000 0.0000 1.0000 0.0000 0.0000
185      185  (12)      1  : 0.0000 0.0000 0.9992 0.0008 0.0000
186      186  (22)      1  : 0.9681 0.0000 0.0061 0.0258 0.0000
187      187  (13)      1  : 0.0000 0.0005 0.9945 0.0000 0.0050
188      188  (20)      1  : 0.4312 0.0000 0.2294 0.3394 0.0000
189      189  (21)      1  : 0.0000 0.0000 1.0000 0.0000 0.0000
190      190  (20)      1  : 0.0000 0.0000 1.0000 0.0000 0.0000
191      191  (12)      1  : 0.0000 0.0004 0.9947 0.0049 0.0000
192      192  (19)      1  : 0.8528 0.0000 0.0584 0.0889 0.0000
193      193  (12)      1  : 0.0005 0.0000 0.9950 0.0045 0.0000
194      194  (14)      1  : 0.0068 0.0000 0.9746 0.0186 0.0000
195      195  (17)      1  : 0.0080 0.0000 0.9915 0.0005 0.0000
196      196  (18)      1  : 0.0013 0.0029 0.9831 0.0128 0.0000
197      197  (13)      1  : 0.0003 0.0000 0.9967 0.0030 0.0000
198      198  (26)      1  : 0.0100 0.0000 0.9894 0.0006 0.0000
199      199   (7)      1  : 0.0000 0.0000 1.0000 0.0000 0.0000
200      200  (14)      1  : 0.0000 0.0000 1.0000 0.0000 0.0000
201      201   (9)      1  : 0.0000 0.0000 1.0000 0.0000 0.0000
202      202  (12)      1  : 0.0000 0.0000 1.0000 0.0000 0.0000
203      203  (14)      1  : 0.0000 0.0000 1.0000 0.0000 0.0000
204      204   (8)      1  : 0.0000 0.0000 1.0000 0.0000 0.0000
205      205   (8)      1  : 0.0000 0.0000 1.0000 0.0000 0.0000
206      206   (9)      1  : 0.0000 0.0000 1.0000 0.0000 0.0000
207      207   (8)      1  : 0.0000 0.0000 1.0000 0.0000 0.0000
208      208  (15)      1  : 0.0000 0.0000 1.0000 0.0000 0.0000
209      209   (6)      1  : 0.0000 0.0000 0.9979 0.0001 0.0020
210      210   (7)      1  : 0.0000 0.0000 0.9970 0.0000 0.0030
211      211   (7)      1  : 0.0040 0.0057 0.9875 0.0019 0.0009
212      212   (7)      1  : 0.0036 0.0000 0.9899 0.0018 0.0048
213      213   (6)      1  : 0.0019 0.0000 0.9973 0.0009 0.0000
214      214   (6)      1  : 0.0000 0.0020 0.9980 0.0000 0.0000
215      215   (8)      1  : 0.0000 0.0000 0.9940 0.0000 0.0060
216      216   (8)      1  : 0.0033 0.0000 0.9884 0.0005 0.0079
217      217   (7)      1  : 0.0010 0.0000 0.9989 0.0001 0.0000
218      218   (6)      1  : 0.0039 0.0000 0.9945 0.0007 0.0009
219      219  (13)      1  : 0.0036 0.0000 0.9960 0.0004 0.0000
220      220  (12)      1  : 0.0000 0.0000 0.9996 0.0004 0.0000
221      221   (6)      1  : 0.0000 0.0000 0.9995 0.0005 0.0000
222      222  (13)      1  : 0.0000 0.0000 1.0000 0.0000 0.0000
223      223  (10)      1  : 0.0015 0.0000 0.9955 0.0011 0.0019
224      224   (6)      1  : 0.0000 0.0000 1.0000 0.0000 0.0000
225      225   (7)      1  : 0.0010 0.0000 0.9990 0.0000 0.0000
226      226   (7)      1  : 0.0006 0.0000 0.9985 0.0009 0.0000
227      227   (7)      1  : 0.0016 0.0000 0.9955 0.0029 0.0000
228      228   (5)      1  : 0.0000 0.0000 1.0000 0.0000 0.0000
229      229  (12)      1  : 0.0000 0.0000 1.0000 0.0000 0.0000
230      230   (5)      1  : 0.0000 0.0000 1.0000 0.0000 0.0000
231      231   (3)      1  : 0.0000 0.0000 1.0000 0.0000 0.0000
232      232  (21)      1  : 0.0000 0.0000 0.0045 0.0005 0.9950
233      233  (14)      1  : 0.0004 0.0000 0.0004 0.0006 0.9986
234      234  (15)      1  : 0.0039 0.0000 0.0010 0.0025 0.9926
235      235  (17)      1  : 0.0015 0.0009 0.0009 0.0011 0.9956
236      236  (12)      1  : 0.0000 0.0000 0.0000 0.0000 1.0000
237      237  (19)      1  : 0.0000 0.0000 0.0000 0.0000 1.0000
238      238   (4)      1  : 0.0000 0.0000 0.0000 0.0000 1.0000
239      239   (4)      1  : 0.0000 0.0000 0.0000 0.0000 1.0000
240      240   (3)      1  : 0.0000 0.0000 0.0000 0.0000 1.0000
241      241   (3)      1  : 0.0000 0.0000 0.0000 0.0000 1.0000
242      242   (3)      1  : 0.0000 0.0010 0.0000 0.0000 0.9990
243      243   (3)      1  : 0.0000 0.0000 0.0000 0.0000 1.0000
244      244   (3)      1  : 0.0000 0.0000 0.0000 0.0000 1.0000
245      245   (4)      1  : 0.0000 0.0030 0.0000 0.0000 0.9970
246      246   (3)      1  : 0.0000 0.0000 0.0000 0.0000 1.0000
247      247   (3)      1  : 0.0000 0.0000 0.0000 0.0000 1.0000
248      248   (3)      1  : 0.0000 0.0000 0.0000 0.0000 1.0000
249      249   (4)      1  : 0.0000 0.0000 0.0000 0.0000 1.0000
250      250   (3)      1  : 0.0000 0.0000 0.0000 0.0000 1.0000
251      251  (11)      1  : 0.0000 0.0000 0.0000 0.0000 1.0000
252      252   (3)      1  : 0.0000 0.0000 0.0000 0.0000 1.0000
253      253   (3)      1  : 0.0000 0.0000 0.0000 0.0000 1.0000
254      254   (3)      1  : 0.0000 0.0000 0.0000 0.0000 1.0000
255      255   (6)      1  : 0.0000 0.0025 0.0000 0.0000 0.9975
256      256   (4)      1  : 0.0000 0.0000 0.0000 0.0000 1.0000
257      257   (4)      1  : 0.0000 0.0000 0.0000 0.0000 1.0000
258      258   (4)      1  : 0.0000 0.0029 0.0000 0.0000 0.9971
259      259   (6)      1  : 0.0000 0.0000 0.0000 0.0000 1.0000
260      260   (6)      1  : 0.0000 0.0000 0.0000 0.0000 1.0000
261      261   (6)      1  : 0.0000 0.0000 0.0000 0.0000 1.0000
262      262   (6)      1  : 0.0000 0.0000 0.0000 0.0000 1.0000
263      263   (8)      1  : 0.0000 0.0150 0.0000 0.0000 0.9850
264      264   (8)      1  : 0.0000 0.0154 0.0000 0.0000 0.9846
265      265   (8)      1  : 0.0000 0.0000 0.0000 0.0000 1.0000
266      266   (8)      1  : 0.0000 0.0369 0.0000 0.0000 0.9631
267      267   (4)      1  : 0.0000 0.0000 0.0000 0.0000 1.0000
268      268   (4)      1  : 0.0000 0.0020 0.0000 0.0000 0.9980
269      269   (4)      1  : 0.0000 0.0000 0.0000 0.0000 1.0000
270      270   (5)      1  : 0.0000 0.0000 0.0000 0.0000 1.0000
271      271   (5)      1  : 0.0000 0.0010 0.0000 0.0000 0.9990
272      272   (3)      1  : 0.0000 0.0000 0.0000 0.0000 1.0000
273      273   (4)      1  : 0.0000 0.0000 0.0000 0.0000 1.0000
274      274   (4)      1  : 0.0000 0.0000 0.0000 0.0000 1.0000
275      275   (3)      1  : 0.0000 0.0000 0.0000 0.0000 1.0000
276      276  (14)      1  : 0.0000 0.0000 0.0000 0.0000 1.0000
277      277   (4)      1  : 0.0000 0.0000 0.0000 0.0000 1.0000
278      278   (4)      1  : 0.0000 0.0000 0.0000 0.0000 1.0000
279      279   (3)      1  : 0.0000 0.0010 0.0000 0.0000 0.9990
280      280   (3)      1  : 0.0000 0.0000 0.0000 0.0000 1.0000
281      281   (3)      1  : 0.0000 0.0000 0.0000 0.0000 1.0000
282      282   (3)      1  : 0.0000 0.0000 0.0000 0.0000 1.0000
283      283   (3)      1  : 0.0000 0.0000 0.0000 0.0000 1.0000
284      284   (5)      1  : 0.0000 0.0000 0.0000 0.0000 1.0000
285      285   (5)      1  : 0.0000 0.0000 0.0000 0.0000 1.0000
286      286  (10)      1  : 0.0000 1.0000 0.0000 0.0000 0.0000
287      287   (7)      1  : 0.0000 0.9980 0.0015 0.0005 0.0000
288      288   (7)      1  : 0.0000 0.9969 0.0029 0.0003 0.0000
289      289   (9)      1  : 0.0000 1.0000 0.0000 0.0000 0.0000
290      290   (7)      1  : 0.0000 1.0000 0.0000 0.0000 0.0000
291      291  (18)      1  : 0.0070 0.9889 0.0000 0.0012 0.0029
292      292   (5)      1  : 0.0000 1.0000 0.0000 0.0000 0.0000
293      293   (5)      1  : 0.0000 1.0000 0.0000 0.0000 0.0000
294      294  (19)      1  : 0.0000 1.0000 0.0000 0.0000 0.0000
295      295   (7)      1  : 0.0000 0.9950 0.0030 0.0010 0.0010
296      296   (6)      1  : 0.0055 0.9921 0.0008 0.0016 0.0000
297      297   (7)      1  : 0.0015 0.9932 0.0000 0.0016 0.0036
298      298   (9)      1  : 0.0060 0.9895 0.0015 0.0030 0.0000
299      299   (6)      1  : 0.0005 0.9989 0.0000 0.0006 0.0000
300      300   (7)      1  : 0.0010 0.9896 0.0075 0.0019 0.0000
301      301   (5)      1  : 0.0000 0.9980 0.0011 0.0009 0.0000
302      302   (5)      1  : 0.0000 0.9965 0.0035 0.0000 0.0000
303      303  (15)      1  : 0.0000 1.0000 0.0000 0.0000 0.0000
304      304   (6)      1  : 0.0000 0.9980 0.0000 0.0006 0.0014
305      305  (30)      1  : 0.0025 0.9850 0.0024 0.0066 0.0035
306      306  (10)      1  : 0.0005 0.9739 0.0076 0.0011 0.0169
307      307   (1)      1  : 0.0000 1.0000 0.0000 0.0000 0.0000
308      308   (1)      1  : 0.0000 1.0000 0.0000 0.0000 0.0000
309      309   (1)      1  : 0.0005 0.9972 0.0006 0.0006 0.0010
310      310   (4)      1  : 0.0000 1.0000 0.0000 0.0000 0.0000
311      311   (5)      1  : 0.0000 1.0000 0.0000 0.0000 0.0000
312      312   (1)      1  : 0.0000 1.0000 0.0000 0.0000 0.0000
313      313   (1)      1  : 0.0000 1.0000 0.0000 0.0000 0.0000
314      314   (1)      1  : 0.0000 0.9930 0.0000 0.0000 0.0070
315      315   (1)      1  : 0.0000 1.0000 0.0000 0.0000 0.0000
316      316  (15)      1  : 0.0015 0.9945 0.0000 0.0008 0.0033
317      317  (11)      1  : 0.0000 1.0000 0.0000 0.0000 0.0000
318      318   (9)      1  : 0.0000 1.0000 0.0000 0.0000 0.0000
319      319  (10)      1  : 0.0000 0.9990 0.0009 0.0001 0.0000
320      320  (12)      1  : 0.0000 1.0000 0.0000 0.0000 0.0000
321      321   (8)      1  : 0.0000 1.0000 0.0000 0.0000 0.0000
322      322  (11)      1  : 0.0000 1.0000 0.0000 0.0000 0.0000
323      323   (8)      1  : 0.0000 1.0000 0.0000 0.0000 0.0000
324      324  (16)      1  : 0.0000 1.0000 0.0000 0.0000 0.0000
325      325  (16)      1  : 0.0000 0.9961 0.0019 0.0001 0.0019
326      326  (14)      1  : 0.0017 0.9858 0.0030 0.0020 0.0075
327      327  (17)      1  : 0.0000 1.0000 0.0000 0.0000 0.0000
328      328  (11)      1  : 0.0000 1.0000 0.0000 0.0000 0.0000
329      329  (16)      1  : 0.0000 1.0000 0.0000 0.0000 0.0000
330      330  (18)      1  : 0.0049 0.9790 0.0076 0.0016 0.0069
331      331  (10)      1  : 0.0009 0.9906 0.0013 0.0011 0.0061
332      332  (18)      1  : 0.0032 0.9777 0.0009 0.0033 0.0149
333      333  (14)      1  : 0.0000 1.0000 0.0000 0.0000 0.0000
334      334  (11)      1  : 0.0000 1.0000 0.0000 0.0000 0.0000
335      335  (13)      1  : 0.0000 0.9990 0.0000 0.0001 0.0009
336      336  (14)      1  : 0.0000 0.9955 0.0035 0.0000 0.0010
337      337  (16)      1  : 0.0013 0.9974 0.0009 0.0005 0.0000
338      338  (14)      1  : 0.0000 1.0000 0.0000 0.0000 0.0000
339      339  (17)      1  : 0.0000 0.9991 0.0000 0.0000 0.0009
340      340  (13)      1  : 0.0019 0.9979 0.0000 0.0003 0.0000
341      341  (13)      1  : 0.0023 0.9970 0.0000 0.0008 0.0000
342      342  (10)      1  : 0.0000 1.0000 0.0000 0.0000 0.0000
343      343   (5)      1  : 0.0000 1.0000 0.0000 0.0000 0.0000
344      344   (9)      1  : 0.0000 1.0000 0.0000 0.0000 0.0000
345      345  (13)      1  : 0.0000 1.0000 0.0000 0.0000 0.0000
