  1        1  (10)      1 :  0.9891 0.0000 0.0000 0.0075 0.0034 
  2        2  (11)      1 :  0.9894 0.0000 0.0000 0.0071 0.0035 
  3        3   (8)      1 :  0.9897 0.0000 0.0000 0.0071 0.0032 
  4        4   (9)      1 :  0.9934 0.0000 0.0000 0.0054 0.0011 
  5        5   (6)      1 :  0.9826 0.0000 0.0000 0.0112 0.0062 
  6        6  (13)      1 :  0.9865 0.0000 0.0000 0.0090 0.0045 
  7        7   (8)      1 :  0.9890 0.0000 0.0000 0.0080 0.0030 
  8        8  (13)      1 :  0.9848 0.0000 0.0000 0.0100 0.0052 
  9        9  (10)      1 :  0.9780 0.0000 0.0000 0.0142 0.0078 
 10       10   (9)      1 :  0.9868 0.0000 0.0008 0.0076 0.0047 
 11       11   (8)      1 :  0.9799 0.0000 0.0000 0.0132 0.0069 
 12       12  (10)      1 :  0.7931 0.0008 0.0000 0.1231 0.0830 
 13       13  (17)      1 :  0.7751 0.0016 0.0000 0.1336 0.0897 
 14       14  (17)      1 :  0.7876 0.0000 0.0000 0.1270 0.0854 
 15       15  (17)      1 :  0.7694 0.0007 0.0004 0.1370 0.0926 
 16       16  (17)      1 :  0.7689 0.0000 0.0000 0.1381 0.0930 
 17       17  (10)      1 :  0.7767 0.0000 0.0000 0.1333 0.0900 
 18       18   (9)      1 :  0.7715 0.0000 0.0000 0.1366 0.0918 
 19       19  (13)      1 :  0.7644 0.0000 0.0000 0.1409 0.0947 
 20       20  (12)      1 :  0.7713 0.0000 0.0000 0.1364 0.0924 
 21       21  (11)      1 :  0.7690 0.0008 0.0000 0.1377 0.0924 
 22       22  (16)      1 :  0.7752 0.0000 0.0000 0.1343 0.0906 
 23       23  (11)      1 :  0.7677 0.0000 0.0000 0.1388 0.0935 
 24       24  (10)      1 :  0.7751 0.0000 0.0000 0.1344 0.0905 
 25       25  (11)      1 :  0.7752 0.0000 0.0000 0.1344 0.0904 
 26       26  (23)      1 :  0.7680 0.0042 0.0000 0.1355 0.0924 
 27       27  (10)      1 :  0.7718 0.0000 0.0000 0.1365 0.0917 
 28       28  (11)      1 :  0.7800 0.0000 0.0000 0.1316 0.0885 
 29       29   (9)      1 :  0.7782 0.0000 0.0000 0.1325 0.0893 
 30       30  (14)      1 :  0.7764 0.0000 0.0000 0.1338 0.0898 
 31       31  (19)      1 :  0.7833 0.0000 0.0000 0.1297 0.0869 
 32       32  (14)      1 :  0.7822 0.0000 0.0000 0.1304 0.0875 
 33       33  (17)      1 :  0.7763 0.0000 0.0000 0.1338 0.0900 
 34       34  (36)      1 :  0.7793 0.0000 0.0010 0.1312 0.0885 
 35       35  (10)      1 :  0.7779 0.0000 0.0000 0.1328 0.0893 
 36       36   (9)      1 :  0.3922 0.1161 0.0000 0.4914 0.0002 
 37       37   (9)      1 :  0.4096 0.1057 0.0000 0.4845 0.0002 
 38       38   (8)      1 :  0.4052 0.1065 0.0000 0.4884 0.0000 
 39       39   (9)      1 :  0.3937 0.1101 0.0000 0.4961 0.0000 
 40       40   (9)      1 :  0.3827 0.1389 0.0000 0.4777 0.0007 
 41       41   (9)      1 :  0.4258 0.1019 0.0000 0.4722 0.0001 
 42       42   (8)      1 :  0.4186 0.1047 0.0000 0.4767 0.0000 
 43       43  (16)      1 :  0.4207 0.1034 0.0000 0.4757 0.0002 
 44       44   (6)      1 :  0.4085 0.1049 0.0000 0.4866 0.0000 
 45       45  (10)      1 :  0.3725 0.1103 0.0000 0.5170 0.0001 
 46       46  (22)      1 :  0.3163 0.1221 0.0000 0.5616 0.0000 
 47       47   (8)      1 :  0.3868 0.1121 0.0000 0.5008 0.0002 
 48       48  (18)      1 :  1.0000 0.0000 0.0000 0.0000 0.0000 
 49       49   (6)      1 :  0.3694 0.1131 0.0000 0.5175 0.0000 
 50       50  (23)      1 :  0.3953 0.1111 0.0000 0.4936 0.0000 
 51       51   (7)      1 :  0.3984 0.1151 0.0000 0.4862 0.0003 
 52       52  (27)      1 :  0.3234 0.1183 0.0004 0.5565 0.0015 
 53       53   (7)      1 :  0.3747 0.1135 0.0001 0.5117 0.0000 
 54       54  (20)      1 :  0.9088 0.0142 0.0000 0.0769 0.0001 
 55       55   (7)      1 :  0.3919 0.1226 0.0000 0.4855 0.0000 
 56       56   (9)      1 :  0.3874 0.1200 0.0000 0.4914 0.0011 
 57       57  (23)      1 :  0.3399 0.1217 0.0000 0.5384 0.0000 
 58       58   (8)      1 :  0.4028 0.1063 0.0000 0.4908 0.0000 
 59       59   (9)      1 :  0.3999 0.1051 0.0010 0.4927 0.0013 
 60       60  (16)      1 :  0.3928 0.1089 0.0001 0.4973 0.0010 
 61       61   (8)      1 :  0.3966 0.1108 0.0000 0.4923 0.0003 
 62       62   (7)      1 :  0.4013 0.1164 0.0000 0.4808 0.0015 
 63       63  (20)      1 :  0.9489 0.0049 0.0000 0.0461 0.0001 
 64       64   (8)      1 :  0.4283 0.1053 0.0000 0.4650 0.0015 
 65       65  (12)      1 :  0.4043 0.1150 0.0000 0.4802 0.0005 
 66       66  (14)      1 :  0.9301 0.0100 0.0000 0.0599 0.0000 
 67       67  (13)      1 :  0.9416 0.0061 0.0000 0.0522 0.0001 
 68       68  (12)      1 :  0.8911 0.0172 0.0000 0.0917 0.0000 
 69       69   (8)      1 :  0.8708 0.0202 0.0000 0.1083 0.0007 
 70       70   (5)      1 :  0.8961 0.0151 0.0000 0.0885 0.0002 
 71       71  (10)      1 :  0.9615 0.0040 0.0000 0.0343 0.0001 
 72       72  (11)      1 :  0.8984 0.0157 0.0000 0.0859 0.0000 
 73       73  (12)      1 :  0.9536 0.0040 0.0000 0.0425 0.0000 
 74       74  (25)      1 :  0.9391 0.0081 0.0000 0.0528 0.0000 
 75       75  (13)      1 :  0.9178 0.0117 0.0000 0.0705 0.0000 
 76       76  (11)      1 :  0.8998 0.0140 0.0003 0.0855 0.0002 
 77       77  (15)      1 :  0.3977 0.1147 0.0000 0.4873 0.0003 
 78       78  (16)      1 :  0.7809 0.0000 0.0000 0.1311 0.0880 
 79       79   (8)      1 :  0.9146 0.0116 0.0016 0.0705 0.0015 
 80       80  (15)      1 :  0.0000 0.9631 0.0000 0.0000 0.0369 
 81       81   (6)      1 :  0.9005 0.0124 0.0000 0.0861 0.0010 
 82       82   (7)      1 :  0.8926 0.0163 0.0000 0.0907 0.0003 
 83       83   (7)      1 :  0.8915 0.0154 0.0000 0.0931 0.0000 
 84       84  (22)      1 :  0.0000 0.8690 0.0000 0.0000 0.1310 
 85       85   (7)      1 :  0.9275 0.0079 0.0000 0.0642 0.0003 
 86       86  (17)      1 :  1.0000 0.0000 0.0000 0.0000 0.0000 
 87       87   (5)      1 :  0.9066 0.0135 0.0000 0.0800 0.0000 
 88       88  (12)      1 :  0.9438 0.0069 0.0000 0.0493 0.0000 
 89       89   (7)      1 :  0.8802 0.0172 0.0000 0.1027 0.0000 
 90       90  (25)      1 :  0.9263 0.0098 0.0000 0.0639 0.0001 
 91       91   (8)      1 :  0.8762 0.0185 0.0000 0.1054 0.0000 
 92       92   (6)      1 :  0.9155 0.0115 0.0000 0.0730 0.0000 
 93       93   (6)      1 :  0.9140 0.0119 0.0000 0.0740 0.0001 
 94       94   (6)      1 :  0.9299 0.0094 0.0000 0.0607 0.0000 
 95       95   (6)      1 :  0.9462 0.0056 0.0000 0.0481 0.0001 
 96       96   (6)      1 :  0.9545 0.0036 0.0000 0.0410 0.0009 
 97       97  (10)      1 :  0.9856 0.0017 0.0000 0.0124 0.0003 
 98       98  (15)      1 :  0.9490 0.0050 0.0000 0.0459 0.0001 
 99       99  (12)      1 :  0.7677 0.0019 0.0000 0.1374 0.0929 
100      100  (12)      1 :  1.0000 0.0000 0.0000 0.0000 0.0000 
101      101  (10)      1 :  0.9911 0.0004 0.0031 0.0044 0.0009 
102      102   (5)      1 :  0.9997 0.0000 0.0000 0.0002 0.0001 
103      103   (5)      1 :  1.0000 0.0000 0.0000 0.0000 0.0000 
104      104   (5)      1 :  0.9999 0.0000 0.0000 0.0000 0.0001 
105      105   (6)      1 :  1.0000 0.0000 0.0000 0.0000 0.0000 
106      106  (10)      1 :  1.0000 0.0000 0.0000 0.0000 0.0000 
107      107   (5)      1 :  0.9962 0.0009 0.0000 0.0027 0.0002 
108      108   (5)      1 :  0.9984 0.0000 0.0006 0.0002 0.0008 
109      109  (11)      1 :  0.9972 0.0000 0.0004 0.0011 0.0014 
110      110   (9)      1 :  0.9956 0.0000 0.0006 0.0022 0.0016 
111      111  (18)      1 :  0.9944 0.0009 0.0010 0.0009 0.0028 
112      112  (14)      1 :  0.9989 0.0005 0.0000 0.0006 0.0000 
113      113   (5)      1 :  0.9991 0.0000 0.0000 0.0009 0.0000 
114      114   (7)      1 :  0.9985 0.0000 0.0002 0.0008 0.0004 
115      115   (6)      1 :  0.9998 0.0000 0.0000 0.0002 0.0000 
116      116   (6)      1 :  0.9978 0.0000 0.0000 0.0022 0.0000 
117      117  (14)      1 :  0.9871 0.0107 0.0003 0.0004 0.0016 
118      118   (5)      1 :  1.0000 0.0000 0.0000 0.0000 0.0000 
119      119   (7)      1 :  0.9960 0.0000 0.0024 0.0000 0.0016 
120      120   (7)      1 :  0.9959 0.0007 0.0011 0.0011 0.0011 
121      121   (6)      1 :  0.9984 0.0000 0.0005 0.0008 0.0003 
122      122   (6)      1 :  0.9959 0.0018 0.0000 0.0013 0.0011 
123      123   (7)      1 :  0.9864 0.0025 0.0010 0.0072 0.0029 
124      124  (12)      1 :  0.9968 0.0000 0.0015 0.0007 0.0009 
125      125   (6)      1 :  1.0000 0.0000 0.0000 0.0000 0.0000 
126      126  (11)      1 :  0.9922 0.0021 0.0007 0.0016 0.0034 
127      127   (5)      1 :  0.9994 0.0000 0.0000 0.0007 0.0000 
128      128   (6)      1 :  1.0000 0.0000 0.0000 0.0000 0.0000 
129      129  (19)      1 :  0.9439 0.0062 0.0010 0.0482 0.0007 
130      130  (22)      1 :  1.0000 0.0000 0.0000 0.0001 0.0000 
131      131  (18)      1 :  0.9445 0.0042 0.0000 0.0501 0.0012 
132      132  (17)      1 :  0.9505 0.0048 0.0000 0.0447 0.0000 
133      133  (22)      1 :  0.7680 0.0000 0.0000 0.1389 0.0931 
134      134  (23)      1 :  0.0000 0.9672 0.0000 0.0000 0.0328 
135      135  (27)      1 :  0.0000 0.9600 0.0000 0.0000 0.0400 
136      136  (10)      1 :  0.0000 0.9553 0.0000 0.0000 0.0447 
137      137   (8)      1 :  0.0000 0.9530 0.0000 0.0000 0.0470 
138      138   (8)      1 :  0.0000 0.9517 0.0000 0.0000 0.0483 
139      139  (12)      1 :  0.0000 0.9577 0.0000 0.0000 0.0423 
140      140  (15)      1 :  0.0001 0.9463 0.0004 0.0028 0.0505 
141      141   (9)      1 :  0.0000 0.9516 0.0000 0.0000 0.0484 
142      142  (12)      1 :  0.0000 0.9562 0.0000 0.0000 0.0438 
143      143   (8)      1 :  0.0000 0.9523 0.0000 0.0000 0.0477 
144      144  (10)      1 :  0.0000 0.9532 0.0000 0.0000 0.0468 
145      145   (8)      1 :  0.0000 0.9605 0.0000 0.0000 0.0395 
146      146  (18)      1 :  0.3665 0.1117 0.0000 0.5217 0.0000 
147      147   (6)      1 :  0.0039 0.9470 0.0000 0.0005 0.0486 
148      148  (24)      1 :  0.3622 0.1152 0.0000 0.5227 0.0000 
149      149   (6)      1 :  0.0000 0.9413 0.0011 0.0007 0.0568 
150      150  (20)      1 :  0.0010 0.9585 0.0000 0.0013 0.0391 
151      151   (5)      1 :  0.0000 0.9649 0.0000 0.0000 0.0351 
152      152   (6)      1 :  0.0000 0.9518 0.0027 0.0000 0.0454 
153      153   (7)      1 :  0.0010 0.9572 0.0013 0.0011 0.0394 
154      154   (5)      1 :  0.0000 0.9506 0.0000 0.0000 0.0494 
155      155   (6)      1 :  0.0000 0.9532 0.0006 0.0000 0.0462 
156      156   (5)      1 :  0.0000 0.9607 0.0011 0.0000 0.0382 
157      157   (5)      1 :  0.0000 0.9606 0.0019 0.0002 0.0373 
158      158   (5)      1 :  0.0000 0.9487 0.0000 0.0003 0.0510 
159      159   (6)      1 :  0.0000 0.9565 0.0011 0.0000 0.0424 
160      160   (5)      1 :  0.0000 0.9550 0.0000 0.0000 0.0450 
161      161   (5)      1 :  0.0000 0.9543 0.0000 0.0000 0.0457 
162      162   (7)      1 :  0.0008 0.9471 0.0000 0.0011 0.0510 
163      163   (7)      1 :  0.0000 0.9488 0.0000 0.0000 0.0512 
164      164   (8)      1 :  0.0000 0.9495 0.0016 0.0001 0.0489 
165      165   (6)      1 :  0.0000 0.9558 0.0000 0.0000 0.0442 
166      166  (15)      1 :  0.0000 0.9471 0.0026 0.0001 0.0502 
167      167   (6)      1 :  0.0000 0.9581 0.0000 0.0016 0.0403 
168      168   (5)      1 :  0.0000 0.9597 0.0000 0.0000 0.0403 
169      169   (5)      1 :  0.0000 0.9600 0.0000 0.0000 0.0400 
170      170  (34)      1 :  0.0000 0.9548 0.0008 0.0003 0.0442 
171      171   (6)      1 :  0.0000 0.9539 0.0000 0.0007 0.0453 
172      172   (5)      1 :  0.0000 0.9615 0.0000 0.0000 0.0385 
173      173   (7)      1 :  0.0000 0.9493 0.0000 0.0000 0.0506 
174      174   (5)      1 :  0.0000 0.9485 0.0000 0.0000 0.0515 
175      175  (14)      1 :  0.0008 0.9281 0.0000 0.0002 0.0709 
176      176  (12)      1 :  0.0000 0.9302 0.0000 0.0000 0.0698 
177      177  (13)      1 :  0.0000 0.9237 0.0000 0.0000 0.0763 
178      178  (13)      1 :  0.0000 0.9241 0.0000 0.0000 0.0759 
179      179  (22)      1 :  0.0000 0.9328 0.0000 0.0008 0.0665 
180      180  (19)      1 :  0.0031 0.9177 0.0000 0.0021 0.0771 
181      181  (16)      1 :  0.0000 0.9314 0.0007 0.0001 0.0677 
182      182  (15)      1 :  0.0000 0.9301 0.0000 0.0000 0.0699 
183      183  (18)      1 :  0.0000 0.9277 0.0000 0.0015 0.0708 
184      184  (19)      1 :  0.0000 0.9273 0.0000 0.0000 0.0727 
185      185  (12)      1 :  0.0000 0.9340 0.0000 0.0009 0.0652 
186      186  (22)      1 :  0.9586 0.0029 0.0000 0.0385 0.0000 
187      187  (13)      1 :  0.0000 0.9287 0.0032 0.0000 0.0681 
188      188  (20)      1 :  0.3659 0.1148 0.0000 0.5193 0.0000 
189      189  (21)      1 :  0.0000 0.9581 0.0000 0.0000 0.0419 
190      190  (20)      1 :  0.0000 0.9647 0.0000 0.0000 0.0353 
191      191  (12)      1 :  0.0000 0.9230 0.0003 0.0049 0.0719 
192      192  (19)      1 :  0.8330 0.0306 0.0000 0.1363 0.0002 
193      193  (12)      1 :  0.0003 0.9254 0.0000 0.0053 0.0691 
194      194  (14)      1 :  0.0042 0.9093 0.0000 0.0276 0.0590 
195      195  (17)      1 :  0.0080 0.9178 0.0000 0.0007 0.0735 
196      196  (18)      1 :  0.0006 0.9092 0.0028 0.0161 0.0712 
197      197  (13)      1 :  0.0001 0.9296 0.0000 0.0035 0.0668 
198      198  (26)      1 :  0.0092 0.8738 0.0001 0.0009 0.1160 
199      199   (7)      1 :  0.0000 0.8760 0.0000 0.0000 0.1240 
200      200  (14)      1 :  0.0000 0.8782 0.0000 0.0000 0.1217 
201      201   (9)      1 :  0.0000 0.8760 0.0000 0.0000 0.1240 
202      202  (12)      1 :  0.0000 0.8736 0.0000 0.0000 0.1264 
203      203  (14)      1 :  0.0000 0.8745 0.0000 0.0000 0.1255 
204      204   (8)      1 :  0.0000 0.8849 0.0000 0.0000 0.1152 
205      205   (8)      1 :  0.0000 0.8765 0.0000 0.0000 0.1235 
206      206   (9)      1 :  0.0000 0.8788 0.0000 0.0000 0.1212 
207      207   (8)      1 :  0.0000 0.8745 0.0000 0.0000 0.1255 
208      208  (15)      1 :  0.0000 0.8761 0.0000 0.0000 0.1239 
209      209   (6)      1 :  0.0000 0.8729 0.0013 0.0001 0.1257 
210      210   (7)      1 :  0.0000 0.8716 0.0011 0.0001 0.1272 
211      211   (7)      1 :  0.0036 0.8678 0.0065 0.0013 0.1208 
212      212   (7)      1 :  0.0030 0.8623 0.0018 0.0012 0.1318 
213      213   (6)      1 :  0.0014 0.8753 0.0000 0.0009 0.1224 
214      214   (6)      1 :  0.0000 0.8667 0.0023 0.0000 0.1310 
215      215   (8)      1 :  0.0000 0.8717 0.0030 0.0000 0.1253 
216      216   (8)      1 :  0.0026 0.8696 0.0032 0.0006 0.1239 
217      217   (7)      1 :  0.0004 0.8831 0.0000 0.0001 0.1163 
218      218   (6)      1 :  0.0025 0.8773 0.0001 0.0009 0.1191 
219      219  (13)      1 :  0.0033 0.8732 0.0000 0.0002 0.1234 
220      220  (12)      1 :  0.0000 0.8892 0.0000 0.0002 0.1106 
221      221   (6)      1 :  0.0000 0.8905 0.0000 0.0005 0.1090 
222      222  (13)      1 :  0.0000 0.8925 0.0000 0.0000 0.1075 
223      223  (10)      1 :  0.0012 0.8774 0.0009 0.0010 0.1195 
224      224   (6)      1 :  0.0000 0.8847 0.0000 0.0000 0.1153 
225      225   (7)      1 :  0.0005 0.8760 0.0000 0.0000 0.1235 
226      226   (7)      1 :  0.0004 0.8833 0.0000 0.0007 0.1155 
227      227   (7)      1 :  0.0013 0.8787 0.0000 0.0033 0.1167 
228      228   (5)      1 :  0.0000 0.8780 0.0000 0.0000 0.1220 
229      229  (12)      1 :  0.0000 0.8873 0.0000 0.0000 0.1127 
230      230   (5)      1 :  0.0000 0.8736 0.0000 0.0000 0.1264 
231      231   (3)      1 :  0.0000 0.9017 0.0000 0.0001 0.0982 
232      232  (21)      1 :  0.0000 0.0053 0.5937 0.0018 0.3993 
233      233  (14)      1 :  0.0008 0.0002 0.5964 0.0026 0.4001 
234      234  (15)      1 :  0.0041 0.0024 0.5899 0.0017 0.4019 
235      235  (17)      1 :  0.0016 0.0010 0.5958 0.0009 0.4008 
236      236  (12)      1 :  0.0002 0.0000 0.5998 0.0000 0.4000 
237      237  (19)      1 :  0.0000 0.0000 0.6000 0.0000 0.4000 
238      238   (4)      1 :  0.0000 0.0000 0.6000 0.0000 0.4000 
239      239   (4)      1 :  0.0000 0.0000 0.6000 0.0000 0.4000 
240      240   (3)      1 :  0.0000 0.0000 0.6000 0.0000 0.4000 
241      241   (3)      1 :  0.0000 0.0000 0.6000 0.0000 0.4000 
242      242   (3)      1 :  0.0000 0.0000 0.6004 0.0000 0.3996 
243      243   (3)      1 :  0.0000 0.0000 0.6000 0.0000 0.4000 
244      244   (3)      1 :  0.0000 0.0000 0.6000 0.0000 0.4000 
245      245   (4)      1 :  0.0000 0.0001 0.6009 0.0001 0.3990 
246      246   (3)      1 :  0.0000 0.0000 0.6000 0.0000 0.4000 
247      247   (3)      1 :  0.0000 0.0000 0.6000 0.0000 0.4000 
248      248   (3)      1 :  0.0000 0.0000 0.6000 0.0000 0.4000 
249      249   (4)      1 :  0.0000 0.0000 0.6000 0.0000 0.4000 
250      250   (3)      1 :  0.0000 0.0000 0.6000 0.0000 0.4000 
251      251  (11)      1 :  0.0000 0.0000 0.6000 0.0000 0.4000 
252      252   (3)      1 :  0.0000 0.0002 0.5998 0.0000 0.4000 
253      253   (3)      1 :  0.0000 0.0000 0.6000 0.0000 0.4000 
254      254   (3)      1 :  0.0000 0.0000 0.6000 0.0000 0.4000 
255      255   (6)      1 :  0.0000 0.0006 0.5997 0.0005 0.3992 
256      256   (4)      1 :  0.0000 0.0000 0.6000 0.0000 0.4000 
257      257   (4)      1 :  0.0000 0.0000 0.6000 0.0000 0.4000 
258      258   (4)      1 :  0.0000 0.0000 0.6011 0.0000 0.3988 
259      259   (6)      1 :  0.0000 0.0000 0.6000 0.0000 0.4000 
260      260   (6)      1 :  0.0000 0.0000 0.5999 0.0001 0.4000 
261      261   (6)      1 :  0.0000 0.0000 0.6000 0.0000 0.4000 
262      262   (6)      1 :  0.0000 0.0000 0.6000 0.0000 0.4000 
263      263   (8)      1 :  0.0012 0.0009 0.6014 0.0020 0.3945 
264      264   (8)      1 :  0.0000 0.0000 0.6062 0.0000 0.3938 
265      265   (8)      1 :  0.0000 0.0000 0.6000 0.0000 0.4000 
266      266   (8)      1 :  0.0041 0.0006 0.6058 0.0036 0.3860 
267      267   (4)      1 :  0.0000 0.0000 0.6000 0.0000 0.4000 
268      268   (4)      1 :  0.0000 0.0000 0.6008 0.0000 0.3992 
269      269   (4)      1 :  0.0000 0.0000 0.6000 0.0000 0.4000 
270      270   (5)      1 :  0.0000 0.0000 0.6000 0.0000 0.4000 
271      271   (5)      1 :  0.0000 0.0000 0.6004 0.0000 0.3996 
272      272   (3)      1 :  0.0000 0.0000 0.6000 0.0000 0.4000 
273      273   (4)      1 :  0.0000 0.0000 0.6000 0.0000 0.4000 
274      274   (4)      1 :  0.0000 0.0000 0.6000 0.0000 0.4000 
275      275   (3)      1 :  0.0000 0.0000 0.6000 0.0000 0.4000 
276      276  (14)      1 :  0.0002 0.0000 0.5998 0.0000 0.4000 
277      277   (4)      1 :  0.0000 0.0000 0.6000 0.0000 0.4000 
278      278   (4)      1 :  0.0000 0.0000 0.6000 0.0000 0.4000 
279      279   (3)      1 :  0.0000 0.0000 0.6004 0.0000 0.3996 
280      280   (3)      1 :  0.0000 0.0000 0.6000 0.0000 0.4000 
281      281   (3)      1 :  0.0000 0.0000 0.6000 0.0000 0.4000 
282      282   (3)      1 :  0.0000 0.0000 0.6000 0.0000 0.4000 
283      283   (3)      1 :  0.0000 0.0000 0.6000 0.0000 0.4000 
284      284   (5)      1 :  0.0000 0.0000 0.6000 0.0000 0.4000 
285      285   (5)      1 :  0.0000 0.0000 0.6000 0.0000 0.4000 
286      286  (10)      1 :  0.0000 0.0000 1.0000 0.0000 0.0000 
287      287   (7)      1 :  0.0000 0.0006 0.9992 0.0002 0.0000 
288      288   (7)      1 :  0.0000 0.0012 0.9986 0.0001 0.0000 
289      289   (9)      1 :  0.0000 0.0000 1.0000 0.0000 0.0000 
290      290   (7)      1 :  0.0000 0.0000 1.0000 0.0000 0.0000 
291      291  (18)      1 :  0.0048 0.0000 0.9931 0.0005 0.0016 
292      292   (5)      1 :  0.0000 0.0000 1.0000 0.0000 0.0000 
293      293   (5)      1 :  0.0000 0.0000 1.0000 0.0000 0.0000 
294      294  (19)      1 :  0.0000 0.0000 1.0000 0.0000 0.0000 
295      295   (7)      1 :  0.0000 0.0012 0.9980 0.0004 0.0004 
296      296   (6)      1 :  0.0026 0.0003 0.9965 0.0007 0.0000 
297      297   (7)      1 :  0.0006 0.0000 0.9973 0.0006 0.0015 
298      298   (9)      1 :  0.0031 0.0007 0.9937 0.0023 0.0002 
299      299   (6)      1 :  0.0002 0.0000 0.9996 0.0002 0.0000 
300      300   (7)      1 :  0.0004 0.0051 0.9932 0.0011 0.0002 
301      301   (5)      1 :  0.0000 0.0005 0.9992 0.0003 0.0000 
302      302   (5)      1 :  0.0000 0.0015 0.9985 0.0000 0.0000 
303      303  (15)      1 :  0.0000 0.0000 1.0000 0.0000 0.0000 
304      304   (6)      1 :  0.0000 0.0000 0.9992 0.0003 0.0006 
305      305  (30)      1 :  0.0020 0.0010 0.9909 0.0032 0.0030 
306      306  (10)      1 :  0.0002 0.0052 0.9867 0.0006 0.0074 
307      307   (1)      1 :  0.0000 0.0000 1.0000 0.0000 0.0000 
308      308   (1)      1 :  0.0000 0.0000 1.0000 0.0000 0.0000 
309      309   (1)      1 :  0.0002 0.0002 0.9989 0.0003 0.0004 
310      310   (4)      1 :  0.0000 0.0000 1.0000 0.0000 0.0000 
311      311   (5)      1 :  0.0000 0.0000 1.0000 0.0000 0.0000 
312      312   (1)      1 :  0.0000 0.0000 1.0000 0.0000 0.0000 
313      313   (1)      1 :  0.0000 0.0000 1.0000 0.0000 0.0000 
314      314   (1)      1 :  0.0000 0.0000 0.9972 0.0000 0.0028 
315      315   (1)      1 :  0.0000 0.0000 1.0000 0.0000 0.0000 
316      316  (15)      1 :  0.0006 0.0000 0.9978 0.0003 0.0013 
317      317  (11)      1 :  0.0000 0.0000 1.0000 0.0000 0.0000 
318      318   (9)      1 :  0.0000 0.0000 1.0000 0.0000 0.0000 
319      319  (10)      1 :  0.0000 0.0003 0.9996 0.0001 0.0000 
320      320  (12)      1 :  0.0000 0.0000 1.0000 0.0000 0.0000 
321      321   (8)      1 :  0.0000 0.0000 1.0000 0.0000 0.0000 
322      322  (11)      1 :  0.0000 0.0000 1.0000 0.0000 0.0000 
323      323   (8)      1 :  0.0000 0.0000 1.0000 0.0000 0.0000 
324      324  (16)      1 :  0.0000 0.0000 1.0000 0.0000 0.0000 
325      325  (16)      1 :  0.0000 0.0008 0.9984 0.0001 0.0008 
326      326  (14)      1 :  0.0007 0.0016 0.9925 0.0012 0.0040 
327      327  (17)      1 :  0.0000 0.0000 1.0000 0.0000 0.0000 
328      328  (11)      1 :  0.0000 0.0000 1.0000 0.0000 0.0000 
329      329  (16)      1 :  0.0000 0.0000 1.0000 0.0000 0.0000 
330      330  (18)      1 :  0.0025 0.0056 0.9876 0.0013 0.0030 
331      331  (10)      1 :  0.0003 0.0005 0.9963 0.0005 0.0024 
332      332  (18)      1 :  0.0014 0.0003 0.9900 0.0017 0.0065 
333      333  (14)      1 :  0.0000 0.0000 1.0000 0.0000 0.0000 
334      334  (11)      1 :  0.0000 0.0000 1.0000 0.0000 0.0000 
335      335  (13)      1 :  0.0000 0.0000 0.9996 0.0001 0.0003 
336      336  (14)      1 :  0.0000 0.0018 0.9976 0.0000 0.0006 
337      337  (16)      1 :  0.0005 0.0004 0.9989 0.0002 0.0000 
338      338  (14)      1 :  0.0000 0.0000 1.0000 0.0000 0.0000 
339      339  (17)      1 :  0.0000 0.0000 0.9996 0.0000 0.0003 
340      340  (13)      1 :  0.0008 0.0000 0.9991 0.0001 0.0000 
341      341  (13)      1 :  0.0014 0.0000 0.9983 0.0003 0.0000 
342      342  (10)      1 :  0.0000 0.0000 1.0000 0.0000 0.0000 
343      343   (5)      1 :  0.0000 0.0000 1.0000 0.0000 0.0000 
344      344   (9)      1 :  0.0000 0.0000 1.0000 0.0000 0.0000 
345      345  (13)      1 :  0.0000 0.0000 1.0000 0.0000 0.0000 
