  1        1  (10)      1 :  1.0000 0.0000 0.0000 
  2        2  (11)      1 :  1.0000 0.0000 0.0000 
  3        3   (8)      1 :  1.0000 0.0000 0.0000 
  4        4   (9)      1 :  1.0000 0.0000 0.0000 
  5        5   (6)      1 :  1.0000 0.0000 0.0000 
  6        6  (13)      1 :  1.0000 0.0000 0.0000 
  7        7   (8)      1 :  1.0000 0.0000 0.0000 
  8        8  (13)      1 :  1.0000 0.0000 0.0000 
  9        9  (10)      1 :  1.0000 0.0000 0.0000 
 10       10   (9)      1 :  0.9990 0.0002 0.0009 
 11       11   (8)      1 :  1.0000 0.0000 0.0000 
 12       12  (10)      1 :  0.9991 0.0009 0.0000 
 13       13  (17)      1 :  0.9983 0.0017 0.0000 
 14       14  (17)      1 :  1.0000 0.0000 0.0000 
 15       15  (17)      1 :  0.9982 0.0010 0.0008 
 16       16  (17)      1 :  1.0000 0.0000 0.0000 
 17       17  (10)      1 :  1.0000 0.0000 0.0000 
 18       18   (9)      1 :  1.0000 0.0000 0.0000 
 19       19  (13)      1 :  1.0000 0.0000 0.0000 
 20       20  (12)      1 :  1.0000 0.0000 0.0000 
 21       21  (11)      1 :  0.9983 0.0017 0.0000 
 22       22  (16)      1 :  0.9996 0.0003 0.0000 
 23       23  (11)      1 :  1.0000 0.0000 0.0000 
 24       24  (10)      1 :  1.0000 0.0000 0.0000 
 25       25  (11)      1 :  1.0000 0.0000 0.0000 
 26       26  (23)      1 :  0.9940 0.0060 0.0000 
 27       27  (10)      1 :  1.0000 0.0000 0.0000 
 28       28  (11)      1 :  1.0000 0.0000 0.0000 
 29       29   (9)      1 :  1.0000 0.0000 0.0000 
 30       30  (14)      1 :  1.0000 0.0000 0.0000 
 31       31  (19)      1 :  1.0000 0.0000 0.0000 
 32       32  (14)      1 :  1.0000 0.0000 0.0000 
 33       33  (17)      1 :  1.0000 0.0000 0.0000 
 34       34  (36)      1 :  0.9982 0.0002 0.0017 
 35       35  (10)      1 :  1.0000 0.0000 0.0000 
 36       36   (9)      1 :  0.6243 0.3757 0.0000 
 37       37   (9)      1 :  0.6438 0.3561 0.0000 
 38       38   (8)      1 :  0.6396 0.3604 0.0000 
 39       39   (9)      1 :  0.6277 0.3723 0.0000 
 40       40   (9)      1 :  0.6133 0.3868 0.0000 
 41       41   (9)      1 :  0.6566 0.3434 0.0000 
 42       42   (8)      1 :  0.6464 0.3536 0.0000 
 43       43  (16)      1 :  0.6507 0.3493 0.0000 
 44       44   (6)      1 :  0.6455 0.3545 0.0000 
 45       45  (10)      1 :  0.6260 0.3740 0.0000 
 46       46  (22)      1 :  0.5852 0.4148 0.0000 
 47       47   (8)      1 :  0.6217 0.3783 0.0000 
 48       48  (18)      1 :  1.0000 0.0000 0.0000 
 49       49   (6)      1 :  0.6166 0.3833 0.0000 
 50       50  (23)      1 :  0.6254 0.3746 0.0000 
 51       51   (7)      1 :  0.6164 0.3836 0.0000 
 52       52  (27)      1 :  0.5948 0.4018 0.0034 
 53       53   (7)      1 :  0.6141 0.3851 0.0009 
 54       54  (20)      1 :  0.9541 0.0459 0.0000 
 55       55   (7)      1 :  0.6198 0.3802 0.0000 
 56       56   (9)      1 :  0.6080 0.3920 0.0000 
 57       57  (23)      1 :  0.5886 0.4114 0.0000 
 58       58   (8)      1 :  0.6404 0.3595 0.0000 
 59       59   (9)      1 :  0.6429 0.3534 0.0037 
 60       60  (16)      1 :  0.6331 0.3644 0.0026 
 61       61   (8)      1 :  0.6241 0.3759 0.0000 
 62       62   (7)      1 :  0.6240 0.3743 0.0017 
 63       63  (20)      1 :  0.9847 0.0153 0.0000 
 64       64   (8)      1 :  0.6509 0.3466 0.0026 
 65       65  (12)      1 :  0.6201 0.3800 0.0000 
 66       66  (14)      1 :  0.9677 0.0323 0.0000 
 67       67  (13)      1 :  0.9788 0.0213 0.0000 
 68       68  (12)      1 :  0.9447 0.0552 0.0000 
 69       69   (8)      1 :  0.9328 0.0671 0.0000 
 70       70   (5)      1 :  0.9516 0.0485 0.0000 
 71       71  (10)      1 :  0.9872 0.0128 0.0000 
 72       72  (11)      1 :  0.9498 0.0501 0.0000 
 73       73  (12)      1 :  0.9872 0.0128 0.0000 
 74       74  (25)      1 :  0.9745 0.0255 0.0000 
 75       75  (13)      1 :  0.9617 0.0383 0.0000 
 76       76  (11)      1 :  0.9514 0.0469 0.0017 
 77       77  (15)      1 :  0.6277 0.3723 0.0000 
 78       78  (16)      1 :  1.0000 0.0000 0.0000 
 79       79   (8)      1 :  0.9605 0.0368 0.0027 
 80       80  (15)      1 :  0.1500 0.8500 0.0000 
 81       81   (6)      1 :  0.9586 0.0414 0.0000 
 82       82   (7)      1 :  0.9482 0.0518 0.0000 
 83       83   (7)      1 :  0.9498 0.0501 0.0000 
 84       84  (22)      1 :  0.1500 0.8500 0.0000 
 85       85   (7)      1 :  0.9720 0.0272 0.0008 
 86       86  (17)      1 :  1.0000 0.0000 0.0000 
 87       87   (5)      1 :  0.9549 0.0451 0.0000 
 88       88  (12)      1 :  0.9779 0.0221 0.0000 
 89       89   (7)      1 :  0.9414 0.0586 0.0000 
 90       90  (25)      1 :  0.9677 0.0323 0.0000 
 91       91   (8)      1 :  0.9405 0.0595 0.0000 
 92       92   (6)      1 :  0.9626 0.0374 0.0000 
 93       93   (6)      1 :  0.9600 0.0400 0.0000 
 94       94   (6)      1 :  0.9712 0.0288 0.0000 
 95       95   (6)      1 :  0.9821 0.0179 0.0000 
 96       96   (6)      1 :  0.9898 0.0102 0.0000 
 97       97  (10)      1 :  0.9949 0.0051 0.0000 
 98       98  (15)      1 :  0.9847 0.0153 0.0000 
 99       99  (12)      1 :  0.9983 0.0017 0.0000 
100      100  (12)      1 :  1.0000 0.0000 0.0000 
101      101  (10)      1 :  0.9961 0.0002 0.0037 
102      102   (5)      1 :  1.0000 0.0000 0.0000 
103      103   (5)      1 :  1.0000 0.0000 0.0000 
104      104   (5)      1 :  1.0000 0.0000 0.0000 
105      105   (6)      1 :  1.0000 0.0000 0.0000 
106      106  (10)      1 :  1.0000 0.0000 0.0000 
107      107   (5)      1 :  0.9990 0.0010 0.0000 
108      108   (5)      1 :  0.9991 0.0000 0.0009 
109      109  (11)      1 :  0.9991 0.0000 0.0009 
110      110   (9)      1 :  0.9991 0.0000 0.0009 
111      111  (18)      1 :  0.9973 0.0010 0.0017 
112      112  (14)      1 :  0.9991 0.0009 0.0000 
113      113   (5)      1 :  1.0000 0.0000 0.0000 
114      114   (7)      1 :  1.0000 0.0000 0.0000 
115      115   (6)      1 :  1.0000 0.0000 0.0000 
116      116   (6)      1 :  1.0000 0.0000 0.0000 
117      117  (14)      1 :  0.9898 0.0094 0.0009 
118      118   (5)      1 :  1.0000 0.0000 0.0000 
119      119   (7)      1 :  0.9961 0.0005 0.0034 
120      120   (7)      1 :  0.9977 0.0008 0.0015 
121      121   (6)      1 :  0.9991 0.0000 0.0009 
122      122   (6)      1 :  0.9974 0.0026 0.0000 
123      123   (7)      1 :  0.9930 0.0053 0.0017 
124      124  (12)      1 :  0.9983 0.0000 0.0017 
125      125   (6)      1 :  1.0000 0.0000 0.0000 
126      126  (11)      1 :  0.9947 0.0036 0.0017 
127      127   (5)      1 :  1.0000 0.0000 0.0000 
128      128   (6)      1 :  1.0000 0.0000 0.0000 
129      129  (19)      1 :  0.9779 0.0204 0.0017 
130      130  (22)      1 :  1.0000 0.0000 0.0000 
131      131  (18)      1 :  0.9872 0.0128 0.0000 
132      132  (17)      1 :  0.9855 0.0145 0.0000 
133      133  (22)      1 :  1.0000 0.0000 0.0000 
134      134  (23)      1 :  0.1500 0.8500 0.0000 
135      135  (27)      1 :  0.1500 0.8500 0.0000 
136      136  (10)      1 :  0.1500 0.8500 0.0000 
137      137   (8)      1 :  0.1500 0.8500 0.0000 
138      138   (8)      1 :  0.1500 0.8500 0.0000 
139      139  (12)      1 :  0.1500 0.8500 0.0000 
140      140  (15)      1 :  0.1508 0.8492 0.0000 
141      141   (9)      1 :  0.1500 0.8500 0.0000 
142      142  (12)      1 :  0.1500 0.8500 0.0000 
143      143   (8)      1 :  0.1500 0.8500 0.0000 
144      144  (10)      1 :  0.1500 0.8500 0.0000 
145      145   (8)      1 :  0.1500 0.8500 0.0000 
146      146  (18)      1 :  0.6217 0.3783 0.0000 
147      147   (6)      1 :  0.1542 0.8457 0.0000 
148      148  (24)      1 :  0.6108 0.3892 0.0000 
149      149   (6)      1 :  0.1498 0.8484 0.0017 
150      150  (20)      1 :  0.1517 0.8483 0.0000 
151      151   (5)      1 :  0.1500 0.8500 0.0000 
152      152   (6)      1 :  0.1500 0.8474 0.0026 
153      153   (7)      1 :  0.1508 0.8475 0.0017 
154      154   (5)      1 :  0.1500 0.8500 0.0000 
155      155   (6)      1 :  0.1498 0.8493 0.0009 
156      156   (5)      1 :  0.1498 0.8492 0.0010 
157      157   (5)      1 :  0.1496 0.8479 0.0026 
158      158   (5)      1 :  0.1500 0.8500 0.0000 
159      159   (6)      1 :  0.1498 0.8493 0.0009 
160      160   (5)      1 :  0.1500 0.8500 0.0000 
161      161   (5)      1 :  0.1500 0.8500 0.0000 
162      162   (7)      1 :  0.1509 0.8491 0.0000 
163      163   (7)      1 :  0.1500 0.8500 0.0000 
164      164   (8)      1 :  0.1496 0.8479 0.0026 
165      165   (6)      1 :  0.1500 0.8500 0.0000 
166      166  (15)      1 :  0.1498 0.8475 0.0027 
167      167   (6)      1 :  0.1500 0.8500 0.0000 
168      168   (5)      1 :  0.1500 0.8500 0.0000 
169      169   (5)      1 :  0.1500 0.8500 0.0000 
170      170  (34)      1 :  0.1498 0.8484 0.0017 
171      171   (6)      1 :  0.1500 0.8500 0.0000 
172      172   (5)      1 :  0.1500 0.8500 0.0000 
173      173   (7)      1 :  0.1500 0.8500 0.0000 
174      174   (5)      1 :  0.1500 0.8500 0.0000 
175      175  (14)      1 :  0.1508 0.8492 0.0000 
176      176  (12)      1 :  0.1500 0.8500 0.0000 
177      177  (13)      1 :  0.1500 0.8500 0.0000 
178      178  (13)      1 :  0.1500 0.8500 0.0000 
179      179  (22)      1 :  0.1500 0.8500 0.0000 
180      180  (19)      1 :  0.1534 0.8466 0.0000 
181      181  (16)      1 :  0.1500 0.8492 0.0009 
182      182  (15)      1 :  0.1500 0.8500 0.0000 
183      183  (18)      1 :  0.1500 0.8500 0.0000 
184      184  (19)      1 :  0.1500 0.8500 0.0000 
185      185  (12)      1 :  0.1500 0.8500 0.0000 
186      186  (22)      1 :  0.9915 0.0085 0.0000 
187      187  (13)      1 :  0.1492 0.8463 0.0044 
188      188  (20)      1 :  0.6116 0.3883 0.0000 
189      189  (21)      1 :  0.1500 0.8500 0.0000 
190      190  (20)      1 :  0.1500 0.8500 0.0000 
191      191  (12)      1 :  0.1500 0.8492 0.0009 
192      192  (19)      1 :  0.9056 0.0944 0.0000 
193      193  (12)      1 :  0.1508 0.8492 0.0000 
194      194  (14)      1 :  0.1602 0.8398 0.0000 
195      195  (17)      1 :  0.1568 0.8432 0.0000 
196      196  (18)      1 :  0.1539 0.8432 0.0029 
197      197  (13)      1 :  0.1508 0.8492 0.0000 
198      198  (26)      1 :  0.1585 0.8407 0.0008 
199      199   (7)      1 :  0.1500 0.8500 0.0000 
200      200  (14)      1 :  0.1500 0.8500 0.0000 
201      201   (9)      1 :  0.1500 0.8500 0.0000 
202      202  (12)      1 :  0.1500 0.8500 0.0000 
203      203  (14)      1 :  0.1500 0.8500 0.0000 
204      204   (8)      1 :  0.1500 0.8500 0.0000 
205      205   (8)      1 :  0.1500 0.8500 0.0000 
206      206   (9)      1 :  0.1500 0.8500 0.0000 
207      207   (8)      1 :  0.1508 0.8492 0.0000 
208      208  (15)      1 :  0.1500 0.8500 0.0000 
209      209   (6)      1 :  0.1497 0.8481 0.0022 
210      210   (7)      1 :  0.1497 0.8486 0.0017 
211      211   (7)      1 :  0.1533 0.8399 0.0067 
212      212   (7)      1 :  0.1545 0.8421 0.0034 
213      213   (6)      1 :  0.1526 0.8475 0.0000 
214      214   (6)      1 :  0.1497 0.8475 0.0029 
215      215   (8)      1 :  0.1492 0.8465 0.0043 
216      216   (8)      1 :  0.1522 0.8418 0.0060 
217      217   (7)      1 :  0.1508 0.8492 0.0000 
218      218   (6)      1 :  0.1534 0.8466 0.0000 
219      219  (13)      1 :  0.1534 0.8466 0.0000 
220      220  (12)      1 :  0.1500 0.8500 0.0000 
221      221   (6)      1 :  0.1500 0.8500 0.0000 
222      222  (13)      1 :  0.1500 0.8500 0.0000 
223      223  (10)      1 :  0.1507 0.8476 0.0017 
224      224   (6)      1 :  0.1500 0.8500 0.0000 
225      225   (7)      1 :  0.1508 0.8492 0.0000 
226      226   (7)      1 :  0.1508 0.8492 0.0000 
227      227   (7)      1 :  0.1526 0.8475 0.0000 
228      228   (5)      1 :  0.1500 0.8500 0.0000 
229      229  (12)      1 :  0.1500 0.8500 0.0000 
230      230   (5)      1 :  0.1500 0.8500 0.0000 
231      231   (3)      1 :  0.1500 0.8500 0.0000 
232      232  (21)      1 :  0.0009 0.1576 0.8415 
233      233  (14)      1 :  0.0028 0.1522 0.8450 
234      234  (15)      1 :  0.0089 0.1548 0.8364 
235      235  (17)      1 :  0.0040 0.1520 0.8441 
236      236  (12)      1 :  0.0009 0.1500 0.8492 
237      237  (19)      1 :  0.0000 0.1500 0.8500 
238      238   (4)      1 :  0.0000 0.1500 0.8500 
239      239   (4)      1 :  0.0000 0.1500 0.8500 
240      240   (3)      1 :  0.0000 0.1500 0.8500 
241      241   (3)      1 :  0.0000 0.1500 0.8500 
242      242   (3)      1 :  0.0000 0.1498 0.8501 
243      243   (3)      1 :  0.0000 0.1500 0.8500 
244      244   (3)      1 :  0.0000 0.1500 0.8500 
245      245   (4)      1 :  0.0008 0.1506 0.8485 
246      246   (3)      1 :  0.0000 0.1500 0.8500 
247      247   (3)      1 :  0.0000 0.1500 0.8500 
248      248   (3)      1 :  0.0000 0.1500 0.8500 
249      249   (4)      1 :  0.0000 0.1500 0.8500 
250      250   (3)      1 :  0.0000 0.1500 0.8500 
251      251  (11)      1 :  0.0000 0.1500 0.8500 
252      252   (3)      1 :  0.0000 0.1500 0.8500 
253      253   (3)      1 :  0.0000 0.1500 0.8500 
254      254   (3)      1 :  0.0000 0.1500 0.8500 
255      255   (6)      1 :  0.0000 0.1508 0.8492 
256      256   (4)      1 :  0.0000 0.1500 0.8500 
257      257   (4)      1 :  0.0000 0.1500 0.8500 
258      258   (4)      1 :  0.0000 0.1498 0.8501 
259      259   (6)      1 :  0.0000 0.1500 0.8500 
260      260   (6)      1 :  0.0000 0.1500 0.8500 
261      261   (6)      1 :  0.0000 0.1500 0.8500 
262      262   (6)      1 :  0.0000 0.1500 0.8500 
263      263   (8)      1 :  0.0034 0.1507 0.8459 
264      264   (8)      1 :  0.0000 0.1479 0.8521 
265      265   (8)      1 :  0.0000 0.1500 0.8500 
266      266   (8)      1 :  0.0102 0.1463 0.8435 
267      267   (4)      1 :  0.0000 0.1500 0.8500 
268      268   (4)      1 :  0.0000 0.1498 0.8501 
269      269   (4)      1 :  0.0000 0.1500 0.8500 
270      270   (5)      1 :  0.0000 0.1500 0.8500 
271      271   (5)      1 :  0.0000 0.1498 0.8501 
272      272   (3)      1 :  0.0000 0.1500 0.8500 
273      273   (4)      1 :  0.0000 0.1500 0.8500 
274      274   (4)      1 :  0.0000 0.1500 0.8500 
275      275   (3)      1 :  0.0000 0.1500 0.8500 
276      276  (14)      1 :  0.0009 0.1500 0.8492 
277      277   (4)      1 :  0.0000 0.1500 0.8500 
278      278   (4)      1 :  0.0000 0.1500 0.8500 
279      279   (3)      1 :  0.0000 0.1498 0.8501 
280      280   (3)      1 :  0.0000 0.1500 0.8500 
281      281   (3)      1 :  0.0000 0.1500 0.8500 
282      282   (3)      1 :  0.0000 0.1500 0.8500 
283      283   (3)      1 :  0.0000 0.1500 0.8500 
284      284   (5)      1 :  0.0000 0.1500 0.8500 
285      285   (5)      1 :  0.0000 0.1500 0.8500 
286      286  (10)      1 :  0.0000 0.0000 1.0000 
287      287   (7)      1 :  0.0003 0.0000 0.9997 
288      288   (7)      1 :  0.0005 0.0009 0.9987 
289      289   (9)      1 :  0.0000 0.0000 1.0000 
290      290   (7)      1 :  0.0000 0.0000 1.0000 
291      291  (18)      1 :  0.0047 0.0003 0.9950 
292      292   (5)      1 :  0.0000 0.0000 1.0000 
293      293   (5)      1 :  0.0000 0.0000 1.0000 
294      294  (19)      1 :  0.0000 0.0000 1.0000 
295      295   (7)      1 :  0.0006 0.0002 0.9992 
296      296   (6)      1 :  0.0021 0.0000 0.9979 
297      297   (7)      1 :  0.0005 0.0005 0.9991 
298      298   (9)      1 :  0.0042 0.0009 0.9950 
299      299   (6)      1 :  0.0002 0.0000 0.9999 
300      300   (7)      1 :  0.0016 0.0034 0.9950 
301      301   (5)      1 :  0.0003 0.0000 0.9997 
302      302   (5)      1 :  0.0006 0.0009 0.9986 
303      303  (15)      1 :  0.0000 0.0000 1.0000 
304      304   (6)      1 :  0.0001 0.0002 0.9997 
305      305  (30)      1 :  0.0051 0.0015 0.9935 
306      306  (10)      1 :  0.0013 0.0068 0.9919 
307      307   (1)      1 :  0.0000 0.0000 1.0000 
308      308   (1)      1 :  0.0000 0.0000 1.0000 
309      309   (1)      1 :  0.0003 0.0000 0.9997 
310      310   (4)      1 :  0.0000 0.0000 1.0000 
311      311   (5)      1 :  0.0000 0.0000 1.0000 
312      312   (1)      1 :  0.0000 0.0000 1.0000 
313      313   (1)      1 :  0.0000 0.0000 1.0000 
314      314   (1)      1 :  0.0000 0.0011 0.9990 
315      315   (1)      1 :  0.0000 0.0000 1.0000 
316      316  (15)      1 :  0.0005 0.0003 0.9992 
317      317  (11)      1 :  0.0000 0.0000 1.0000 
318      318   (9)      1 :  0.0000 0.0000 1.0000 
319      319  (10)      1 :  0.0002 0.0000 0.9999 
320      320  (12)      1 :  0.0000 0.0000 1.0000 
321      321   (8)      1 :  0.0000 0.0000 1.0000 
322      322  (11)      1 :  0.0000 0.0000 1.0000 
323      323   (8)      1 :  0.0000 0.0000 1.0000 
324      324  (16)      1 :  0.0000 0.0000 1.0000 
325      325  (16)      1 :  0.0003 0.0002 0.9995 
326      326  (14)      1 :  0.0013 0.0029 0.9958 
327      327  (17)      1 :  0.0000 0.0000 1.0000 
328      328  (11)      1 :  0.0000 0.0000 1.0000 
329      329  (16)      1 :  0.0000 0.0000 1.0000 
330      330  (18)      1 :  0.0031 0.0057 0.9912 
331      331  (10)      1 :  0.0006 0.0006 0.9988 
332      332  (18)      1 :  0.0021 0.0021 0.9958 
333      333  (14)      1 :  0.0000 0.0000 1.0000 
334      334  (11)      1 :  0.0000 0.0000 1.0000 
335      335  (13)      1 :  0.0000 0.0002 0.9999 
336      336  (14)      1 :  0.0006 0.0010 0.9984 
337      337  (16)      1 :  0.0005 0.0000 0.9995 
338      338  (14)      1 :  0.0000 0.0000 1.0000 
339      339  (17)      1 :  0.0000 0.0000 1.0000 
340      340  (13)      1 :  0.0005 0.0000 0.9995 
341      341  (13)      1 :  0.0013 0.0000 0.9987 
342      342  (10)      1 :  0.0000 0.0000 1.0000 
343      343   (5)      1 :  0.0000 0.0000 1.0000 
344      344   (9)      1 :  0.0000 0.0000 1.0000 
345      345  (13)      1 :  0.0000 0.0000 1.0000 
