[mcxarray] read table with 20 rows and 20 columns
[mcxarray] 400 entries in table
[mclIO] writing <->
....................
[mclIO] wrote native interchange 20x20 matrix with 400 entries to stream <->
[mclIO] reading <->
....................
[mclIO] read native interchange 20x20 matrix with 400 entries
[mcxarray] read table with 20 rows and 20 columns
[mcxarray] 400 entries in table
[mclIO] writing <->
....................
[mclIO] wrote native interchange 20x20 matrix with 400 entries to stream <->
[mclIO] reading <->
....................
[mclIO] read native interchange 20x20 matrix with 400 entries
[mcl] pid 3340388
 ite --------------------  chaos  time hom(avg,lo,hi) m-ie m-ex i-ex fmv
  1  ....................   0.00  0.00 1.00/1.00/1.00 1.00 1.00 1.00 100
[mcl] jury pruning marks: <100,100,100>, out of 100
[mcl] jury pruning synopsis: <100.0 or really really really good> (cf -scheme, -do log)
[mclIO] writing </scratch/utr_gronefeld/clumpak/K=2/MCL.files/MCL.out>
.
[mclIO] wrote native interchange 20x1 matrix with 20 entries to stream </scratch/utr_gronefeld/clumpak/K=2/MCL.files/MCL.out>
[mcl] 1 clusters found
[mcl] output is in /scratch/utr_gronefeld/clumpak/K=2/MCL.files/MCL.out

Please cite:
    Stijn van Dongen, Graph Clustering by Flow Simulation.  PhD thesis,
    University of Utrecht, May 2000.
       (  http://www.library.uu.nl/digiarchief/dip/diss/1895620/full.pdf
       or  http://micans.org/mcl/lit/svdthesis.pdf.gz)
OR
    Stijn van Dongen, A cluster algorithm for graphs. Technical
    Report INS-R0010, National Research Institute for Mathematics
    and Computer Science in the Netherlands, Amsterdam, May 2000.
       (  http://www.cwi.nl/ftp/CWIreports/INS/INS-R0010.ps.Z
       or  http://micans.org/mcl/lit/INS-R0010.ps.Z)

[mcxarray] read table with 20 rows and 20 columns
[mcxarray] 400 entries in table
[mclIO] writing <->
....................
[mclIO] wrote native interchange 20x20 matrix with 400 entries to stream <->
[mclIO] reading <->
....................
[mclIO] read native interchange 20x20 matrix with 400 entries
[mcxarray] read table with 20 rows and 20 columns
[mcxarray] 400 entries in table
[mclIO] writing <->
....................
[mclIO] wrote native interchange 20x20 matrix with 400 entries to stream <->
[mclIO] reading <->
....................
[mclIO] read native interchange 20x20 matrix with 400 entries
[mcl] pid 3340410
 ite --------------------  chaos  time hom(avg,lo,hi) m-ie m-ex i-ex fmv
  1  ....................   0.05  0.00 1.02/0.97/1.31 1.00 1.00 1.00 100
  2  ....................   0.04  0.00 0.95/0.88/0.96 1.00 1.00 1.00 100
  3  ....................   0.01  0.00 0.98/0.97/0.98 1.00 1.00 1.00 100
  4  ....................   0.00  0.00 1.00/1.00/1.00 1.00 1.00 1.00 100
  5  ....................   0.00  0.00 1.00/1.00/1.00 1.00 0.85 0.85 100
  6  ....................   0.00  0.00 1.00/1.00/1.00 1.00 1.00 0.85 100
  7  ....................   0.00  0.00 1.00/1.00/1.00 1.00 1.00 0.85 100
  8  ....................   0.00  0.00 1.00/1.00/1.00 1.00 1.00 0.85 100
  9  ....................   0.01  0.00 1.00/1.00/1.00 1.00 1.00 0.85 100
 10  ....................   0.01  0.00 1.00/1.00/1.00 1.00 1.00 0.85 100
 11  ....................   0.02  0.00 1.00/1.00/1.00 1.00 1.00 0.85 100
 12  ....................   0.04  0.00 1.00/1.00/1.00 1.00 1.00 0.85 100
 13  ....................   0.08  0.00 0.99/0.99/0.99 1.00 1.00 0.85 100
 14  ....................   0.16  0.00 0.97/0.97/0.97 1.00 1.00 0.85 100
 15  ....................   0.30  0.00 0.89/0.89/0.89 1.00 1.00 0.85 100
 16  ....................   0.55  0.00 0.73/0.73/0.73 1.00 1.00 0.85 100
 17  ....................   0.92  0.00 0.60/0.60/0.60 1.00 1.00 0.85 100
 18  ....................   1.27  0.00 0.61/0.61/0.61 1.00 1.00 0.85 100
 19  ....................   1.03  0.00 0.66/0.66/0.66 1.00 0.76 0.65 100
 20  ....................   0.35  0.00 0.82/0.82/0.82 1.00 0.61 0.40 100
 21  ....................   0.02  0.00 0.98/0.98/0.98 0.99 0.62 0.25 100
 22  ....................   0.00  0.00 1.00/1.00/1.00 0.99 0.40 0.10 100
[mcl] jury pruning marks: <100,100,100>, out of 100
[mcl] jury pruning synopsis: <100.0 or really really really good> (cf -scheme, -do log)
[mclIO] writing </scratch/utr_gronefeld/clumpak/K=3/MCL.files/MCL.out>
.
[mclIO] wrote native interchange 20x1 matrix with 20 entries to stream </scratch/utr_gronefeld/clumpak/K=3/MCL.files/MCL.out>
[mcl] 1 clusters found
[mcl] output is in /scratch/utr_gronefeld/clumpak/K=3/MCL.files/MCL.out

Please cite:
    Stijn van Dongen, Graph Clustering by Flow Simulation.  PhD thesis,
    University of Utrecht, May 2000.
       (  http://www.library.uu.nl/digiarchief/dip/diss/1895620/full.pdf
       or  http://micans.org/mcl/lit/svdthesis.pdf.gz)
OR
    Stijn van Dongen, A cluster algorithm for graphs. Technical
    Report INS-R0010, National Research Institute for Mathematics
    and Computer Science in the Netherlands, Amsterdam, May 2000.
       (  http://www.cwi.nl/ftp/CWIreports/INS/INS-R0010.ps.Z
       or  http://micans.org/mcl/lit/INS-R0010.ps.Z)

[mcxarray] read table with 20 rows and 20 columns
[mcxarray] 400 entries in table
[mclIO] writing <->
....................
[mclIO] wrote native interchange 20x20 matrix with 400 entries to stream <->
[mclIO] reading <->
....................
[mclIO] read native interchange 20x20 matrix with 400 entries
[mcxarray] read table with 20 rows and 20 columns
[mcxarray] 400 entries in table
[mclIO] writing <->
....................
[mclIO] wrote native interchange 20x20 matrix with 400 entries to stream <->
[mclIO] reading <->
....................
[mclIO] read native interchange 20x20 matrix with 400 entries
[mcl] transform: went from 380 to 316 entries
[mcl] pid 3340432
 ite --------------------  chaos  time hom(avg,lo,hi) m-ie m-ex i-ex fmv
  1  ....................   0.47  0.00 0.99/0.94/1.13 1.19 1.19 1.19 100
  2  ....................   0.21  0.00 1.01/0.92/1.22 1.00 0.84 1.00 100
  3  ....................   0.12  0.00 0.93/0.81/1.00 1.19 0.62 0.62 100
  4  ....................   0.03  0.00 0.96/0.84/1.00 1.00 1.00 0.62 100
  5  ....................   0.00  0.00 1.00/1.00/1.00 1.00 1.00 0.62 100
  6  ....................   0.00  0.00 1.00/1.00/1.00 1.00 0.77 0.47 100
  7  ....................   0.00  0.00 1.00/1.00/1.00 0.99 0.99 0.47 100
  8  ....................   0.01  0.00 1.00/1.00/1.00 0.99 0.99 0.47 100
  9  ....................   0.01  0.00 1.00/1.00/1.00 0.99 0.99 0.47 100
 10  ....................   0.03  0.00 1.00/1.00/1.00 0.99 0.99 0.47 100
 11  ....................   0.06  0.00 1.00/1.00/1.00 0.99 0.99 0.47 100
 12  ....................   0.12  0.00 0.99/0.99/0.99 0.99 0.99 0.47 100
 13  ....................   0.23  0.00 0.97/0.95/0.98 0.99 0.99 0.47 100
 14  ....................   0.47  0.00 0.88/0.83/0.92 0.99 0.99 0.47 100
 15  ....................   0.93  0.00 0.69/0.57/0.77 0.99 0.99 0.47 100
 16  ....................   1.53  0.00 0.51/0.44/0.55 0.99 0.99 0.47 100
 17  ....................   1.47  0.00 0.58/0.50/0.68 0.99 0.99 0.47 100
 18  ....................   1.00  0.00 0.80/0.69/0.95 0.99 0.82 0.39 100
 19  ....................   0.08  0.00 0.97/0.95/1.00 0.99 0.39 0.15 100
 20  ....................   0.00  0.00 1.00/1.00/1.00 0.98 0.83 0.13 100
 21  ....................   0.00  0.00 1.00/1.00/1.00 0.98 0.44 0.06  60
[mcl] jury pruning marks: <100,99,99>, out of 100
[mcl] jury pruning synopsis: <99.6 or perfect> (cf -scheme, -do log)
[mclIO] writing </scratch/utr_gronefeld/clumpak/K=4/MCL.files/MCL.out>
..
[mclIO] wrote native interchange 20x2 matrix with 20 entries to stream </scratch/utr_gronefeld/clumpak/K=4/MCL.files/MCL.out>
[mcl] 2 clusters found
[mcl] output is in /scratch/utr_gronefeld/clumpak/K=4/MCL.files/MCL.out

Please cite:
    Stijn van Dongen, Graph Clustering by Flow Simulation.  PhD thesis,
    University of Utrecht, May 2000.
       (  http://www.library.uu.nl/digiarchief/dip/diss/1895620/full.pdf
       or  http://micans.org/mcl/lit/svdthesis.pdf.gz)
OR
    Stijn van Dongen, A cluster algorithm for graphs. Technical
    Report INS-R0010, National Research Institute for Mathematics
    and Computer Science in the Netherlands, Amsterdam, May 2000.
       (  http://www.cwi.nl/ftp/CWIreports/INS/INS-R0010.ps.Z
       or  http://micans.org/mcl/lit/INS-R0010.ps.Z)

[mcxarray] read table with 20 rows and 20 columns
[mcxarray] 400 entries in table
[mclIO] writing <->
....................
[mclIO] wrote native interchange 20x20 matrix with 400 entries to stream <->
[mclIO] reading <->
....................
[mclIO] read native interchange 20x20 matrix with 400 entries
[mcxarray] read table with 20 rows and 20 columns
[mcxarray] 400 entries in table
[mclIO] writing <->
....................
[mclIO] wrote native interchange 20x20 matrix with 400 entries to stream <->
[mclIO] reading <->
....................
[mclIO] read native interchange 20x20 matrix with 400 entries
[mcl] transform: went from 380 to 230 entries
[mcl] pid 3340521
 ite --------------------  chaos  time hom(avg,lo,hi) m-ie m-ex i-ex fmv
  1  ....................   0.58  0.00 1.01/0.93/1.24 1.45 1.45 1.45 100
  2  ....................   0.40  0.00 0.93/0.87/1.04 1.10 0.62 0.91 100
  3  ....................   0.30  0.00 0.86/0.78/1.13 1.21 0.91 0.83 100
  4  ....................   0.27  0.00 0.84/0.76/0.97 1.00 1.00 0.83 100
  5  ....................   0.13  0.00 0.88/0.64/0.98 1.00 0.82 0.69 100
  6  ....................   0.01  0.00 0.99/0.98/1.00 0.99 0.81 0.56 100
  7  ....................   0.00  0.00 1.00/1.00/1.00 0.99 0.65 0.37 100
  8  ....................   0.00  0.00 1.00/1.00/1.00 0.99 0.99 0.37 100
  9  ....................   0.01  0.00 1.00/1.00/1.00 0.99 0.99 0.37 100
 10  ....................   0.02  0.00 1.00/1.00/1.00 0.99 0.99 0.37 100
 11  ....................   0.03  0.00 0.99/0.99/1.00 0.99 0.99 0.37 100
 12  ....................   0.06  0.00 0.98/0.97/0.98 0.99 0.99 0.37 100
 13  ....................   0.09  0.00 0.94/0.93/0.95 0.99 0.99 0.37 100
 14  ....................   0.11  0.00 0.91/0.90/0.91 0.99 0.99 0.37 100
 15  ....................   0.11  0.00 0.91/0.90/0.91 0.99 0.99 0.37 100
 16  ....................   0.11  0.00 0.92/0.90/0.94 0.99 0.99 0.37 100
 17  ....................   0.14  0.00 0.92/0.91/0.92 0.99 0.86 0.32 100
 18  ....................   0.12  0.00 0.93/0.86/0.98 0.99 0.89 0.29 100
 19  ....................   0.07  0.00 0.96/0.90/1.00 0.99 0.99 0.29 100
 20  ....................   0.01  0.00 0.99/0.98/1.00 0.99 0.82 0.24 100
 21  ....................   0.00  0.00 1.00/1.00/1.00 0.98 0.98 0.24 100
 22  ....................   0.00  0.00 1.00/1.00/1.00 0.98 0.85 0.21 100
[mcl] jury pruning marks: <100,99,100>, out of 100
[mcl] jury pruning synopsis: <99.8 or perfect> (cf -scheme, -do log)
[mclIO] writing </scratch/utr_gronefeld/clumpak/K=5/MCL.files/MCL.out>
..
[mclIO] wrote native interchange 20x2 matrix with 20 entries to stream </scratch/utr_gronefeld/clumpak/K=5/MCL.files/MCL.out>
[mcl] 2 clusters found
[mcl] output is in /scratch/utr_gronefeld/clumpak/K=5/MCL.files/MCL.out

Please cite:
    Stijn van Dongen, Graph Clustering by Flow Simulation.  PhD thesis,
    University of Utrecht, May 2000.
       (  http://www.library.uu.nl/digiarchief/dip/diss/1895620/full.pdf
       or  http://micans.org/mcl/lit/svdthesis.pdf.gz)
OR
    Stijn van Dongen, A cluster algorithm for graphs. Technical
    Report INS-R0010, National Research Institute for Mathematics
    and Computer Science in the Netherlands, Amsterdam, May 2000.
       (  http://www.cwi.nl/ftp/CWIreports/INS/INS-R0010.ps.Z
       or  http://micans.org/mcl/lit/INS-R0010.ps.Z)

