1        1  (10)      1  : 0.9943 0.0000 0.0000 0.0000 0.0057
2        2  (11)      1  : 0.9942 0.0000 0.0000 0.0000 0.0058
3        3   (8)      1  : 0.9947 0.0000 0.0000 0.0000 0.0053
4        4   (9)      1  : 0.9981 0.0000 0.0000 0.0000 0.0019
5        5   (6)      1  : 0.9897 0.0000 0.0000 0.0000 0.0103
6        6  (13)      1  : 0.9925 0.0000 0.0000 0.0000 0.0075
7        7   (8)      1  : 0.9951 0.0000 0.0000 0.0000 0.0049
8        8  (13)      1  : 0.9913 0.0000 0.0000 0.0000 0.0087
9        9  (10)      1  : 0.9870 0.0000 0.0000 0.0000 0.0130
10       10   (9)      1  : 0.9917 0.0013 0.0000 0.0001 0.0069
11       11   (8)      1  : 0.9885 0.0000 0.0000 0.0000 0.0115
12       12  (10)      1  : 0.8611 0.0000 0.0005 0.0000 0.1384
13       13  (17)      1  : 0.8492 0.0000 0.0013 0.0000 0.1495
14       14  (17)      1  : 0.8577 0.0000 0.0000 0.0000 0.1423
15       15  (17)      1  : 0.8447 0.0007 0.0008 0.0001 0.1538
16       16  (17)      1  : 0.8450 0.0000 0.0000 0.0000 0.1550
17       17  (10)      1  : 0.8500 0.0000 0.0000 0.0000 0.1500
18       18   (9)      1  : 0.8469 0.0000 0.0000 0.0000 0.1531
19       19  (13)      1  : 0.8422 0.0000 0.0000 0.0000 0.1578
20       20  (12)      1  : 0.8460 0.0000 0.0000 0.0000 0.1540
21       21  (11)      1  : 0.8444 0.0000 0.0008 0.0007 0.1540
22       22  (16)      1  : 0.8490 0.0000 0.0000 0.0000 0.1510
23       23  (11)      1  : 0.8441 0.0000 0.0000 0.0000 0.1559
24       24  (10)      1  : 0.8492 0.0000 0.0000 0.0000 0.1508
25       25  (11)      1  : 0.8493 0.0000 0.0000 0.0000 0.1507
26       26  (23)      1  : 0.8424 0.0000 0.0036 0.0000 0.1540
27       27  (10)      1  : 0.8472 0.0000 0.0000 0.0000 0.1528
28       28  (11)      1  : 0.8525 0.0000 0.0000 0.0000 0.1475
29       29   (9)      1  : 0.8512 0.0000 0.0000 0.0000 0.1488
30       30  (14)      1  : 0.8503 0.0000 0.0000 0.0000 0.1497
31       31  (19)      1  : 0.8552 0.0000 0.0000 0.0000 0.1448
32       32  (14)      1  : 0.8542 0.0000 0.0000 0.0000 0.1458
33       33  (17)      1  : 0.8501 0.0000 0.0000 0.0000 0.1499
34       34  (36)      1  : 0.8517 0.0016 0.0000 0.0000 0.1467
35       35  (10)      1  : 0.8512 0.0000 0.0000 0.0000 0.1488
36       36   (9)      1  : 0.3521 0.0000 0.0425 0.6051 0.0003
37       37   (9)      1  : 0.3683 0.0000 0.0349 0.5964 0.0003
38       38   (8)      1  : 0.3637 0.0000 0.0353 0.6009 0.0000
39       39   (9)      1  : 0.3529 0.0000 0.0368 0.6103 0.0000
40       40   (9)      1  : 0.3436 0.0000 0.0663 0.5890 0.0012
41       41   (9)      1  : 0.3852 0.0000 0.0340 0.5806 0.0002
42       42   (8)      1  : 0.3783 0.0000 0.0350 0.5867 0.0000
43       43  (16)      1  : 0.3796 0.0000 0.0342 0.5858 0.0003
44       44   (6)      1  : 0.3665 0.0000 0.0351 0.5984 0.0000
45       45  (10)      1  : 0.3280 0.0000 0.0367 0.6352 0.0002
46       46  (22)      1  : 0.2690 0.0000 0.0407 0.6904 0.0000
47       47   (8)      1  : 0.3463 0.0000 0.0371 0.6163 0.0003
48       48  (18)      1  : 1.0000 0.0000 0.0000 0.0000 0.0000
49       49   (6)      1  : 0.3257 0.0000 0.0376 0.6367 0.0000
50       50  (23)      1  : 0.3556 0.0000 0.0370 0.6075 0.0000
51       51   (7)      1  : 0.3622 0.0000 0.0397 0.5976 0.0005
52       52  (27)      1  : 0.2752 0.0006 0.0392 0.6843 0.0007
53       53   (7)      1  : 0.3329 0.0001 0.0377 0.6293 0.0000
54       54  (20)      1  : 0.9007 0.0000 0.0045 0.0946 0.0002
55       55   (7)      1  : 0.3534 0.0000 0.0493 0.5972 0.0000
56       56   (9)      1  : 0.3521 0.0000 0.0431 0.6032 0.0016
57       57  (23)      1  : 0.2965 0.0000 0.0407 0.6628 0.0000
58       58   (8)      1  : 0.3611 0.0000 0.0352 0.6037 0.0000
59       59   (9)      1  : 0.3567 0.0011 0.0354 0.6053 0.0016
60       60  (16)      1  : 0.3507 0.0001 0.0365 0.6120 0.0008
61       61   (8)      1  : 0.3575 0.0000 0.0367 0.6056 0.0001
62       62   (7)      1  : 0.3630 0.0001 0.0423 0.5927 0.0019
63       63  (20)      1  : 0.9419 0.0000 0.0015 0.0564 0.0002
64       64   (8)      1  : 0.3896 0.0000 0.0371 0.5726 0.0008
65       65  (12)      1  : 0.3679 0.0000 0.0398 0.5914 0.0008
66       66  (14)      1  : 0.9232 0.0000 0.0032 0.0736 0.0000
67       67  (13)      1  : 0.9340 0.0000 0.0021 0.0638 0.0002
68       68  (12)      1  : 0.8817 0.0000 0.0054 0.1128 0.0000
69       69   (8)      1  : 0.8613 0.0000 0.0066 0.1309 0.0012
70       70   (5)      1  : 0.8864 0.0000 0.0047 0.1085 0.0003
71       71  (10)      1  : 0.9567 0.0000 0.0013 0.0419 0.0002
72       72  (11)      1  : 0.8893 0.0000 0.0049 0.1058 0.0000
73       73  (12)      1  : 0.9466 0.0000 0.0013 0.0521 0.0000
74       74  (25)      1  : 0.9326 0.0000 0.0025 0.0649 0.0000
75       75  (13)      1  : 0.9096 0.0000 0.0037 0.0867 0.0000
76       76  (11)      1  : 0.8901 0.0006 0.0046 0.1047 0.0001
77       77  (15)      1  : 0.3576 0.0000 0.0412 0.6007 0.0006
78       78  (16)      1  : 0.8533 0.0000 0.0000 0.0000 0.1467
79       79   (8)      1  : 0.9067 0.0025 0.0034 0.0864 0.0010
80       80  (15)      1  : 0.0000 0.0000 0.9384 0.0000 0.0616
81       81   (6)      1  : 0.8913 0.0000 0.0040 0.1030 0.0017
82       82   (7)      1  : 0.8837 0.0000 0.0051 0.1107 0.0005
83       83   (7)      1  : 0.8806 0.0000 0.0049 0.1145 0.0000
84       84  (22)      1  : 0.0000 0.0000 0.7818 0.0000 0.2183
85       85   (7)      1  : 0.9187 0.0000 0.0026 0.0785 0.0002
86       86  (17)      1  : 1.0000 0.0000 0.0000 0.0000 0.0000
87       87   (5)      1  : 0.8973 0.0000 0.0044 0.0983 0.0000
88       88  (12)      1  : 0.9373 0.0000 0.0022 0.0605 0.0000
89       89   (7)      1  : 0.8685 0.0000 0.0058 0.1258 0.0000
90       90  (25)      1  : 0.9186 0.0000 0.0031 0.0781 0.0002
91       91   (8)      1  : 0.8642 0.0000 0.0058 0.1299 0.0000
92       92   (6)      1  : 0.9066 0.0000 0.0037 0.0897 0.0000
93       93   (6)      1  : 0.9051 0.0000 0.0039 0.0908 0.0002
94       94   (6)      1  : 0.9224 0.0000 0.0028 0.0748 0.0000
95       95   (6)      1  : 0.9400 0.0000 0.0018 0.0581 0.0002
96       96   (6)      1  : 0.9511 0.0000 0.0010 0.0463 0.0016
97       97  (10)      1  : 0.9842 0.0000 0.0003 0.0149 0.0005
98       98  (15)      1  : 0.9417 0.0000 0.0015 0.0566 0.0002
99       99  (12)      1  : 0.8432 0.0000 0.0020 0.0000 0.1548
100      100  (12)      1  : 1.0000 0.0000 0.0000 0.0000 0.0000
101      101  (10)      1  : 0.9909 0.0038 0.0005 0.0044 0.0004
102      102   (5)      1  : 0.9998 0.0000 0.0000 0.0000 0.0002
103      103   (5)      1  : 1.0000 0.0000 0.0000 0.0000 0.0000
104      104   (5)      1  : 0.9998 0.0000 0.0000 0.0000 0.0002
105      105   (6)      1  : 1.0000 0.0000 0.0000 0.0000 0.0000
106      106  (10)      1  : 1.0000 0.0000 0.0000 0.0000 0.0000
107      107   (5)      1  : 0.9960 0.0000 0.0008 0.0028 0.0003
108      108   (5)      1  : 0.9982 0.0010 0.0000 0.0001 0.0007
109      109  (11)      1  : 0.9971 0.0006 0.0000 0.0010 0.0013
110      110   (9)      1  : 0.9969 0.0010 0.0000 0.0001 0.0020
111      111  (18)      1  : 0.9938 0.0017 0.0008 0.0008 0.0028
112      112  (14)      1  : 0.9988 0.0000 0.0005 0.0007 0.0000
113      113   (5)      1  : 0.9992 0.0000 0.0000 0.0008 0.0000
114      114   (7)      1  : 0.9985 0.0003 0.0000 0.0008 0.0004
115      115   (6)      1  : 1.0000 0.0000 0.0000 0.0000 0.0000
116      116   (6)      1  : 0.9976 0.0000 0.0000 0.0024 0.0000
117      117  (14)      1  : 0.9870 0.0005 0.0098 0.0001 0.0026
118      118   (5)      1  : 1.0000 0.0000 0.0000 0.0000 0.0000
119      119   (7)      1  : 0.9961 0.0039 0.0000 0.0000 0.0000
120      120   (7)      1  : 0.9955 0.0015 0.0006 0.0012 0.0012
121      121   (6)      1  : 0.9987 0.0008 0.0000 0.0000 0.0005
122      122   (6)      1  : 0.9959 0.0000 0.0013 0.0010 0.0018
123      123   (7)      1  : 0.9859 0.0017 0.0016 0.0075 0.0033
124      124  (12)      1  : 0.9963 0.0019 0.0000 0.0008 0.0009
125      125   (6)      1  : 1.0000 0.0000 0.0000 0.0000 0.0000
126      126  (11)      1  : 0.9918 0.0012 0.0013 0.0012 0.0045
127      127   (5)      1  : 0.9993 0.0000 0.0000 0.0008 0.0000
128      128   (6)      1  : 1.0000 0.0000 0.0000 0.0000 0.0000
129      129  (19)      1  : 0.9379 0.0010 0.0020 0.0583 0.0008
130      130  (22)      1  : 1.0000 0.0000 0.0000 0.0000 0.0000
131      131  (18)      1  : 0.9388 0.0000 0.0013 0.0579 0.0020
132      132  (17)      1  : 0.9437 0.0000 0.0014 0.0548 0.0000
133      133  (22)      1  : 0.8448 0.0000 0.0000 0.0000 0.1552
134      134  (23)      1  : 0.0000 0.0000 0.9453 0.0000 0.0547
135      135  (27)      1  : 0.0000 0.0000 0.9333 0.0000 0.0667
136      136  (10)      1  : 0.0000 0.0000 0.9255 0.0000 0.0745
137      137   (8)      1  : 0.0000 0.0000 0.9217 0.0000 0.0783
138      138   (8)      1  : 0.0000 0.0000 0.9194 0.0000 0.0806
139      139  (12)      1  : 0.0000 0.0000 0.9296 0.0000 0.0704
140      140  (15)      1  : 0.0000 0.0000 0.9129 0.0029 0.0842
141      141   (9)      1  : 0.0000 0.0000 0.9193 0.0000 0.0807
142      142  (12)      1  : 0.0000 0.0000 0.9270 0.0000 0.0730
143      143   (8)      1  : 0.0000 0.0000 0.9205 0.0000 0.0795
144      144  (10)      1  : 0.0000 0.0000 0.9221 0.0000 0.0779
145      145   (8)      1  : 0.0000 0.0000 0.9342 0.0000 0.0658
146      146  (18)      1  : 0.3207 0.0000 0.0371 0.6422 0.0000
147      147   (6)      1  : 0.0035 0.0000 0.9153 0.0004 0.0808
148      148  (24)      1  : 0.3181 0.0000 0.0391 0.6428 0.0000
149      149   (6)      1  : 0.0000 0.0019 0.9038 0.0009 0.0934
150      150  (20)      1  : 0.0010 0.0000 0.9326 0.0013 0.0651
151      151   (5)      1  : 0.0000 0.0000 0.9415 0.0000 0.0585
152      152   (6)      1  : 0.0000 0.0032 0.9218 0.0000 0.0751
153      153   (7)      1  : 0.0008 0.0015 0.9311 0.0009 0.0656
154      154   (5)      1  : 0.0000 0.0000 0.9177 0.0000 0.0823
155      155   (6)      1  : 0.0000 0.0010 0.9227 0.0000 0.0763
156      156   (5)      1  : 0.0000 0.0012 0.9352 0.0000 0.0636
157      157   (5)      1  : 0.0000 0.0032 0.9369 0.0000 0.0599
158      158   (5)      1  : 0.0000 0.0000 0.9149 0.0002 0.0849
159      159   (6)      1  : 0.0000 0.0016 0.9285 0.0000 0.0700
160      160   (5)      1  : 0.0000 0.0000 0.9251 0.0000 0.0749
161      161   (5)      1  : 0.0000 0.0000 0.9238 0.0000 0.0762
162      162   (7)      1  : 0.0007 0.0000 0.9136 0.0010 0.0848
163      163   (7)      1  : 0.0000 0.0000 0.9147 0.0000 0.0853
164      164   (8)      1  : 0.0000 0.0026 0.9179 0.0001 0.0794
165      165   (6)      1  : 0.0000 0.0000 0.9264 0.0000 0.0736
166      166  (15)      1  : 0.0000 0.0029 0.9133 0.0001 0.0837
167      167   (6)      1  : 0.0000 0.0000 0.9311 0.0017 0.0672
168      168   (5)      1  : 0.0000 0.0000 0.9328 0.0000 0.0672
169      169   (5)      1  : 0.0000 0.0000 0.9333 0.0000 0.0667
170      170  (34)      1  : 0.0000 0.0013 0.9257 0.0001 0.0730
171      171   (6)      1  : 0.0000 0.0000 0.9239 0.0009 0.0752
172      172   (5)      1  : 0.0000 0.0000 0.9358 0.0000 0.0642
173      173   (7)      1  : 0.0000 0.0000 0.9156 0.0000 0.0844
174      174   (5)      1  : 0.0000 0.0000 0.9141 0.0000 0.0859
175      175  (14)      1  : 0.0008 0.0000 0.8809 0.0000 0.1183
176      176  (12)      1  : 0.0000 0.0000 0.8837 0.0000 0.1163
177      177  (13)      1  : 0.0000 0.0000 0.8729 0.0000 0.1271
178      178  (13)      1  : 0.0000 0.0000 0.8736 0.0000 0.1264
179      179  (22)      1  : 0.0000 0.0000 0.8883 0.0009 0.1108
180      180  (19)      1  : 0.0028 0.0000 0.8662 0.0024 0.1285
181      181  (16)      1  : 0.0000 0.0005 0.8866 0.0001 0.1129
182      182  (15)      1  : 0.0000 0.0000 0.8835 0.0000 0.1165
183      183  (18)      1  : 0.0000 0.0000 0.8804 0.0016 0.1181
184      184  (19)      1  : 0.0000 0.0000 0.8788 0.0000 0.1212
185      185  (12)      1  : 0.0000 0.0000 0.8904 0.0009 0.1086
186      186  (22)      1  : 0.9522 0.0000 0.0007 0.0470 0.0000
187      187  (13)      1  : 0.0000 0.0050 0.8849 0.0000 0.1101
188      188  (20)      1  : 0.3224 0.0000 0.0384 0.6391 0.0000
189      189  (21)      1  : 0.0000 0.0000 0.9302 0.0000 0.0698
190      190  (20)      1  : 0.0000 0.0000 0.9412 0.0000 0.0588
191      191  (12)      1  : 0.0000 0.0002 0.8751 0.0048 0.1199
192      192  (19)      1  : 0.8198 0.0000 0.0120 0.1678 0.0003
193      193  (12)      1  : 0.0001 0.0000 0.8789 0.0058 0.1152
194      194  (14)      1  : 0.0024 0.0000 0.8658 0.0335 0.0983
195      195  (17)      1  : 0.0080 0.0000 0.8686 0.0008 0.1226
196      196  (18)      1  : 0.0002 0.0028 0.8600 0.0184 0.1186
197      197  (13)      1  : 0.0000 0.0000 0.8849 0.0038 0.1113
198      198  (26)      1  : 0.0087 0.0002 0.7968 0.0011 0.1933
199      199   (7)      1  : 0.0000 0.0000 0.7934 0.0000 0.2066
200      200  (14)      1  : 0.0000 0.0000 0.7971 0.0000 0.2029
201      201   (9)      1  : 0.0000 0.0000 0.7933 0.0000 0.2067
202      202  (12)      1  : 0.0000 0.0000 0.7894 0.0000 0.2106
203      203  (14)      1  : 0.0000 0.0000 0.7909 0.0000 0.2091
204      204   (8)      1  : 0.0000 0.0000 0.8081 0.0000 0.1919
205      205   (8)      1  : 0.0000 0.0000 0.7942 0.0000 0.2058
206      206   (9)      1  : 0.0000 0.0000 0.7980 0.0000 0.2020
207      207   (8)      1  : 0.0000 0.0000 0.7909 0.0000 0.2091
208      208  (15)      1  : 0.0000 0.0000 0.7935 0.0000 0.2065
209      209   (6)      1  : 0.0000 0.0022 0.7896 0.0001 0.2081
210      210   (7)      1  : 0.0000 0.0019 0.7879 0.0001 0.2101
211      211   (7)      1  : 0.0033 0.0070 0.7880 0.0010 0.2007
212      212   (7)      1  : 0.0025 0.0029 0.7773 0.0008 0.2165
213      213   (6)      1  : 0.0011 0.0000 0.7940 0.0009 0.2040
214      214   (6)      1  : 0.0000 0.0025 0.7791 0.0000 0.2184
215      215   (8)      1  : 0.0000 0.0050 0.7901 0.0000 0.2049
216      216   (8)      1  : 0.0022 0.0054 0.7905 0.0007 0.2012
217      217   (7)      1  : 0.0001 0.0000 0.8060 0.0001 0.1939
218      218   (6)      1  : 0.0017 0.0002 0.7992 0.0010 0.1979
219      219  (13)      1  : 0.0031 0.0000 0.7913 0.0000 0.2056
220      220  (12)      1  : 0.0000 0.0000 0.8157 0.0000 0.1843
221      221   (6)      1  : 0.0000 0.0000 0.8179 0.0004 0.1817
222      222  (13)      1  : 0.0000 0.0000 0.8208 0.0000 0.1792
223      223  (10)      1  : 0.0010 0.0015 0.7987 0.0009 0.1979
224      224   (6)      1  : 0.0000 0.0000 0.8079 0.0000 0.1921
225      225   (7)      1  : 0.0001 0.0000 0.7940 0.0000 0.2059
226      226   (7)      1  : 0.0003 0.0000 0.8065 0.0007 0.1925
227      227   (7)      1  : 0.0011 0.0000 0.8008 0.0037 0.1944
228      228   (5)      1  : 0.0000 0.0000 0.7966 0.0000 0.2034
229      229  (12)      1  : 0.0000 0.0000 0.8121 0.0000 0.1879
230      230   (5)      1  : 0.0000 0.0000 0.7894 0.0000 0.2106
231      231   (3)      1  : 0.0000 0.0000 0.8362 0.0002 0.1637
232      232  (21)      1  : 0.0000 0.9894 0.0057 0.0027 0.0022
233      233  (14)      1  : 0.0010 0.9940 0.0001 0.0038 0.0011
234      234  (15)      1  : 0.0042 0.9832 0.0034 0.0012 0.0080
235      235  (17)      1  : 0.0017 0.9924 0.0010 0.0008 0.0042
236      236  (12)      1  : 0.0003 0.9997 0.0000 0.0000 0.0000
237      237  (19)      1  : 0.0000 1.0000 0.0000 0.0000 0.0000
238      238   (4)      1  : 0.0000 1.0000 0.0000 0.0000 0.0000
239      239   (4)      1  : 0.0000 1.0000 0.0000 0.0000 0.0000
240      240   (3)      1  : 0.0000 1.0000 0.0000 0.0000 0.0000
241      241   (3)      1  : 0.0000 1.0000 0.0000 0.0000 0.0000
242      242   (3)      1  : 0.0000 1.0000 0.0000 0.0000 0.0000
243      243   (3)      1  : 0.0000 1.0000 0.0000 0.0000 0.0000
244      244   (3)      1  : 0.0000 1.0000 0.0000 0.0000 0.0000
245      245   (4)      1  : 0.0000 0.9995 0.0001 0.0001 0.0003
246      246   (3)      1  : 0.0000 1.0000 0.0000 0.0000 0.0000
247      247   (3)      1  : 0.0000 1.0000 0.0000 0.0000 0.0000
248      248   (3)      1  : 0.0000 1.0000 0.0000 0.0000 0.0000
249      249   (4)      1  : 0.0000 1.0000 0.0000 0.0000 0.0000
250      250   (3)      1  : 0.0000 1.0000 0.0000 0.0000 0.0000
251      251  (11)      1  : 0.0000 1.0000 0.0000 0.0000 0.0000
252      252   (3)      1  : 0.0000 0.9997 0.0003 0.0000 0.0000
253      253   (3)      1  : 0.0000 1.0000 0.0000 0.0000 0.0000
254      254   (3)      1  : 0.0000 1.0000 0.0000 0.0000 0.0000
255      255   (6)      1  : 0.0000 0.9978 0.0010 0.0009 0.0003
256      256   (4)      1  : 0.0000 1.0000 0.0000 0.0000 0.0000
257      257   (4)      1  : 0.0000 1.0000 0.0000 0.0000 0.0000
258      258   (4)      1  : 0.0000 1.0000 0.0000 0.0000 0.0000
259      259   (6)      1  : 0.0000 1.0000 0.0000 0.0000 0.0000
260      260   (6)      1  : 0.0000 0.9999 0.0000 0.0001 0.0000
261      261   (6)      1  : 0.0000 1.0000 0.0000 0.0000 0.0000
262      262   (6)      1  : 0.0000 1.0000 0.0000 0.0000 0.0000
263      263   (8)      1  : 0.0020 0.9924 0.0015 0.0033 0.0008
264      264   (8)      1  : 0.0000 1.0000 0.0000 0.0000 0.0000
265      265   (8)      1  : 0.0000 1.0000 0.0000 0.0000 0.0000
266      266   (8)      1  : 0.0068 0.9850 0.0010 0.0059 0.0013
267      267   (4)      1  : 0.0000 1.0000 0.0000 0.0000 0.0000
268      268   (4)      1  : 0.0000 1.0000 0.0000 0.0000 0.0000
269      269   (4)      1  : 0.0000 1.0000 0.0000 0.0000 0.0000
270      270   (5)      1  : 0.0000 1.0000 0.0000 0.0000 0.0000
271      271   (5)      1  : 0.0000 1.0000 0.0000 0.0000 0.0000
272      272   (3)      1  : 0.0000 1.0000 0.0000 0.0000 0.0000
273      273   (4)      1  : 0.0000 1.0000 0.0000 0.0000 0.0000
274      274   (4)      1  : 0.0000 1.0000 0.0000 0.0000 0.0000
275      275   (3)      1  : 0.0000 1.0000 0.0000 0.0000 0.0000
276      276  (14)      1  : 0.0003 0.9997 0.0000 0.0000 0.0000
277      277   (4)      1  : 0.0000 1.0000 0.0000 0.0000 0.0000
278      278   (4)      1  : 0.0000 1.0000 0.0000 0.0000 0.0000
279      279   (3)      1  : 0.0000 1.0000 0.0000 0.0000 0.0000
280      280   (3)      1  : 0.0000 1.0000 0.0000 0.0000 0.0000
281      281   (3)      1  : 0.0000 1.0000 0.0000 0.0000 0.0000
282      282   (3)      1  : 0.0000 1.0000 0.0000 0.0000 0.0000
283      283   (3)      1  : 0.0000 1.0000 0.0000 0.0000 0.0000
284      284   (5)      1  : 0.0000 1.0000 0.0000 0.0000 0.0000
285      285   (5)      1  : 0.0000 1.0000 0.0000 0.0000 0.0000
286      286  (10)      1  : 0.0000 1.0000 0.0000 0.0000 0.0000
287      287   (7)      1  : 0.0000 1.0000 0.0000 0.0000 0.0000
288      288   (7)      1  : 0.0000 0.9998 0.0002 0.0000 0.0000
289      289   (9)      1  : 0.0000 1.0000 0.0000 0.0000 0.0000
290      290   (7)      1  : 0.0000 1.0000 0.0000 0.0000 0.0000
291      291  (18)      1  : 0.0033 0.9959 0.0000 0.0001 0.0007
292      292   (5)      1  : 0.0000 1.0000 0.0000 0.0000 0.0000
293      293   (5)      1  : 0.0000 1.0000 0.0000 0.0000 0.0000
294      294  (19)      1  : 0.0000 1.0000 0.0000 0.0000 0.0000
295      295   (7)      1  : 0.0000 1.0000 0.0000 0.0000 0.0000
296      296   (6)      1  : 0.0006 0.9994 0.0000 0.0000 0.0000
297      297   (7)      1  : 0.0000 1.0000 0.0000 0.0000 0.0000
298      298   (9)      1  : 0.0012 0.9966 0.0001 0.0018 0.0003
299      299   (6)      1  : 0.0000 1.0000 0.0000 0.0000 0.0000
300      300   (7)      1  : 0.0000 0.9956 0.0034 0.0006 0.0004
301      301   (5)      1  : 0.0000 1.0000 0.0000 0.0000 0.0000
302      302   (5)      1  : 0.0000 0.9999 0.0001 0.0000 0.0000
303      303  (15)      1  : 0.0000 1.0000 0.0000 0.0000 0.0000
304      304   (6)      1  : 0.0000 1.0000 0.0000 0.0000 0.0000
305      305  (30)      1  : 0.0016 0.9948 0.0000 0.0009 0.0027
306      306  (10)      1  : 0.0000 0.9952 0.0036 0.0002 0.0010
307      307   (1)      1  : 0.0000 1.0000 0.0000 0.0000 0.0000
308      308   (1)      1  : 0.0000 1.0000 0.0000 0.0000 0.0000
309      309   (1)      1  : 0.0000 1.0000 0.0000 0.0000 0.0000
310      310   (4)      1  : 0.0000 1.0000 0.0000 0.0000 0.0000
311      311   (5)      1  : 0.0000 1.0000 0.0000 0.0000 0.0000
312      312   (1)      1  : 0.0000 1.0000 0.0000 0.0000 0.0000
313      313   (1)      1  : 0.0000 1.0000 0.0000 0.0000 0.0000
314      314   (1)      1  : 0.0000 1.0000 0.0000 0.0000 0.0000
315      315   (1)      1  : 0.0000 1.0000 0.0000 0.0000 0.0000
316      316  (15)      1  : 0.0000 1.0000 0.0000 0.0000 0.0000
317      317  (11)      1  : 0.0000 1.0000 0.0000 0.0000 0.0000
318      318   (9)      1  : 0.0000 1.0000 0.0000 0.0000 0.0000
319      319  (10)      1  : 0.0000 1.0000 0.0000 0.0000 0.0000
320      320  (12)      1  : 0.0000 1.0000 0.0000 0.0000 0.0000
321      321   (8)      1  : 0.0000 1.0000 0.0000 0.0000 0.0000
322      322  (11)      1  : 0.0000 1.0000 0.0000 0.0000 0.0000
323      323   (8)      1  : 0.0000 1.0000 0.0000 0.0000 0.0000
324      324  (16)      1  : 0.0000 1.0000 0.0000 0.0000 0.0000
325      325  (16)      1  : 0.0000 1.0000 0.0000 0.0000 0.0000
326      326  (14)      1  : 0.0000 0.9969 0.0007 0.0007 0.0018
327      327  (17)      1  : 0.0000 1.0000 0.0000 0.0000 0.0000
328      328  (11)      1  : 0.0000 1.0000 0.0000 0.0000 0.0000
329      329  (16)      1  : 0.0000 1.0000 0.0000 0.0000 0.0000
330      330  (18)      1  : 0.0010 0.9932 0.0043 0.0011 0.0004
331      331  (10)      1  : 0.0000 1.0000 0.0000 0.0000 0.0000
332      332  (18)      1  : 0.0003 0.9982 0.0000 0.0006 0.0009
333      333  (14)      1  : 0.0000 1.0000 0.0000 0.0000 0.0000
334      334  (11)      1  : 0.0000 1.0000 0.0000 0.0000 0.0000
335      335  (13)      1  : 0.0000 1.0000 0.0000 0.0000 0.0000
336      336  (14)      1  : 0.0000 0.9990 0.0007 0.0000 0.0003
337      337  (16)      1  : 0.0000 1.0000 0.0000 0.0000 0.0000
338      338  (14)      1  : 0.0000 1.0000 0.0000 0.0000 0.0000
339      339  (17)      1  : 0.0000 1.0000 0.0000 0.0000 0.0000
340      340  (13)      1  : 0.0000 1.0000 0.0000 0.0000 0.0000
341      341  (13)      1  : 0.0008 0.9992 0.0000 0.0000 0.0000
342      342  (10)      1  : 0.0000 1.0000 0.0000 0.0000 0.0000
343      343   (5)      1  : 0.0000 1.0000 0.0000 0.0000 0.0000
344      344   (9)      1  : 0.0000 1.0000 0.0000 0.0000 0.0000
345      345  (13)      1  : 0.0000 1.0000 0.0000 0.0000 0.0000
