  1        1  (10)      1 :  0.0100 0.9899 0.0000 0.0000 
  2        2  (11)      1 :  0.0094 0.9906 0.0000 0.0000 
  3        3   (8)      1 :  0.0096 0.9904 0.0000 0.0000 
  4        4   (9)      1 :  0.0077 0.9923 0.0000 0.0000 
  5        5   (6)      1 :  0.0153 0.9847 0.0000 0.0000 
  6        6  (13)      1 :  0.0123 0.9877 0.0000 0.0000 
  7        7   (8)      1 :  0.0110 0.9890 0.0000 0.0000 
  8        8  (13)      1 :  0.0135 0.9865 0.0000 0.0000 
  9        9  (10)      1 :  0.0192 0.9808 0.0000 0.0000 
 10       10   (9)      1 :  0.0108 0.9882 0.0010 0.0000 
 11       11   (8)      1 :  0.0178 0.9822 0.0000 0.0000 
 12       12  (10)      1 :  0.1660 0.8332 0.0000 0.0008 
 13       13  (17)      1 :  0.1799 0.8181 0.0000 0.0020 
 14       14  (17)      1 :  0.1711 0.8289 0.0000 0.0000 
 15       15  (17)      1 :  0.1849 0.8139 0.0004 0.0008 
 16       16  (17)      1 :  0.1859 0.8141 0.0000 0.0000 
 17       17  (10)      1 :  0.1796 0.8204 0.0000 0.0000 
 18       18   (9)      1 :  0.1841 0.8159 0.0000 0.0000 
 19       19  (13)      1 :  0.1896 0.8104 0.0000 0.0000 
 20       20  (12)      1 :  0.1838 0.8162 0.0000 0.0000 
 21       21  (11)      1 :  0.1848 0.8140 0.0000 0.0012 
 22       22  (16)      1 :  0.1809 0.8191 0.0000 0.0000 
 23       23  (11)      1 :  0.1871 0.8129 0.0000 0.0000 
 24       24  (10)      1 :  0.1813 0.8187 0.0000 0.0000 
 25       25  (11)      1 :  0.1812 0.8188 0.0000 0.0000 
 26       26  (23)      1 :  0.1829 0.8113 0.0000 0.0058 
 27       27  (10)      1 :  0.1837 0.8163 0.0000 0.0000 
 28       28  (11)      1 :  0.1772 0.8228 0.0000 0.0000 
 29       29   (9)      1 :  0.1786 0.8214 0.0000 0.0000 
 30       30  (14)      1 :  0.1800 0.8200 0.0000 0.0000 
 31       31  (19)      1 :  0.1749 0.8251 0.0000 0.0000 
 32       32  (14)      1 :  0.1757 0.8243 0.0000 0.0000 
 33       33  (17)      1 :  0.1800 0.8200 0.0000 0.0000 
 34       34  (36)      1 :  0.1773 0.8219 0.0008 0.0000 
 35       35  (10)      1 :  0.1792 0.8207 0.0000 0.0000 
 36       36   (9)      1 :  0.2650 0.4675 0.0000 0.2676 
 37       37   (9)      1 :  0.2601 0.4876 0.0000 0.2523 
 38       38   (8)      1 :  0.2620 0.4830 0.0000 0.2550 
 39       39   (9)      1 :  0.2662 0.4704 0.0000 0.2633 
 40       40   (9)      1 :  0.2560 0.4568 0.0000 0.2872 
 41       41   (9)      1 :  0.2537 0.5033 0.0000 0.2430 
 42       42   (8)      1 :  0.2558 0.4940 0.0000 0.2502 
 43       43  (16)      1 :  0.2548 0.4980 0.0000 0.2472 
 44       44   (6)      1 :  0.2617 0.4874 0.0000 0.2510 
 45       45  (10)      1 :  0.2780 0.4574 0.0000 0.2646 
 46       46  (22)      1 :  0.3012 0.4059 0.0000 0.2929 
 47       47   (8)      1 :  0.2685 0.4632 0.0000 0.2683 
 48       48  (18)      1 :  0.0000 1.0000 0.0000 0.0000 
 49       49   (6)      1 :  0.2776 0.4514 0.0000 0.2710 
 50       50  (23)      1 :  0.2645 0.4701 0.0000 0.2654 
 51       51   (7)      1 :  0.2608 0.4666 0.0000 0.2726 
 52       52  (27)      1 :  0.3001 0.4154 0.0008 0.2837 
 53       53   (7)      1 :  0.2744 0.4532 0.0002 0.2722 
 54       54  (20)      1 :  0.0414 0.9253 0.0000 0.0333 
 55       55   (7)      1 :  0.2629 0.4644 0.0000 0.2727 
 56       56   (9)      1 :  0.2654 0.4559 0.0000 0.2788 
 57       57  (23)      1 :  0.2886 0.4204 0.0000 0.2910 
 58       58   (8)      1 :  0.2631 0.4824 0.0000 0.2545 
 59       59   (9)      1 :  0.2654 0.4821 0.0020 0.2505 
 60       60  (16)      1 :  0.2679 0.4728 0.0006 0.2587 
 61       61   (8)      1 :  0.2643 0.4704 0.0000 0.2654 
 62       62   (7)      1 :  0.2585 0.4728 0.0004 0.2682 
 63       63  (20)      1 :  0.0248 0.9638 0.0000 0.0114 
 64       64   (8)      1 :  0.2512 0.5018 0.0006 0.2464 
 65       65  (12)      1 :  0.2575 0.4719 0.0000 0.2705 
 66       66  (14)      1 :  0.0321 0.9445 0.0000 0.0234 
 67       67  (13)      1 :  0.0286 0.9568 0.0000 0.0146 
 68       68  (12)      1 :  0.0492 0.9105 0.0000 0.0403 
 69       69   (8)      1 :  0.0595 0.8927 0.0000 0.0478 
 70       70   (5)      1 :  0.0477 0.9171 0.0000 0.0352 
 71       71  (10)      1 :  0.0182 0.9726 0.0000 0.0092 
 72       72  (11)      1 :  0.0460 0.9173 0.0000 0.0367 
 73       73  (12)      1 :  0.0231 0.9675 0.0000 0.0094 
 74       74  (25)      1 :  0.0286 0.9528 0.0000 0.0186 
 75       75  (13)      1 :  0.0378 0.9348 0.0000 0.0274 
 76       76  (11)      1 :  0.0465 0.9198 0.0004 0.0332 
 77       77  (15)      1 :  0.2622 0.4726 0.0000 0.2652 
 78       78  (16)      1 :  0.1770 0.8230 0.0000 0.0000 
 79       79   (8)      1 :  0.0390 0.9320 0.0020 0.0270 
 80       80  (15)      1 :  0.0000 0.0000 0.0000 1.0000 
 81       81   (6)      1 :  0.0482 0.9224 0.0000 0.0294 
 82       82   (7)      1 :  0.0491 0.9127 0.0000 0.0382 
 83       83   (7)      1 :  0.0501 0.9136 0.0000 0.0363 
 84       84  (22)      1 :  0.0000 0.0000 0.0000 1.0000 
 85       85   (7)      1 :  0.0354 0.9456 0.0000 0.0190 
 86       86  (17)      1 :  0.0000 1.0000 0.0000 0.0000 
 87       87   (5)      1 :  0.0432 0.9246 0.0000 0.0322 
 88       88  (12)      1 :  0.0266 0.9570 0.0000 0.0164 
 89       89   (7)      1 :  0.0556 0.9030 0.0000 0.0414 
 90       90  (25)      1 :  0.0346 0.9424 0.0000 0.0230 
 91       91   (8)      1 :  0.0564 0.9004 0.0000 0.0432 
 92       92   (6)      1 :  0.0392 0.9336 0.0000 0.0272 
 93       93   (6)      1 :  0.0398 0.9318 0.0000 0.0284 
 94       94   (6)      1 :  0.0324 0.9460 0.0000 0.0216 
 95       95   (6)      1 :  0.0266 0.9601 0.0000 0.0132 
 96       96   (6)      1 :  0.0245 0.9673 0.0000 0.0082 
 97       97  (10)      1 :  0.0068 0.9894 0.0000 0.0038 
 98       98  (15)      1 :  0.0246 0.9642 0.0000 0.0112 
 99       99  (12)      1 :  0.1852 0.8128 0.0000 0.0020 
100      100  (12)      1 :  0.0000 1.0000 0.0000 0.0000 
101      101  (10)      1 :  0.0034 0.9931 0.0032 0.0002 
102      102   (5)      1 :  0.0002 0.9998 0.0000 0.0000 
103      103   (5)      1 :  0.0000 1.0000 0.0000 0.0000 
104      104   (5)      1 :  0.0000 1.0000 0.0000 0.0000 
105      105   (6)      1 :  0.0000 1.0000 0.0000 0.0000 
106      106  (10)      1 :  0.0000 1.0000 0.0000 0.0000 
107      107   (5)      1 :  0.0016 0.9970 0.0000 0.0014 
108      108   (5)      1 :  0.0006 0.9988 0.0006 0.0000 
109      109  (11)      1 :  0.0016 0.9978 0.0006 0.0000 
110      110   (9)      1 :  0.0030 0.9964 0.0006 0.0000 
111      111  (18)      1 :  0.0018 0.9954 0.0018 0.0010 
112      112  (14)      1 :  0.0004 0.9988 0.0000 0.0008 
113      113   (5)      1 :  0.0004 0.9996 0.0000 0.0000 
114      114   (7)      1 :  0.0004 0.9992 0.0004 0.0000 
115      115   (6)      1 :  0.0002 0.9998 0.0000 0.0000 
116      116   (6)      1 :  0.0012 0.9988 0.0000 0.0000 
117      117  (14)      1 :  0.0004 0.9870 0.0006 0.0120 
118      118   (5)      1 :  0.0000 1.0000 0.0000 0.0000 
119      119   (7)      1 :  0.0016 0.9962 0.0022 0.0000 
120      120   (7)      1 :  0.0012 0.9967 0.0011 0.0010 
121      121   (6)      1 :  0.0006 0.9988 0.0006 0.0000 
122      122   (6)      1 :  0.0012 0.9964 0.0000 0.0024 
123      123   (7)      1 :  0.0058 0.9883 0.0014 0.0045 
124      124  (12)      1 :  0.0008 0.9976 0.0016 0.0000 
125      125   (6)      1 :  0.0000 1.0000 0.0000 0.0000 
126      126  (11)      1 :  0.0019 0.9933 0.0012 0.0035 
127      127   (5)      1 :  0.0004 0.9996 0.0000 0.0000 
128      128   (6)      1 :  0.0000 1.0000 0.0000 0.0000 
129      129  (19)      1 :  0.0271 0.9570 0.0012 0.0148 
130      130  (22)      1 :  0.0000 1.0000 0.0000 0.0000 
131      131  (18)      1 :  0.0295 0.9608 0.0000 0.0096 
132      132  (17)      1 :  0.0242 0.9648 0.0000 0.0110 
133      133  (22)      1 :  0.1874 0.8126 0.0000 0.0000 
134      134  (23)      1 :  0.0000 0.0000 0.0000 1.0000 
135      135  (27)      1 :  0.0000 0.0000 0.0000 1.0000 
136      136  (10)      1 :  0.0000 0.0000 0.0000 1.0000 
137      137   (8)      1 :  0.0000 0.0000 0.0000 1.0000 
138      138   (8)      1 :  0.0000 0.0000 0.0000 1.0000 
139      139  (12)      1 :  0.0000 0.0000 0.0000 1.0000 
140      140  (15)      1 :  0.0016 0.0004 0.0006 0.9974 
141      141   (9)      1 :  0.0000 0.0000 0.0000 1.0000 
142      142  (12)      1 :  0.0000 0.0000 0.0000 1.0000 
143      143   (8)      1 :  0.0000 0.0000 0.0000 1.0000 
144      144  (10)      1 :  0.0000 0.0000 0.0000 1.0000 
145      145   (8)      1 :  0.0000 0.0000 0.0000 1.0000 
146      146  (18)      1 :  0.2798 0.4524 0.0000 0.2678 
147      147   (6)      1 :  0.0005 0.0048 0.0000 0.9946 
148      148  (24)      1 :  0.2808 0.4442 0.0000 0.2750 
149      149   (6)      1 :  0.0012 0.0000 0.0012 0.9976 
150      150  (20)      1 :  0.0010 0.0014 0.0000 0.9976 
151      151   (5)      1 :  0.0000 0.0000 0.0000 1.0000 
152      152   (6)      1 :  0.0004 0.0000 0.0030 0.9966 
153      153   (7)      1 :  0.0006 0.0012 0.0016 0.9966 
154      154   (5)      1 :  0.0000 0.0000 0.0000 1.0000 
155      155   (6)      1 :  0.0004 0.0000 0.0006 0.9990 
156      156   (5)      1 :  0.0000 0.0000 0.0012 0.9988 
157      157   (5)      1 :  0.0013 0.0000 0.0022 0.9965 
158      158   (5)      1 :  0.0004 0.0000 0.0000 0.9996 
159      159   (6)      1 :  0.0004 0.0000 0.0012 0.9984 
160      160   (5)      1 :  0.0000 0.0000 0.0000 1.0000 
161      161   (5)      1 :  0.0000 0.0000 0.0000 1.0000 
162      162   (7)      1 :  0.0009 0.0010 0.0000 0.9981 
163      163   (7)      1 :  0.0000 0.0000 0.0000 1.0000 
164      164   (8)      1 :  0.0012 0.0000 0.0018 0.9970 
165      165   (6)      1 :  0.0000 0.0000 0.0000 1.0000 
166      166  (15)      1 :  0.0000 0.0000 0.0026 0.9974 
167      167   (6)      1 :  0.0008 0.0000 0.0000 0.9992 
168      168   (5)      1 :  0.0000 0.0000 0.0000 1.0000 
169      169   (5)      1 :  0.0000 0.0000 0.0000 1.0000 
170      170  (34)      1 :  0.0004 0.0000 0.0012 0.9984 
171      171   (6)      1 :  0.0004 0.0000 0.0000 0.9996 
172      172   (5)      1 :  0.0000 0.0000 0.0000 1.0000 
173      173   (7)      1 :  0.0000 0.0000 0.0000 1.0000 
174      174   (5)      1 :  0.0000 0.0000 0.0000 1.0000 
175      175  (14)      1 :  0.0002 0.0008 0.0000 0.9990 
176      176  (12)      1 :  0.0000 0.0000 0.0000 1.0000 
177      177  (13)      1 :  0.0000 0.0000 0.0000 1.0000 
178      178  (13)      1 :  0.0000 0.0000 0.0000 1.0000 
179      179  (22)      1 :  0.0004 0.0000 0.0000 0.9996 
180      180  (19)      1 :  0.0013 0.0036 0.0000 0.9951 
181      181  (16)      1 :  0.0000 0.0000 0.0010 0.9990 
182      182  (15)      1 :  0.0000 0.0000 0.0000 1.0000 
183      183  (18)      1 :  0.0008 0.0000 0.0000 0.9992 
184      184  (19)      1 :  0.0000 0.0000 0.0000 1.0000 
185      185  (12)      1 :  0.0004 0.0000 0.0000 0.9996 
186      186  (22)      1 :  0.0210 0.9726 0.0000 0.0064 
187      187  (13)      1 :  0.0020 0.0000 0.0034 0.9946 
188      188  (20)      1 :  0.2788 0.4468 0.0000 0.2745 
189      189  (21)      1 :  0.0000 0.0000 0.0000 1.0000 
190      190  (20)      1 :  0.0000 0.0000 0.0000 1.0000 
191      191  (12)      1 :  0.0029 0.0004 0.0003 0.9964 
192      192  (19)      1 :  0.0732 0.8584 0.0000 0.0684 
193      193  (12)      1 :  0.0030 0.0006 0.0000 0.9964 
194      194  (14)      1 :  0.0155 0.0076 0.0000 0.9770 
195      195  (17)      1 :  0.0004 0.0080 0.0000 0.9916 
196      196  (18)      1 :  0.0089 0.0024 0.0030 0.9857 
197      197  (13)      1 :  0.0020 0.0004 0.0000 0.9976 
198      198  (26)      1 :  0.0004 0.0098 0.0006 0.9892 
199      199   (7)      1 :  0.0000 0.0000 0.0000 1.0000 
200      200  (14)      1 :  0.0000 0.0000 0.0000 1.0000 
201      201   (9)      1 :  0.0000 0.0000 0.0000 1.0000 
202      202  (12)      1 :  0.0000 0.0000 0.0000 1.0000 
203      203  (14)      1 :  0.0000 0.0000 0.0000 1.0000 
204      204   (8)      1 :  0.0000 0.0000 0.0000 1.0000 
205      205   (8)      1 :  0.0000 0.0000 0.0000 1.0000 
206      206   (9)      1 :  0.0000 0.0000 0.0000 1.0000 
207      207   (8)      1 :  0.0000 0.0004 0.0000 0.9996 
208      208  (15)      1 :  0.0000 0.0000 0.0000 1.0000 
209      209   (6)      1 :  0.0008 0.0000 0.0018 0.9974 
210      210   (7)      1 :  0.0012 0.0000 0.0012 0.9976 
211      211   (7)      1 :  0.0012 0.0041 0.0066 0.9881 
212      212   (7)      1 :  0.0028 0.0048 0.0024 0.9900 
213      213   (6)      1 :  0.0006 0.0022 0.0000 0.9972 
214      214   (6)      1 :  0.0000 0.0000 0.0026 0.9974 
215      215   (8)      1 :  0.0024 0.0000 0.0030 0.9946 
216      216   (8)      1 :  0.0034 0.0036 0.0042 0.9888 
217      217   (7)      1 :  0.0000 0.0010 0.0000 0.9990 
218      218   (6)      1 :  0.0008 0.0039 0.0002 0.9951 
219      219  (13)      1 :  0.0002 0.0038 0.0000 0.9960 
220      220  (12)      1 :  0.0000 0.0000 0.0000 1.0000 
221      221   (6)      1 :  0.0004 0.0000 0.0000 0.9996 
222      222  (13)      1 :  0.0000 0.0000 0.0000 1.0000 
223      223  (10)      1 :  0.0014 0.0014 0.0012 0.9960 
224      224   (6)      1 :  0.0000 0.0000 0.0000 1.0000 
225      225   (7)      1 :  0.0000 0.0004 0.0000 0.9996 
226      226   (7)      1 :  0.0006 0.0008 0.0000 0.9986 
227      227   (7)      1 :  0.0018 0.0019 0.0000 0.9963 
228      228   (5)      1 :  0.0000 0.0000 0.0000 1.0000 
229      229  (12)      1 :  0.0000 0.0000 0.0000 1.0000 
230      230   (5)      1 :  0.0000 0.0000 0.0000 1.0000 
231      231   (3)      1 :  0.0000 0.0000 0.0000 1.0000 
232      232  (21)      1 :  0.3988 0.0000 0.5940 0.0072 
233      233  (14)      1 :  0.4012 0.0014 0.5964 0.0010 
234      234  (15)      1 :  0.3993 0.0063 0.5903 0.0041 
235      235  (17)      1 :  0.3996 0.0022 0.5956 0.0026 
236      236  (12)      1 :  0.4000 0.0005 0.5995 0.0000 
237      237  (19)      1 :  0.4000 0.0000 0.6000 0.0000 
238      238   (4)      1 :  0.4000 0.0000 0.6000 0.0000 
239      239   (4)      1 :  0.4000 0.0000 0.6000 0.0000 
240      240   (3)      1 :  0.4000 0.0000 0.6000 0.0000 
241      241   (3)      1 :  0.4000 0.0000 0.6000 0.0000 
242      242   (3)      1 :  0.3996 0.0000 0.6004 0.0000 
243      243   (3)      1 :  0.4000 0.0000 0.6000 0.0000 
244      244   (3)      1 :  0.4000 0.0000 0.6000 0.0000 
245      245   (4)      1 :  0.3997 0.0000 0.6000 0.0003 
246      246   (3)      1 :  0.4000 0.0000 0.6000 0.0000 
247      247   (3)      1 :  0.4000 0.0000 0.6000 0.0000 
248      248   (3)      1 :  0.4000 0.0000 0.6000 0.0000 
249      249   (4)      1 :  0.4000 0.0000 0.6000 0.0000 
250      250   (3)      1 :  0.4000 0.0000 0.6000 0.0000 
251      251  (11)      1 :  0.4000 0.0000 0.6000 0.0000 
252      252   (3)      1 :  0.4000 0.0000 0.6000 0.0000 
253      253   (3)      1 :  0.4000 0.0000 0.6000 0.0000 
254      254   (3)      1 :  0.4000 0.0000 0.6000 0.0000 
255      255   (6)      1 :  0.3996 0.0000 0.5998 0.0006 
256      256   (4)      1 :  0.4000 0.0000 0.6000 0.0000 
257      257   (4)      1 :  0.4000 0.0000 0.6000 0.0000 
258      258   (4)      1 :  0.3992 0.0000 0.6008 0.0000 
259      259   (6)      1 :  0.4000 0.0000 0.6000 0.0000 
260      260   (6)      1 :  0.4000 0.0000 0.6000 0.0000 
261      261   (6)      1 :  0.4000 0.0000 0.6000 0.0000 
262      262   (6)      1 :  0.4000 0.0000 0.6000 0.0000 
263      263   (8)      1 :  0.3960 0.0012 0.6014 0.0014 
264      264   (8)      1 :  0.3940 0.0000 0.6060 0.0000 
265      265   (8)      1 :  0.4000 0.0000 0.6000 0.0000 
266      266   (8)      1 :  0.3903 0.0033 0.6057 0.0008 
267      267   (4)      1 :  0.4000 0.0000 0.6000 0.0000 
268      268   (4)      1 :  0.3992 0.0000 0.6008 0.0000 
269      269   (4)      1 :  0.4000 0.0000 0.6000 0.0000 
270      270   (5)      1 :  0.4000 0.0000 0.6000 0.0000 
271      271   (5)      1 :  0.3996 0.0000 0.6004 0.0000 
272      272   (3)      1 :  0.4000 0.0000 0.6000 0.0000 
273      273   (4)      1 :  0.4000 0.0000 0.6000 0.0000 
274      274   (4)      1 :  0.4000 0.0000 0.6000 0.0000 
275      275   (3)      1 :  0.4000 0.0000 0.6000 0.0000 
276      276  (14)      1 :  0.4002 0.0001 0.5998 0.0000 
277      277   (4)      1 :  0.4000 0.0000 0.6000 0.0000 
278      278   (4)      1 :  0.4000 0.0000 0.6000 0.0000 
279      279   (3)      1 :  0.3996 0.0000 0.6004 0.0000 
280      280   (3)      1 :  0.4000 0.0000 0.6000 0.0000 
281      281   (3)      1 :  0.4000 0.0000 0.6000 0.0000 
282      282   (3)      1 :  0.4000 0.0000 0.6000 0.0000 
283      283   (3)      1 :  0.4000 0.0000 0.6000 0.0000 
284      284   (5)      1 :  0.4000 0.0000 0.6000 0.0000 
285      285   (5)      1 :  0.4000 0.0000 0.6000 0.0000 
286      286  (10)      1 :  0.0000 0.0000 1.0000 0.0000 
287      287   (7)      1 :  0.0000 0.0000 0.9992 0.0008 
288      288   (7)      1 :  0.0000 0.0000 0.9982 0.0018 
289      289   (9)      1 :  0.0000 0.0000 1.0000 0.0000 
290      290   (7)      1 :  0.0000 0.0000 1.0000 0.0000 
291      291  (18)      1 :  0.0014 0.0056 0.9930 0.0000 
292      292   (5)      1 :  0.0000 0.0000 1.0000 0.0000 
293      293   (5)      1 :  0.0000 0.0000 1.0000 0.0000 
294      294  (19)      1 :  0.0000 0.0000 1.0000 0.0000 
295      295   (7)      1 :  0.0004 0.0000 0.9980 0.0016 
296      296   (6)      1 :  0.0000 0.0034 0.9962 0.0004 
297      297   (7)      1 :  0.0016 0.0012 0.9972 0.0000 
298      298   (9)      1 :  0.0008 0.0042 0.9940 0.0010 
299      299   (6)      1 :  0.0000 0.0004 0.9996 0.0000 
300      300   (7)      1 :  0.0004 0.0004 0.9936 0.0056 
301      301   (5)      1 :  0.0000 0.0000 0.9992 0.0008 
302      302   (5)      1 :  0.0000 0.0000 0.9982 0.0018 
303      303  (15)      1 :  0.0000 0.0000 1.0000 0.0000 
304      304   (6)      1 :  0.0008 0.0000 0.9992 0.0000 
305      305  (30)      1 :  0.0030 0.0038 0.9914 0.0018 
306      306  (10)      1 :  0.0068 0.0004 0.9866 0.0062 
307      307   (1)      1 :  0.0000 0.0000 1.0000 0.0000 
308      308   (1)      1 :  0.0000 0.0000 1.0000 0.0000 
309      309   (1)      1 :  0.0004 0.0004 0.9988 0.0004 
310      310   (4)      1 :  0.0000 0.0000 1.0000 0.0000 
311      311   (5)      1 :  0.0000 0.0000 1.0000 0.0000 
312      312   (1)      1 :  0.0000 0.0000 1.0000 0.0000 
313      313   (1)      1 :  0.0000 0.0000 1.0000 0.0000 
314      314   (1)      1 :  0.0028 0.0000 0.9972 0.0000 
315      315   (1)      1 :  0.0000 0.0000 1.0000 0.0000 
316      316  (15)      1 :  0.0012 0.0008 0.9980 0.0000 
317      317  (11)      1 :  0.0000 0.0000 1.0000 0.0000 
318      318   (9)      1 :  0.0000 0.0000 1.0000 0.0000 
319      319  (10)      1 :  0.0000 0.0000 0.9996 0.0004 
320      320  (12)      1 :  0.0000 0.0000 1.0000 0.0000 
321      321   (8)      1 :  0.0000 0.0000 1.0000 0.0000 
322      322  (11)      1 :  0.0000 0.0000 1.0000 0.0000 
323      323   (8)      1 :  0.0000 0.0000 1.0000 0.0000 
324      324  (16)      1 :  0.0000 0.0000 1.0000 0.0000 
325      325  (16)      1 :  0.0008 0.0000 0.9984 0.0008 
326      326  (14)      1 :  0.0036 0.0008 0.9928 0.0028 
327      327  (17)      1 :  0.0000 0.0000 1.0000 0.0000 
328      328  (11)      1 :  0.0000 0.0000 1.0000 0.0000 
329      329  (16)      1 :  0.0000 0.0000 1.0000 0.0000 
330      330  (18)      1 :  0.0030 0.0030 0.9879 0.0061 
331      331  (10)      1 :  0.0024 0.0004 0.9964 0.0008 
332      332  (18)      1 :  0.0066 0.0024 0.9906 0.0004 
333      333  (14)      1 :  0.0000 0.0000 1.0000 0.0000 
334      334  (11)      1 :  0.0000 0.0000 1.0000 0.0000 
335      335  (13)      1 :  0.0004 0.0000 0.9996 0.0000 
336      336  (14)      1 :  0.0004 0.0000 0.9974 0.0022 
337      337  (16)      1 :  0.0000 0.0008 0.9988 0.0004 
338      338  (14)      1 :  0.0000 0.0000 1.0000 0.0000 
339      339  (17)      1 :  0.0000 0.0000 1.0000 0.0000 
340      340  (13)      1 :  0.0000 0.0011 0.9989 0.0000 
341      341  (13)      1 :  0.0002 0.0016 0.9982 0.0000 
342      342  (10)      1 :  0.0000 0.0000 1.0000 0.0000 
343      343   (5)      1 :  0.0000 0.0000 1.0000 0.0000 
344      344   (9)      1 :  0.0000 0.0000 1.0000 0.0000 
345      345  (13)      1 :  0.0000 0.0000 1.0000 0.0000 
