1        1  (10)      1  : 0.9832 0.0000 0.0000 0.0168
2        2  (11)      1  : 0.9844 0.0000 0.0000 0.0156
3        3   (8)      1  : 0.9840 0.0000 0.0000 0.0160
4        4   (9)      1  : 0.9872 0.0000 0.0000 0.0128
5        5   (6)      1  : 0.9745 0.0000 0.0000 0.0255
6        6  (13)      1  : 0.9795 0.0000 0.0000 0.0205
7        7   (8)      1  : 0.9817 0.0000 0.0000 0.0183
8        8  (13)      1  : 0.9776 0.0000 0.0000 0.0224
9        9  (10)      1  : 0.9680 0.0000 0.0000 0.0320
10       10   (9)      1  : 0.9817 0.0017 0.0000 0.0167
11       11   (8)      1  : 0.9703 0.0000 0.0000 0.0297
12       12  (10)      1  : 0.7226 0.0000 0.0007 0.2767
13       13  (17)      1  : 0.6988 0.0000 0.0013 0.2998
14       14  (17)      1  : 0.7147 0.0000 0.0000 0.2853
15       15  (17)      1  : 0.6911 0.0007 0.0007 0.3076
16       16  (17)      1  : 0.6902 0.0000 0.0000 0.3098
17       17  (10)      1  : 0.7006 0.0000 0.0000 0.2994
18       18   (9)      1  : 0.6932 0.0000 0.0000 0.3068
19       19  (13)      1  : 0.6840 0.0000 0.0000 0.3160
20       20  (12)      1  : 0.6937 0.0000 0.0000 0.3063
21       21  (11)      1  : 0.6913 0.0000 0.0007 0.3080
22       22  (16)      1  : 0.6985 0.0000 0.0000 0.3015
23       23  (11)      1  : 0.6882 0.0000 0.0000 0.3118
24       24  (10)      1  : 0.6979 0.0000 0.0000 0.3021
25       25  (11)      1  : 0.6980 0.0000 0.0000 0.3020
26       26  (23)      1  : 0.6902 0.0000 0.0050 0.3048
27       27  (10)      1  : 0.6938 0.0000 0.0000 0.3062
28       28  (11)      1  : 0.7047 0.0000 0.0000 0.2953
29       29   (9)      1  : 0.7023 0.0000 0.0000 0.2977
30       30  (14)      1  : 0.6999 0.0000 0.0000 0.3001
31       31  (19)      1  : 0.7084 0.0000 0.0000 0.2916
32       32  (14)      1  : 0.7072 0.0000 0.0000 0.2928
33       33  (17)      1  : 0.6999 0.0000 0.0000 0.3001
34       34  (36)      1  : 0.7045 0.0013 0.0000 0.2941
35       35  (10)      1  : 0.7012 0.0000 0.0000 0.2988
36       36   (9)      1  : 0.4071 0.0000 0.1513 0.4416
37       37   (9)      1  : 0.4253 0.0000 0.1411 0.4335
38       38   (8)      1  : 0.4211 0.0000 0.1423 0.4366
39       39   (9)      1  : 0.4094 0.0000 0.1469 0.4437
40       40   (9)      1  : 0.3979 0.0000 0.1754 0.4267
41       41   (9)      1  : 0.4415 0.0000 0.1357 0.4228
42       42   (8)      1  : 0.4340 0.0000 0.1397 0.4263
43       43  (16)      1  : 0.4373 0.0000 0.1380 0.4247
44       44   (6)      1  : 0.4243 0.0000 0.1396 0.4361
45       45  (10)      1  : 0.3896 0.0000 0.1470 0.4634
46       46  (22)      1  : 0.3352 0.0000 0.1628 0.5020
47       47   (8)      1  : 0.4022 0.0000 0.1503 0.4475
48       48  (18)      1  : 1.0000 0.0000 0.0000 0.0000
49       49   (6)      1  : 0.3863 0.0000 0.1510 0.4627
50       50  (23)      1  : 0.4109 0.0000 0.1484 0.4408
51       51   (7)      1  : 0.4123 0.0000 0.1530 0.4347
52       52  (27)      1  : 0.3430 0.0013 0.1582 0.4975
53       53   (7)      1  : 0.3910 0.0003 0.1513 0.4573
54       54  (20)      1  : 0.9118 0.0000 0.0192 0.0690
55       55   (7)      1  : 0.4060 0.0000 0.1558 0.4381
56       56   (9)      1  : 0.4007 0.0000 0.1577 0.4416
57       57  (23)      1  : 0.3567 0.0000 0.1623 0.4810
58       58   (8)      1  : 0.4193 0.0000 0.1421 0.4386
59       59   (9)      1  : 0.4166 0.0020 0.1403 0.4411
60       60  (16)      1  : 0.4094 0.0010 0.1451 0.4445
61       61   (8)      1  : 0.4121 0.0000 0.1481 0.4398
62       62   (7)      1  : 0.4162 0.0007 0.1535 0.4296
63       63  (20)      1  : 0.9523 0.0000 0.0063 0.0414
64       64   (8)      1  : 0.4432 0.0010 0.1397 0.4161
65       65  (12)      1  : 0.4179 0.0000 0.1529 0.4292
66       66  (14)      1  : 0.9329 0.0000 0.0137 0.0535
67       67  (13)      1  : 0.9447 0.0000 0.0077 0.0477
68       68  (12)      1  : 0.8946 0.0000 0.0234 0.0820
69       69   (8)      1  : 0.8738 0.0000 0.0270 0.0992
70       70   (5)      1  : 0.8998 0.0000 0.0207 0.0796
71       71  (10)      1  : 0.9643 0.0000 0.0053 0.0303
72       72  (11)      1  : 0.9020 0.0000 0.0214 0.0767
73       73  (12)      1  : 0.9565 0.0000 0.0050 0.0385
74       74  (25)      1  : 0.9414 0.0000 0.0110 0.0476
75       75  (13)      1  : 0.9213 0.0000 0.0157 0.0630
76       76  (11)      1  : 0.9038 0.0007 0.0187 0.0769
77       77  (15)      1  : 0.4130 0.0000 0.1501 0.4369
78       78  (16)      1  : 0.7050 0.0000 0.0000 0.2950
79       79   (8)      1  : 0.9177 0.0030 0.0163 0.0630
80       80  (15)      1  : 0.0000 0.0000 1.0000 0.0000
81       81   (6)      1  : 0.9033 0.0000 0.0163 0.0803
82       82   (7)      1  : 0.8958 0.0000 0.0223 0.0819
83       83   (7)      1  : 0.8958 0.0000 0.0207 0.0836
84       84  (22)      1  : 0.0000 0.0000 1.0000 0.0000
85       85   (7)      1  : 0.9313 0.0000 0.0103 0.0583
86       86  (17)      1  : 1.0000 0.0000 0.0000 0.0000
87       87   (5)      1  : 0.9103 0.0000 0.0177 0.0720
88       88  (12)      1  : 0.9463 0.0000 0.0093 0.0443
89       89   (7)      1  : 0.8850 0.0000 0.0223 0.0927
90       90  (25)      1  : 0.9293 0.0000 0.0130 0.0577
91       91   (8)      1  : 0.8807 0.0000 0.0253 0.0940
92       92   (6)      1  : 0.9193 0.0000 0.0153 0.0653
93       93   (6)      1  : 0.9176 0.0000 0.0160 0.0664
94       94   (6)      1  : 0.9326 0.0000 0.0133 0.0541
95       95   (6)      1  : 0.9479 0.0000 0.0077 0.0444
96       96   (6)      1  : 0.9542 0.0000 0.0050 0.0408
97       97  (10)      1  : 0.9863 0.0000 0.0023 0.0113
98       98  (15)      1  : 0.9523 0.0000 0.0067 0.0410
99       99  (12)      1  : 0.6900 0.0000 0.0013 0.3087
100      100  (12)      1  : 1.0000 0.0000 0.0000 0.0000
101      101  (10)      1  : 0.9912 0.0040 0.0004 0.0044
102      102   (5)      1  : 0.9997 0.0000 0.0000 0.0003
103      103   (5)      1  : 1.0000 0.0000 0.0000 0.0000
104      104   (5)      1  : 1.0000 0.0000 0.0000 0.0000
105      105   (6)      1  : 1.0000 0.0000 0.0000 0.0000
106      106  (10)      1  : 1.0000 0.0000 0.0000 0.0000
107      107   (5)      1  : 0.9963 0.0000 0.0010 0.0027
108      108   (5)      1  : 0.9987 0.0010 0.0000 0.0003
109      109  (11)      1  : 0.9977 0.0010 0.0000 0.0013
110      110   (9)      1  : 0.9947 0.0010 0.0000 0.0043
111      111  (18)      1  : 0.9950 0.0030 0.0010 0.0010
112      112  (14)      1  : 0.9987 0.0000 0.0007 0.0007
113      113   (5)      1  : 0.9993 0.0000 0.0000 0.0007
114      114   (7)      1  : 0.9987 0.0007 0.0000 0.0007
115      115   (6)      1  : 0.9997 0.0000 0.0000 0.0003
116      116   (6)      1  : 0.9980 0.0000 0.0000 0.0020
117      117  (14)      1  : 0.9863 0.0010 0.0120 0.0007
118      118   (5)      1  : 1.0000 0.0000 0.0000 0.0000
119      119   (7)      1  : 0.9963 0.0037 0.0000 0.0000
120      120   (7)      1  : 0.9960 0.0017 0.0010 0.0013
121      121   (6)      1  : 0.9980 0.0010 0.0000 0.0010
122      122   (6)      1  : 0.9960 0.0000 0.0020 0.0020
123      123   (7)      1  : 0.9862 0.0023 0.0032 0.0082
124      124  (12)      1  : 0.9973 0.0020 0.0000 0.0007
125      125   (6)      1  : 1.0000 0.0000 0.0000 0.0000
126      126  (11)      1  : 0.9936 0.0020 0.0025 0.0019
127      127   (5)      1  : 0.9993 0.0000 0.0000 0.0007
128      128   (6)      1  : 1.0000 0.0000 0.0000 0.0000
129      129  (19)      1  : 0.9462 0.0013 0.0080 0.0444
130      130  (22)      1  : 1.0000 0.0000 0.0000 0.0000
131      131  (18)      1  : 0.9454 0.0000 0.0053 0.0492
132      132  (17)      1  : 0.9533 0.0000 0.0063 0.0403
133      133  (22)      1  : 0.6877 0.0000 0.0000 0.3123
134      134  (23)      1  : 0.0000 0.0000 1.0000 0.0000
135      135  (27)      1  : 0.0000 0.0000 1.0000 0.0000
136      136  (10)      1  : 0.0000 0.0000 1.0000 0.0000
137      137   (8)      1  : 0.0000 0.0000 1.0000 0.0000
138      138   (8)      1  : 0.0000 0.0000 1.0000 0.0000
139      139  (12)      1  : 0.0000 0.0000 1.0000 0.0000
140      140  (15)      1  : 0.0000 0.0003 0.9970 0.0027
141      141   (9)      1  : 0.0000 0.0000 1.0000 0.0000
142      142  (12)      1  : 0.0000 0.0000 1.0000 0.0000
143      143   (8)      1  : 0.0000 0.0000 1.0000 0.0000
144      144  (10)      1  : 0.0000 0.0000 1.0000 0.0000
145      145   (8)      1  : 0.0000 0.0000 1.0000 0.0000
146      146  (18)      1  : 0.3846 0.0000 0.1491 0.4663
147      147   (6)      1  : 0.0047 0.0000 0.9944 0.0009
148      148  (24)      1  : 0.3791 0.0000 0.1530 0.4679
149      149   (6)      1  : 0.0000 0.0020 0.9973 0.0007
150      150  (20)      1  : 0.0010 0.0000 0.9973 0.0017
151      151   (5)      1  : 0.0000 0.0000 1.0000 0.0000
152      152   (6)      1  : 0.0000 0.0037 0.9963 0.0000
153      153   (7)      1  : 0.0007 0.0020 0.9963 0.0010
154      154   (5)      1  : 0.0000 0.0000 1.0000 0.0000
155      155   (6)      1  : 0.0000 0.0010 0.9990 0.0000
156      156   (5)      1  : 0.0000 0.0013 0.9987 0.0000
157      157   (5)      1  : 0.0000 0.0037 0.9962 0.0001
158      158   (5)      1  : 0.0000 0.0000 0.9993 0.0007
159      159   (6)      1  : 0.0000 0.0020 0.9980 0.0000
160      160   (5)      1  : 0.0000 0.0000 1.0000 0.0000
161      161   (5)      1  : 0.0000 0.0000 1.0000 0.0000
162      162   (7)      1  : 0.0010 0.0000 0.9982 0.0008
163      163   (7)      1  : 0.0000 0.0000 1.0000 0.0000
164      164   (8)      1  : 0.0000 0.0030 0.9970 0.0000
165      165   (6)      1  : 0.0000 0.0000 1.0000 0.0000
166      166  (15)      1  : 0.0000 0.0030 0.9970 0.0000
167      167   (6)      1  : 0.0000 0.0000 0.9987 0.0013
168      168   (5)      1  : 0.0000 0.0000 1.0000 0.0000
169      169   (5)      1  : 0.0000 0.0000 1.0000 0.0000
170      170  (34)      1  : 0.0000 0.0020 0.9980 0.0000
171      171   (6)      1  : 0.0000 0.0000 0.9993 0.0007
172      172   (5)      1  : 0.0000 0.0000 1.0000 0.0000
173      173   (7)      1  : 0.0000 0.0000 1.0000 0.0000
174      174   (5)      1  : 0.0000 0.0000 1.0000 0.0000
175      175  (14)      1  : 0.0007 0.0000 0.9990 0.0003
176      176  (12)      1  : 0.0000 0.0000 1.0000 0.0000
177      177  (13)      1  : 0.0000 0.0000 1.0000 0.0000
178      178  (13)      1  : 0.0000 0.0000 1.0000 0.0000
179      179  (22)      1  : 0.0000 0.0000 0.9993 0.0007
180      180  (19)      1  : 0.0027 0.0000 0.9952 0.0022
181      181  (16)      1  : 0.0000 0.0010 0.9990 0.0000
182      182  (15)      1  : 0.0000 0.0000 1.0000 0.0000
183      183  (18)      1  : 0.0000 0.0000 0.9987 0.0013
184      184  (19)      1  : 0.0000 0.0000 1.0000 0.0000
185      185  (12)      1  : 0.0000 0.0000 0.9993 0.0007
186      186  (22)      1  : 0.9611 0.0000 0.0040 0.0349
187      187  (13)      1  : 0.0000 0.0050 0.9950 0.0000
188      188  (20)      1  : 0.3826 0.0000 0.1528 0.4646
189      189  (21)      1  : 0.0000 0.0000 1.0000 0.0000
190      190  (20)      1  : 0.0000 0.0000 1.0000 0.0000
191      191  (12)      1  : 0.0000 0.0003 0.9948 0.0048
192      192  (19)      1  : 0.8383 0.0000 0.0397 0.1220
193      193  (12)      1  : 0.0003 0.0000 0.9947 0.0050
194      194  (14)      1  : 0.0046 0.0000 0.9696 0.0258
195      195  (17)      1  : 0.0080 0.0000 0.9913 0.0007
196      196  (18)      1  : 0.0007 0.0030 0.9815 0.0148
197      197  (13)      1  : 0.0000 0.0000 0.9967 0.0033
198      198  (26)      1  : 0.0097 0.0010 0.9887 0.0007
199      199   (7)      1  : 0.0000 0.0000 1.0000 0.0000
200      200  (14)      1  : 0.0000 0.0000 1.0000 0.0000
201      201   (9)      1  : 0.0000 0.0000 1.0000 0.0000
202      202  (12)      1  : 0.0000 0.0000 1.0000 0.0000
203      203  (14)      1  : 0.0000 0.0000 1.0000 0.0000
204      204   (8)      1  : 0.0000 0.0000 1.0000 0.0000
205      205   (8)      1  : 0.0000 0.0000 1.0000 0.0000
206      206   (9)      1  : 0.0000 0.0000 1.0000 0.0000
207      207   (8)      1  : 0.0000 0.0000 1.0000 0.0000
208      208  (15)      1  : 0.0000 0.0000 1.0000 0.0000
209      209   (6)      1  : 0.0000 0.0029 0.9971 0.0000
210      210   (7)      1  : 0.0000 0.0020 0.9980 0.0000
211      211   (7)      1  : 0.0034 0.0070 0.9882 0.0013
212      212   (7)      1  : 0.0040 0.0040 0.9906 0.0014
213      213   (6)      1  : 0.0017 0.0000 0.9973 0.0010
214      214   (6)      1  : 0.0000 0.0030 0.9970 0.0000
215      215   (8)      1  : 0.0000 0.0050 0.9950 0.0000
216      216   (8)      1  : 0.0033 0.0070 0.9893 0.0003
217      217   (7)      1  : 0.0010 0.0000 0.9990 0.0000
218      218   (6)      1  : 0.0032 0.0003 0.9958 0.0007
219      219  (13)      1  : 0.0037 0.0000 0.9960 0.0003
220      220  (12)      1  : 0.0000 0.0000 1.0000 0.0000
221      221   (6)      1  : 0.0000 0.0000 0.9993 0.0007
222      222  (13)      1  : 0.0000 0.0000 1.0000 0.0000
223      223  (10)      1  : 0.0010 0.0020 0.9960 0.0010
224      224   (6)      1  : 0.0000 0.0000 1.0000 0.0000
225      225   (7)      1  : 0.0000 0.0000 1.0000 0.0000
226      226   (7)      1  : 0.0007 0.0000 0.9983 0.0010
227      227   (7)      1  : 0.0012 0.0000 0.9958 0.0030
228      228   (5)      1  : 0.0000 0.0000 1.0000 0.0000
229      229  (12)      1  : 0.0000 0.0000 1.0000 0.0000
230      230   (5)      1  : 0.0000 0.0000 1.0000 0.0000
231      231   (3)      1  : 0.0000 0.0000 1.0000 0.0000
232      232  (21)      1  : 0.0000 0.9900 0.0087 0.0013
233      233  (14)      1  : 0.0017 0.9940 0.0010 0.0033
234      234  (15)      1  : 0.0065 0.9838 0.0062 0.0035
235      235  (17)      1  : 0.0023 0.9920 0.0037 0.0020
236      236  (12)      1  : 0.0008 0.9992 0.0000 0.0000
237      237  (19)      1  : 0.0000 1.0000 0.0000 0.0000
238      238   (4)      1  : 0.0000 1.0000 0.0000 0.0000
239      239   (4)      1  : 0.0000 1.0000 0.0000 0.0000
240      240   (3)      1  : 0.0000 1.0000 0.0000 0.0000
241      241   (3)      1  : 0.0000 1.0000 0.0000 0.0000
242      242   (3)      1  : 0.0000 1.0000 0.0000 0.0000
243      243   (3)      1  : 0.0000 1.0000 0.0000 0.0000
244      244   (3)      1  : 0.0000 1.0000 0.0000 0.0000
245      245   (4)      1  : 0.0000 0.9986 0.0006 0.0008
246      246   (3)      1  : 0.0000 1.0000 0.0000 0.0000
247      247   (3)      1  : 0.0000 1.0000 0.0000 0.0000
248      248   (3)      1  : 0.0000 1.0000 0.0000 0.0000
249      249   (4)      1  : 0.0000 1.0000 0.0000 0.0000
250      250   (3)      1  : 0.0000 1.0000 0.0000 0.0000
251      251  (11)      1  : 0.0000 1.0000 0.0000 0.0000
252      252   (3)      1  : 0.0000 1.0000 0.0000 0.0000
253      253   (3)      1  : 0.0000 1.0000 0.0000 0.0000
254      254   (3)      1  : 0.0000 1.0000 0.0000 0.0000
255      255   (6)      1  : 0.0000 0.9983 0.0010 0.0007
256      256   (4)      1  : 0.0000 1.0000 0.0000 0.0000
257      257   (4)      1  : 0.0000 1.0000 0.0000 0.0000
258      258   (4)      1  : 0.0000 1.0000 0.0000 0.0000
259      259   (6)      1  : 0.0000 1.0000 0.0000 0.0000
260      260   (6)      1  : 0.0000 1.0000 0.0000 0.0000
261      261   (6)      1  : 0.0000 1.0000 0.0000 0.0000
262      262   (6)      1  : 0.0000 1.0000 0.0000 0.0000
263      263   (8)      1  : 0.0020 0.9923 0.0023 0.0033
264      264   (8)      1  : 0.0000 1.0000 0.0000 0.0000
265      265   (8)      1  : 0.0000 1.0000 0.0000 0.0000
266      266   (8)      1  : 0.0054 0.9853 0.0013 0.0079
267      267   (4)      1  : 0.0000 1.0000 0.0000 0.0000
268      268   (4)      1  : 0.0000 1.0000 0.0000 0.0000
269      269   (4)      1  : 0.0000 1.0000 0.0000 0.0000
270      270   (5)      1  : 0.0000 1.0000 0.0000 0.0000
271      271   (5)      1  : 0.0000 1.0000 0.0000 0.0000
272      272   (3)      1  : 0.0000 1.0000 0.0000 0.0000
273      273   (4)      1  : 0.0000 1.0000 0.0000 0.0000
274      274   (4)      1  : 0.0000 1.0000 0.0000 0.0000
275      275   (3)      1  : 0.0000 1.0000 0.0000 0.0000
276      276  (14)      1  : 0.0002 0.9996 0.0000 0.0003
277      277   (4)      1  : 0.0000 1.0000 0.0000 0.0000
278      278   (4)      1  : 0.0000 1.0000 0.0000 0.0000
279      279   (3)      1  : 0.0000 1.0000 0.0000 0.0000
280      280   (3)      1  : 0.0000 1.0000 0.0000 0.0000
281      281   (3)      1  : 0.0000 1.0000 0.0000 0.0000
282      282   (3)      1  : 0.0000 1.0000 0.0000 0.0000
283      283   (3)      1  : 0.0000 1.0000 0.0000 0.0000
284      284   (5)      1  : 0.0000 1.0000 0.0000 0.0000
285      285   (5)      1  : 0.0000 1.0000 0.0000 0.0000
286      286  (10)      1  : 0.0000 1.0000 0.0000 0.0000
287      287   (7)      1  : 0.0000 1.0000 0.0000 0.0000
288      288   (7)      1  : 0.0000 0.9990 0.0010 0.0000
289      289   (9)      1  : 0.0000 1.0000 0.0000 0.0000
290      290   (7)      1  : 0.0000 1.0000 0.0000 0.0000
291      291  (18)      1  : 0.0040 0.9957 0.0000 0.0003
292      292   (5)      1  : 0.0000 1.0000 0.0000 0.0000
293      293   (5)      1  : 0.0000 1.0000 0.0000 0.0000
294      294  (19)      1  : 0.0000 1.0000 0.0000 0.0000
295      295   (7)      1  : 0.0000 1.0000 0.0000 0.0000
296      296   (6)      1  : 0.0010 0.9990 0.0000 0.0000
297      297   (7)      1  : 0.0000 1.0000 0.0000 0.0000
298      298   (9)      1  : 0.0017 0.9967 0.0003 0.0013
299      299   (6)      1  : 0.0000 1.0000 0.0000 0.0000
300      300   (7)      1  : 0.0000 0.9960 0.0033 0.0007
301      301   (5)      1  : 0.0000 1.0000 0.0000 0.0000
302      302   (5)      1  : 0.0000 0.9997 0.0003 0.0000
303      303  (15)      1  : 0.0000 1.0000 0.0000 0.0000
304      304   (6)      1  : 0.0000 1.0000 0.0000 0.0000
305      305  (30)      1  : 0.0023 0.9950 0.0003 0.0023
306      306  (10)      1  : 0.0000 0.9950 0.0050 0.0000
307      307   (1)      1  : 0.0000 1.0000 0.0000 0.0000
308      308   (1)      1  : 0.0000 1.0000 0.0000 0.0000
309      309   (1)      1  : 0.0000 1.0000 0.0000 0.0000
310      310   (4)      1  : 0.0000 1.0000 0.0000 0.0000
311      311   (5)      1  : 0.0000 1.0000 0.0000 0.0000
312      312   (1)      1  : 0.0000 1.0000 0.0000 0.0000
313      313   (1)      1  : 0.0000 1.0000 0.0000 0.0000
314      314   (1)      1  : 0.0000 1.0000 0.0000 0.0000
315      315   (1)      1  : 0.0000 1.0000 0.0000 0.0000
316      316  (15)      1  : 0.0000 1.0000 0.0000 0.0000
317      317  (11)      1  : 0.0000 1.0000 0.0000 0.0000
318      318   (9)      1  : 0.0000 1.0000 0.0000 0.0000
319      319  (10)      1  : 0.0000 1.0000 0.0000 0.0000
320      320  (12)      1  : 0.0000 1.0000 0.0000 0.0000
321      321   (8)      1  : 0.0000 1.0000 0.0000 0.0000
322      322  (11)      1  : 0.0000 1.0000 0.0000 0.0000
323      323   (8)      1  : 0.0000 1.0000 0.0000 0.0000
324      324  (16)      1  : 0.0000 1.0000 0.0000 0.0000
325      325  (16)      1  : 0.0000 1.0000 0.0000 0.0000
326      326  (14)      1  : 0.0000 0.9973 0.0020 0.0007
327      327  (17)      1  : 0.0000 1.0000 0.0000 0.0000
328      328  (11)      1  : 0.0000 1.0000 0.0000 0.0000
329      329  (16)      1  : 0.0000 1.0000 0.0000 0.0000
330      330  (18)      1  : 0.0010 0.9934 0.0048 0.0008
331      331  (10)      1  : 0.0000 1.0000 0.0000 0.0000
332      332  (18)      1  : 0.0000 0.9990 0.0000 0.0010
333      333  (14)      1  : 0.0000 1.0000 0.0000 0.0000
334      334  (11)      1  : 0.0000 1.0000 0.0000 0.0000
335      335  (13)      1  : 0.0000 1.0000 0.0000 0.0000
336      336  (14)      1  : 0.0000 0.9990 0.0010 0.0000
337      337  (16)      1  : 0.0000 1.0000 0.0000 0.0000
338      338  (14)      1  : 0.0000 1.0000 0.0000 0.0000
339      339  (17)      1  : 0.0000 1.0000 0.0000 0.0000
340      340  (13)      1  : 0.0000 1.0000 0.0000 0.0000
341      341  (13)      1  : 0.0007 0.9990 0.0000 0.0003
342      342  (10)      1  : 0.0000 1.0000 0.0000 0.0000
343      343   (5)      1  : 0.0000 1.0000 0.0000 0.0000
344      344   (9)      1  : 0.0000 1.0000 0.0000 0.0000
345      345  (13)      1  : 0.0000 1.0000 0.0000 0.0000
