1        1  (10)      1  : 1.0000 0.0000 0.0000
2        2  (11)      1  : 1.0000 0.0000 0.0000
3        3   (8)      1  : 1.0000 0.0000 0.0000
4        4   (9)      1  : 1.0000 0.0000 0.0000
5        5   (6)      1  : 1.0000 0.0000 0.0000
6        6  (13)      1  : 1.0000 0.0000 0.0000
7        7   (8)      1  : 1.0000 0.0000 0.0000
8        8  (13)      1  : 1.0000 0.0000 0.0000
9        9  (10)      1  : 1.0000 0.0000 0.0000
10       10   (9)      1  : 0.9990 0.0009 0.0002
11       11   (8)      1  : 1.0000 0.0000 0.0000
12       12  (10)      1  : 0.9991 0.0000 0.0009
13       13  (17)      1  : 0.9983 0.0000 0.0017
14       14  (17)      1  : 1.0000 0.0000 0.0000
15       15  (17)      1  : 0.9982 0.0008 0.0010
16       16  (17)      1  : 1.0000 0.0000 0.0000
17       17  (10)      1  : 1.0000 0.0000 0.0000
18       18   (9)      1  : 1.0000 0.0000 0.0000
19       19  (13)      1  : 1.0000 0.0000 0.0000
20       20  (12)      1  : 1.0000 0.0000 0.0000
21       21  (11)      1  : 0.9983 0.0000 0.0017
22       22  (16)      1  : 0.9996 0.0000 0.0003
23       23  (11)      1  : 1.0000 0.0000 0.0000
24       24  (10)      1  : 1.0000 0.0000 0.0000
25       25  (11)      1  : 1.0000 0.0000 0.0000
26       26  (23)      1  : 0.9940 0.0000 0.0060
27       27  (10)      1  : 1.0000 0.0000 0.0000
28       28  (11)      1  : 1.0000 0.0000 0.0000
29       29   (9)      1  : 1.0000 0.0000 0.0000
30       30  (14)      1  : 1.0000 0.0000 0.0000
31       31  (19)      1  : 1.0000 0.0000 0.0000
32       32  (14)      1  : 1.0000 0.0000 0.0000
33       33  (17)      1  : 1.0000 0.0000 0.0000
34       34  (36)      1  : 0.9982 0.0017 0.0002
35       35  (10)      1  : 1.0000 0.0000 0.0000
36       36   (9)      1  : 0.6243 0.0000 0.3757
37       37   (9)      1  : 0.6438 0.0000 0.3561
38       38   (8)      1  : 0.6396 0.0000 0.3604
39       39   (9)      1  : 0.6277 0.0000 0.3723
40       40   (9)      1  : 0.6133 0.0000 0.3868
41       41   (9)      1  : 0.6566 0.0000 0.3434
42       42   (8)      1  : 0.6464 0.0000 0.3536
43       43  (16)      1  : 0.6507 0.0000 0.3493
44       44   (6)      1  : 0.6455 0.0000 0.3545
45       45  (10)      1  : 0.6260 0.0000 0.3740
46       46  (22)      1  : 0.5852 0.0000 0.4148
47       47   (8)      1  : 0.6217 0.0000 0.3783
48       48  (18)      1  : 1.0000 0.0000 0.0000
49       49   (6)      1  : 0.6166 0.0000 0.3833
50       50  (23)      1  : 0.6254 0.0000 0.3746
51       51   (7)      1  : 0.6164 0.0000 0.3836
52       52  (27)      1  : 0.5948 0.0034 0.4018
53       53   (7)      1  : 0.6141 0.0009 0.3851
54       54  (20)      1  : 0.9541 0.0000 0.0459
55       55   (7)      1  : 0.6198 0.0000 0.3802
56       56   (9)      1  : 0.6080 0.0000 0.3920
57       57  (23)      1  : 0.5886 0.0000 0.4114
58       58   (8)      1  : 0.6404 0.0000 0.3595
59       59   (9)      1  : 0.6429 0.0037 0.3534
60       60  (16)      1  : 0.6331 0.0026 0.3644
61       61   (8)      1  : 0.6241 0.0000 0.3759
62       62   (7)      1  : 0.6240 0.0017 0.3743
63       63  (20)      1  : 0.9847 0.0000 0.0153
64       64   (8)      1  : 0.6509 0.0026 0.3466
65       65  (12)      1  : 0.6201 0.0000 0.3800
66       66  (14)      1  : 0.9677 0.0000 0.0323
67       67  (13)      1  : 0.9788 0.0000 0.0213
68       68  (12)      1  : 0.9447 0.0000 0.0552
69       69   (8)      1  : 0.9328 0.0000 0.0671
70       70   (5)      1  : 0.9516 0.0000 0.0485
71       71  (10)      1  : 0.9872 0.0000 0.0128
72       72  (11)      1  : 0.9498 0.0000 0.0501
73       73  (12)      1  : 0.9872 0.0000 0.0128
74       74  (25)      1  : 0.9745 0.0000 0.0255
75       75  (13)      1  : 0.9617 0.0000 0.0383
76       76  (11)      1  : 0.9514 0.0017 0.0469
77       77  (15)      1  : 0.6277 0.0000 0.3723
78       78  (16)      1  : 1.0000 0.0000 0.0000
79       79   (8)      1  : 0.9605 0.0027 0.0368
80       80  (15)      1  : 0.1500 0.0000 0.8500
81       81   (6)      1  : 0.9586 0.0000 0.0414
82       82   (7)      1  : 0.9482 0.0000 0.0518
83       83   (7)      1  : 0.9498 0.0000 0.0501
84       84  (22)      1  : 0.1500 0.0000 0.8500
85       85   (7)      1  : 0.9720 0.0008 0.0272
86       86  (17)      1  : 1.0000 0.0000 0.0000
87       87   (5)      1  : 0.9549 0.0000 0.0451
88       88  (12)      1  : 0.9779 0.0000 0.0221
89       89   (7)      1  : 0.9414 0.0000 0.0586
90       90  (25)      1  : 0.9677 0.0000 0.0323
91       91   (8)      1  : 0.9405 0.0000 0.0595
92       92   (6)      1  : 0.9626 0.0000 0.0374
93       93   (6)      1  : 0.9600 0.0000 0.0400
94       94   (6)      1  : 0.9712 0.0000 0.0288
95       95   (6)      1  : 0.9821 0.0000 0.0179
96       96   (6)      1  : 0.9898 0.0000 0.0102
97       97  (10)      1  : 0.9949 0.0000 0.0051
98       98  (15)      1  : 0.9847 0.0000 0.0153
99       99  (12)      1  : 0.9983 0.0000 0.0017
100      100  (12)      1  : 1.0000 0.0000 0.0000
101      101  (10)      1  : 0.9961 0.0037 0.0002
102      102   (5)      1  : 1.0000 0.0000 0.0000
103      103   (5)      1  : 1.0000 0.0000 0.0000
104      104   (5)      1  : 1.0000 0.0000 0.0000
105      105   (6)      1  : 1.0000 0.0000 0.0000
106      106  (10)      1  : 1.0000 0.0000 0.0000
107      107   (5)      1  : 0.9990 0.0000 0.0010
108      108   (5)      1  : 0.9991 0.0009 0.0000
109      109  (11)      1  : 0.9991 0.0009 0.0000
110      110   (9)      1  : 0.9991 0.0009 0.0000
111      111  (18)      1  : 0.9973 0.0017 0.0010
112      112  (14)      1  : 0.9991 0.0000 0.0009
113      113   (5)      1  : 1.0000 0.0000 0.0000
114      114   (7)      1  : 1.0000 0.0000 0.0000
115      115   (6)      1  : 1.0000 0.0000 0.0000
116      116   (6)      1  : 1.0000 0.0000 0.0000
117      117  (14)      1  : 0.9898 0.0009 0.0094
118      118   (5)      1  : 1.0000 0.0000 0.0000
119      119   (7)      1  : 0.9961 0.0034 0.0005
120      120   (7)      1  : 0.9977 0.0015 0.0008
121      121   (6)      1  : 0.9991 0.0009 0.0000
122      122   (6)      1  : 0.9974 0.0000 0.0026
123      123   (7)      1  : 0.9930 0.0017 0.0053
124      124  (12)      1  : 0.9983 0.0017 0.0000
125      125   (6)      1  : 1.0000 0.0000 0.0000
126      126  (11)      1  : 0.9947 0.0017 0.0036
127      127   (5)      1  : 1.0000 0.0000 0.0000
128      128   (6)      1  : 1.0000 0.0000 0.0000
129      129  (19)      1  : 0.9779 0.0017 0.0204
130      130  (22)      1  : 1.0000 0.0000 0.0000
131      131  (18)      1  : 0.9872 0.0000 0.0128
132      132  (17)      1  : 0.9855 0.0000 0.0145
133      133  (22)      1  : 1.0000 0.0000 0.0000
134      134  (23)      1  : 0.1500 0.0000 0.8500
135      135  (27)      1  : 0.1500 0.0000 0.8500
136      136  (10)      1  : 0.1500 0.0000 0.8500
137      137   (8)      1  : 0.1500 0.0000 0.8500
138      138   (8)      1  : 0.1500 0.0000 0.8500
139      139  (12)      1  : 0.1500 0.0000 0.8500
140      140  (15)      1  : 0.1508 0.0000 0.8492
141      141   (9)      1  : 0.1500 0.0000 0.8500
142      142  (12)      1  : 0.1500 0.0000 0.8500
143      143   (8)      1  : 0.1500 0.0000 0.8500
144      144  (10)      1  : 0.1500 0.0000 0.8500
145      145   (8)      1  : 0.1500 0.0000 0.8500
146      146  (18)      1  : 0.6217 0.0000 0.3783
147      147   (6)      1  : 0.1542 0.0000 0.8457
148      148  (24)      1  : 0.6108 0.0000 0.3892
149      149   (6)      1  : 0.1498 0.0017 0.8484
150      150  (20)      1  : 0.1517 0.0000 0.8483
151      151   (5)      1  : 0.1500 0.0000 0.8500
152      152   (6)      1  : 0.1500 0.0026 0.8474
153      153   (7)      1  : 0.1508 0.0017 0.8475
154      154   (5)      1  : 0.1500 0.0000 0.8500
155      155   (6)      1  : 0.1498 0.0009 0.8493
156      156   (5)      1  : 0.1498 0.0010 0.8492
157      157   (5)      1  : 0.1496 0.0026 0.8479
158      158   (5)      1  : 0.1500 0.0000 0.8500
159      159   (6)      1  : 0.1498 0.0009 0.8493
160      160   (5)      1  : 0.1500 0.0000 0.8500
161      161   (5)      1  : 0.1500 0.0000 0.8500
162      162   (7)      1  : 0.1509 0.0000 0.8491
163      163   (7)      1  : 0.1500 0.0000 0.8500
164      164   (8)      1  : 0.1496 0.0026 0.8479
165      165   (6)      1  : 0.1500 0.0000 0.8500
166      166  (15)      1  : 0.1498 0.0027 0.8475
167      167   (6)      1  : 0.1500 0.0000 0.8500
168      168   (5)      1  : 0.1500 0.0000 0.8500
169      169   (5)      1  : 0.1500 0.0000 0.8500
170      170  (34)      1  : 0.1498 0.0017 0.8484
171      171   (6)      1  : 0.1500 0.0000 0.8500
172      172   (5)      1  : 0.1500 0.0000 0.8500
173      173   (7)      1  : 0.1500 0.0000 0.8500
174      174   (5)      1  : 0.1500 0.0000 0.8500
175      175  (14)      1  : 0.1508 0.0000 0.8492
176      176  (12)      1  : 0.1500 0.0000 0.8500
177      177  (13)      1  : 0.1500 0.0000 0.8500
178      178  (13)      1  : 0.1500 0.0000 0.8500
179      179  (22)      1  : 0.1500 0.0000 0.8500
180      180  (19)      1  : 0.1534 0.0000 0.8466
181      181  (16)      1  : 0.1500 0.0009 0.8492
182      182  (15)      1  : 0.1500 0.0000 0.8500
183      183  (18)      1  : 0.1500 0.0000 0.8500
184      184  (19)      1  : 0.1500 0.0000 0.8500
185      185  (12)      1  : 0.1500 0.0000 0.8500
186      186  (22)      1  : 0.9915 0.0000 0.0085
187      187  (13)      1  : 0.1492 0.0044 0.8463
188      188  (20)      1  : 0.6116 0.0000 0.3883
189      189  (21)      1  : 0.1500 0.0000 0.8500
190      190  (20)      1  : 0.1500 0.0000 0.8500
191      191  (12)      1  : 0.1500 0.0009 0.8492
192      192  (19)      1  : 0.9056 0.0000 0.0944
193      193  (12)      1  : 0.1508 0.0000 0.8492
194      194  (14)      1  : 0.1602 0.0000 0.8398
195      195  (17)      1  : 0.1568 0.0000 0.8432
196      196  (18)      1  : 0.1539 0.0029 0.8432
197      197  (13)      1  : 0.1508 0.0000 0.8492
198      198  (26)      1  : 0.1585 0.0008 0.8407
199      199   (7)      1  : 0.1500 0.0000 0.8500
200      200  (14)      1  : 0.1500 0.0000 0.8500
201      201   (9)      1  : 0.1500 0.0000 0.8500
202      202  (12)      1  : 0.1500 0.0000 0.8500
203      203  (14)      1  : 0.1500 0.0000 0.8500
204      204   (8)      1  : 0.1500 0.0000 0.8500
205      205   (8)      1  : 0.1500 0.0000 0.8500
206      206   (9)      1  : 0.1500 0.0000 0.8500
207      207   (8)      1  : 0.1508 0.0000 0.8492
208      208  (15)      1  : 0.1500 0.0000 0.8500
209      209   (6)      1  : 0.1497 0.0022 0.8481
210      210   (7)      1  : 0.1497 0.0017 0.8486
211      211   (7)      1  : 0.1533 0.0067 0.8399
212      212   (7)      1  : 0.1545 0.0034 0.8421
213      213   (6)      1  : 0.1526 0.0000 0.8475
214      214   (6)      1  : 0.1497 0.0029 0.8475
215      215   (8)      1  : 0.1492 0.0043 0.8465
216      216   (8)      1  : 0.1522 0.0060 0.8418
217      217   (7)      1  : 0.1508 0.0000 0.8492
218      218   (6)      1  : 0.1534 0.0000 0.8466
219      219  (13)      1  : 0.1534 0.0000 0.8466
220      220  (12)      1  : 0.1500 0.0000 0.8500
221      221   (6)      1  : 0.1500 0.0000 0.8500
222      222  (13)      1  : 0.1500 0.0000 0.8500
223      223  (10)      1  : 0.1507 0.0017 0.8476
224      224   (6)      1  : 0.1500 0.0000 0.8500
225      225   (7)      1  : 0.1508 0.0000 0.8492
226      226   (7)      1  : 0.1508 0.0000 0.8492
227      227   (7)      1  : 0.1526 0.0000 0.8475
228      228   (5)      1  : 0.1500 0.0000 0.8500
229      229  (12)      1  : 0.1500 0.0000 0.8500
230      230   (5)      1  : 0.1500 0.0000 0.8500
231      231   (3)      1  : 0.1500 0.0000 0.8500
232      232  (21)      1  : 0.0009 0.8415 0.1576
233      233  (14)      1  : 0.0028 0.8450 0.1522
234      234  (15)      1  : 0.0089 0.8364 0.1548
235      235  (17)      1  : 0.0040 0.8441 0.1520
236      236  (12)      1  : 0.0009 0.8492 0.1500
237      237  (19)      1  : 0.0000 0.8500 0.1500
238      238   (4)      1  : 0.0000 0.8500 0.1500
239      239   (4)      1  : 0.0000 0.8500 0.1500
240      240   (3)      1  : 0.0000 0.8500 0.1500
241      241   (3)      1  : 0.0000 0.8500 0.1500
242      242   (3)      1  : 0.0000 0.8501 0.1498
243      243   (3)      1  : 0.0000 0.8500 0.1500
244      244   (3)      1  : 0.0000 0.8500 0.1500
245      245   (4)      1  : 0.0008 0.8485 0.1506
246      246   (3)      1  : 0.0000 0.8500 0.1500
247      247   (3)      1  : 0.0000 0.8500 0.1500
248      248   (3)      1  : 0.0000 0.8500 0.1500
249      249   (4)      1  : 0.0000 0.8500 0.1500
250      250   (3)      1  : 0.0000 0.8500 0.1500
251      251  (11)      1  : 0.0000 0.8500 0.1500
252      252   (3)      1  : 0.0000 0.8500 0.1500
253      253   (3)      1  : 0.0000 0.8500 0.1500
254      254   (3)      1  : 0.0000 0.8500 0.1500
255      255   (6)      1  : 0.0000 0.8492 0.1508
256      256   (4)      1  : 0.0000 0.8500 0.1500
257      257   (4)      1  : 0.0000 0.8500 0.1500
258      258   (4)      1  : 0.0000 0.8501 0.1498
259      259   (6)      1  : 0.0000 0.8500 0.1500
260      260   (6)      1  : 0.0000 0.8500 0.1500
261      261   (6)      1  : 0.0000 0.8500 0.1500
262      262   (6)      1  : 0.0000 0.8500 0.1500
263      263   (8)      1  : 0.0034 0.8459 0.1507
264      264   (8)      1  : 0.0000 0.8521 0.1479
265      265   (8)      1  : 0.0000 0.8500 0.1500
266      266   (8)      1  : 0.0102 0.8435 0.1463
267      267   (4)      1  : 0.0000 0.8500 0.1500
268      268   (4)      1  : 0.0000 0.8501 0.1498
269      269   (4)      1  : 0.0000 0.8500 0.1500
270      270   (5)      1  : 0.0000 0.8500 0.1500
271      271   (5)      1  : 0.0000 0.8501 0.1498
272      272   (3)      1  : 0.0000 0.8500 0.1500
273      273   (4)      1  : 0.0000 0.8500 0.1500
274      274   (4)      1  : 0.0000 0.8500 0.1500
275      275   (3)      1  : 0.0000 0.8500 0.1500
276      276  (14)      1  : 0.0009 0.8492 0.1500
277      277   (4)      1  : 0.0000 0.8500 0.1500
278      278   (4)      1  : 0.0000 0.8500 0.1500
279      279   (3)      1  : 0.0000 0.8501 0.1498
280      280   (3)      1  : 0.0000 0.8500 0.1500
281      281   (3)      1  : 0.0000 0.8500 0.1500
282      282   (3)      1  : 0.0000 0.8500 0.1500
283      283   (3)      1  : 0.0000 0.8500 0.1500
284      284   (5)      1  : 0.0000 0.8500 0.1500
285      285   (5)      1  : 0.0000 0.8500 0.1500
286      286  (10)      1  : 0.0000 1.0000 0.0000
287      287   (7)      1  : 0.0003 0.9997 0.0000
288      288   (7)      1  : 0.0005 0.9987 0.0009
289      289   (9)      1  : 0.0000 1.0000 0.0000
290      290   (7)      1  : 0.0000 1.0000 0.0000
291      291  (18)      1  : 0.0047 0.9950 0.0003
292      292   (5)      1  : 0.0000 1.0000 0.0000
293      293   (5)      1  : 0.0000 1.0000 0.0000
294      294  (19)      1  : 0.0000 1.0000 0.0000
295      295   (7)      1  : 0.0006 0.9992 0.0002
296      296   (6)      1  : 0.0021 0.9979 0.0000
297      297   (7)      1  : 0.0005 0.9991 0.0005
298      298   (9)      1  : 0.0042 0.9950 0.0009
299      299   (6)      1  : 0.0002 0.9999 0.0000
300      300   (7)      1  : 0.0016 0.9950 0.0034
301      301   (5)      1  : 0.0003 0.9997 0.0000
302      302   (5)      1  : 0.0006 0.9986 0.0009
303      303  (15)      1  : 0.0000 1.0000 0.0000
304      304   (6)      1  : 0.0001 0.9997 0.0002
305      305  (30)      1  : 0.0051 0.9935 0.0015
306      306  (10)      1  : 0.0013 0.9919 0.0068
307      307   (1)      1  : 0.0000 1.0000 0.0000
308      308   (1)      1  : 0.0000 1.0000 0.0000
309      309   (1)      1  : 0.0003 0.9997 0.0000
310      310   (4)      1  : 0.0000 1.0000 0.0000
311      311   (5)      1  : 0.0000 1.0000 0.0000
312      312   (1)      1  : 0.0000 1.0000 0.0000
313      313   (1)      1  : 0.0000 1.0000 0.0000
314      314   (1)      1  : 0.0000 0.9990 0.0011
315      315   (1)      1  : 0.0000 1.0000 0.0000
316      316  (15)      1  : 0.0005 0.9992 0.0003
317      317  (11)      1  : 0.0000 1.0000 0.0000
318      318   (9)      1  : 0.0000 1.0000 0.0000
319      319  (10)      1  : 0.0002 0.9999 0.0000
320      320  (12)      1  : 0.0000 1.0000 0.0000
321      321   (8)      1  : 0.0000 1.0000 0.0000
322      322  (11)      1  : 0.0000 1.0000 0.0000
323      323   (8)      1  : 0.0000 1.0000 0.0000
324      324  (16)      1  : 0.0000 1.0000 0.0000
325      325  (16)      1  : 0.0003 0.9995 0.0002
326      326  (14)      1  : 0.0013 0.9958 0.0029
327      327  (17)      1  : 0.0000 1.0000 0.0000
328      328  (11)      1  : 0.0000 1.0000 0.0000
329      329  (16)      1  : 0.0000 1.0000 0.0000
330      330  (18)      1  : 0.0031 0.9912 0.0057
331      331  (10)      1  : 0.0006 0.9988 0.0006
332      332  (18)      1  : 0.0021 0.9958 0.0021
333      333  (14)      1  : 0.0000 1.0000 0.0000
334      334  (11)      1  : 0.0000 1.0000 0.0000
335      335  (13)      1  : 0.0000 0.9999 0.0002
336      336  (14)      1  : 0.0006 0.9984 0.0010
337      337  (16)      1  : 0.0005 0.9995 0.0000
338      338  (14)      1  : 0.0000 1.0000 0.0000
339      339  (17)      1  : 0.0000 1.0000 0.0000
340      340  (13)      1  : 0.0005 0.9995 0.0000
341      341  (13)      1  : 0.0013 0.9987 0.0000
342      342  (10)      1  : 0.0000 1.0000 0.0000
343      343   (5)      1  : 0.0000 1.0000 0.0000
344      344   (9)      1  : 0.0000 1.0000 0.0000
345      345  (13)      1  : 0.0000 1.0000 0.0000
