1        1  (10)      1  : 1.0000 0.0000 0.0000 0.0000
2        2  (11)      1  : 1.0000 0.0000 0.0000 0.0000
3        3   (8)      1  : 1.0000 0.0000 0.0000 0.0000
4        4   (9)      1  : 1.0000 0.0000 0.0000 0.0000
5        5   (6)      1  : 1.0000 0.0000 0.0000 0.0000
6        6  (13)      1  : 1.0000 0.0000 0.0000 0.0000
7        7   (8)      1  : 1.0000 0.0000 0.0000 0.0000
8        8  (13)      1  : 1.0000 0.0000 0.0000 0.0000
9        9  (10)      1  : 1.0000 0.0000 0.0000 0.0000
10       10   (9)      1  : 0.9980 0.0000 0.0000 0.0020
11       11   (8)      1  : 1.0000 0.0000 0.0000 0.0000
12       12  (10)      1  : 0.9990 0.0000 0.0010 0.0000
13       13  (17)      1  : 0.9970 0.0000 0.0030 0.0000
14       14  (17)      1  : 1.0000 0.0000 0.0000 0.0000
15       15  (17)      1  : 0.9981 0.0000 0.0009 0.0010
16       16  (17)      1  : 1.0000 0.0000 0.0000 0.0000
17       17  (10)      1  : 1.0000 0.0000 0.0000 0.0000
18       18   (9)      1  : 1.0000 0.0000 0.0000 0.0000
19       19  (13)      1  : 1.0000 0.0000 0.0000 0.0000
20       20  (12)      1  : 1.0000 0.0000 0.0000 0.0000
21       21  (11)      1  : 0.9980 0.0000 0.0020 0.0000
22       22  (16)      1  : 1.0000 0.0000 0.0000 0.0000
23       23  (11)      1  : 1.0000 0.0000 0.0000 0.0000
24       24  (10)      1  : 1.0000 0.0000 0.0000 0.0000
25       25  (11)      1  : 1.0000 0.0000 0.0000 0.0000
26       26  (23)      1  : 0.9930 0.0000 0.0070 0.0000
27       27  (10)      1  : 1.0000 0.0000 0.0000 0.0000
28       28  (11)      1  : 1.0000 0.0000 0.0000 0.0000
29       29   (9)      1  : 1.0000 0.0000 0.0000 0.0000
30       30  (14)      1  : 1.0000 0.0000 0.0000 0.0000
31       31  (19)      1  : 1.0000 0.0000 0.0000 0.0000
32       32  (14)      1  : 1.0000 0.0000 0.0000 0.0000
33       33  (17)      1  : 1.0000 0.0000 0.0000 0.0000
34       34  (36)      1  : 0.9980 0.0000 0.0000 0.0020
35       35  (10)      1  : 1.0000 0.0000 0.0000 0.0000
36       36   (9)      1  : 0.5580 0.0000 0.4420 0.0000
37       37   (9)      1  : 0.5810 0.0000 0.4190 0.0000
38       38   (8)      1  : 0.5760 0.0000 0.4240 0.0000
39       39   (9)      1  : 0.5620 0.0000 0.4380 0.0000
40       40   (9)      1  : 0.5450 0.0000 0.4550 0.0000
41       41   (9)      1  : 0.5960 0.0000 0.4040 0.0000
42       42   (8)      1  : 0.5840 0.0000 0.4160 0.0000
43       43  (16)      1  : 0.5890 0.0000 0.4110 0.0000
44       44   (6)      1  : 0.5820 0.0000 0.4180 0.0000
45       45  (10)      1  : 0.5590 0.0000 0.4410 0.0000
46       46  (22)      1  : 0.5120 0.0000 0.4880 0.0000
47       47   (8)      1  : 0.5547 0.0000 0.4453 0.0000
48       48  (18)      1  : 1.0000 0.0000 0.0000 0.0000
49       49   (6)      1  : 0.5490 0.0000 0.4510 0.0000
50       50  (23)      1  : 0.5590 0.0000 0.4410 0.0000
51       51   (7)      1  : 0.5480 0.0000 0.4520 0.0000
52       52  (27)      1  : 0.5239 0.0000 0.4721 0.0040
53       53   (7)      1  : 0.5465 0.0000 0.4535 0.0000
54       54  (20)      1  : 0.9457 0.0000 0.0543 0.0000
55       55   (7)      1  : 0.5520 0.0000 0.4480 0.0000
56       56   (9)      1  : 0.5387 0.0000 0.4603 0.0010
57       57  (23)      1  : 0.5160 0.0000 0.4840 0.0000
58       58   (8)      1  : 0.5770 0.0000 0.4230 0.0000
59       59   (9)      1  : 0.5802 0.0020 0.4158 0.0020
60       60  (16)      1  : 0.5680 0.0000 0.4290 0.0030
61       61   (8)      1  : 0.5578 0.0000 0.4412 0.0010
62       62   (7)      1  : 0.5578 0.0000 0.4402 0.0020
63       63  (20)      1  : 0.9810 0.0000 0.0190 0.0000
64       64   (8)      1  : 0.5896 0.0000 0.4064 0.0040
65       65  (12)      1  : 0.5530 0.0000 0.4470 0.0000
66       66  (14)      1  : 0.9620 0.0000 0.0380 0.0000
67       67  (13)      1  : 0.9750 0.0000 0.0250 0.0000
68       68  (12)      1  : 0.9344 0.0000 0.0656 0.0000
69       69   (8)      1  : 0.9210 0.0000 0.0790 0.0000
70       70   (5)      1  : 0.9430 0.0000 0.0570 0.0000
71       71  (10)      1  : 0.9850 0.0000 0.0150 0.0000
72       72  (11)      1  : 0.9404 0.0000 0.0596 0.0000
73       73  (12)      1  : 0.9840 0.0000 0.0160 0.0000
74       74  (25)      1  : 0.9700 0.0000 0.0300 0.0000
75       75  (13)      1  : 0.9550 0.0000 0.0450 0.0000
76       76  (11)      1  : 0.9439 0.0000 0.0551 0.0010
77       77  (15)      1  : 0.5620 0.0000 0.4380 0.0000
78       78  (16)      1  : 1.0000 0.0000 0.0000 0.0000
79       79   (8)      1  : 0.9535 0.0005 0.0430 0.0030
80       80  (15)      1  : 0.0000 0.0000 1.0000 0.0000
81       81   (6)      1  : 0.9510 0.0000 0.0490 0.0000
82       82   (7)      1  : 0.9380 0.0000 0.0620 0.0000
83       83   (7)      1  : 0.9404 0.0000 0.0596 0.0000
84       84  (22)      1  : 0.0000 0.0000 1.0000 0.0000
85       85   (7)      1  : 0.9670 0.0000 0.0320 0.0010
86       86  (17)      1  : 1.0000 0.0000 0.0000 0.0000
87       87   (5)      1  : 0.9460 0.0000 0.0540 0.0000
88       88  (12)      1  : 0.9730 0.0000 0.0270 0.0000
89       89   (7)      1  : 0.9301 0.0000 0.0699 0.0000
90       90  (25)      1  : 0.9620 0.0000 0.0380 0.0000
91       91   (8)      1  : 0.9299 0.0000 0.0701 0.0000
92       92   (6)      1  : 0.9550 0.0000 0.0450 0.0000
93       93   (6)      1  : 0.9530 0.0000 0.0470 0.0000
94       94   (6)      1  : 0.9660 0.0000 0.0340 0.0000
95       95   (6)      1  : 0.9785 0.0000 0.0215 0.0000
96       96   (6)      1  : 0.9870 0.0000 0.0130 0.0000
97       97  (10)      1  : 0.9940 0.0000 0.0060 0.0000
98       98  (15)      1  : 0.9820 0.0000 0.0180 0.0000
99       99  (12)      1  : 0.9970 0.0000 0.0030 0.0000
100      100  (12)      1  : 1.0000 0.0000 0.0000 0.0000
101      101  (10)      1  : 0.9960 0.0020 0.0000 0.0020
102      102   (5)      1  : 1.0000 0.0000 0.0000 0.0000
103      103   (5)      1  : 1.0000 0.0000 0.0000 0.0000
104      104   (5)      1  : 1.0000 0.0000 0.0000 0.0000
105      105   (6)      1  : 1.0000 0.0000 0.0000 0.0000
106      106  (10)      1  : 1.0000 0.0000 0.0000 0.0000
107      107   (5)      1  : 0.9980 0.0000 0.0020 0.0000
108      108   (5)      1  : 0.9990 0.0000 0.0000 0.0010
109      109  (11)      1  : 0.9980 0.0000 0.0000 0.0020
110      110   (9)      1  : 0.9990 0.0000 0.0000 0.0010
111      111  (18)      1  : 0.9960 0.0000 0.0010 0.0030
112      112  (14)      1  : 0.9990 0.0000 0.0010 0.0000
113      113   (5)      1  : 1.0000 0.0000 0.0000 0.0000
114      114   (7)      1  : 1.0000 0.0000 0.0000 0.0000
115      115   (6)      1  : 1.0000 0.0000 0.0000 0.0000
116      116   (6)      1  : 1.0000 0.0000 0.0000 0.0000
117      117  (14)      1  : 0.9880 0.0000 0.0120 0.0000
118      118   (5)      1  : 1.0000 0.0000 0.0000 0.0000
119      119   (7)      1  : 0.9960 0.0000 0.0000 0.0040
120      120   (7)      1  : 0.9978 0.0002 0.0010 0.0010
121      121   (6)      1  : 1.0000 0.0000 0.0000 0.0000
122      122   (6)      1  : 0.9970 0.0000 0.0030 0.0000
123      123   (7)      1  : 0.9916 0.0000 0.0064 0.0020
124      124  (12)      1  : 0.9980 0.0010 0.0000 0.0010
125      125   (6)      1  : 1.0000 0.0000 0.0000 0.0000
126      126  (11)      1  : 0.9930 0.0000 0.0050 0.0020
127      127   (5)      1  : 1.0000 0.0000 0.0000 0.0000
128      128   (6)      1  : 1.0000 0.0000 0.0000 0.0000
129      129  (19)      1  : 0.9730 0.0010 0.0250 0.0010
130      130  (22)      1  : 1.0000 0.0000 0.0000 0.0000
131      131  (18)      1  : 0.9840 0.0000 0.0160 0.0000
132      132  (17)      1  : 0.9820 0.0000 0.0180 0.0000
133      133  (22)      1  : 1.0000 0.0000 0.0000 0.0000
134      134  (23)      1  : 0.0000 0.0000 1.0000 0.0000
135      135  (27)      1  : 0.0000 0.0000 1.0000 0.0000
136      136  (10)      1  : 0.0000 0.0000 1.0000 0.0000
137      137   (8)      1  : 0.0000 0.0000 1.0000 0.0000
138      138   (8)      1  : 0.0000 0.0000 1.0000 0.0000
139      139  (12)      1  : 0.0000 0.0000 1.0000 0.0000
140      140  (15)      1  : 0.0010 0.0010 0.9980 0.0000
141      141   (9)      1  : 0.0000 0.0000 1.0000 0.0000
142      142  (12)      1  : 0.0000 0.0000 1.0000 0.0000
143      143   (8)      1  : 0.0000 0.0000 1.0000 0.0000
144      144  (10)      1  : 0.0000 0.0000 1.0000 0.0000
145      145   (8)      1  : 0.0000 0.0000 1.0000 0.0000
146      146  (18)      1  : 0.5541 0.0000 0.4459 0.0000
147      147   (6)      1  : 0.0050 0.0000 0.9950 0.0000
148      148  (24)      1  : 0.5420 0.0000 0.4580 0.0000
149      149   (6)      1  : 0.0000 0.0000 0.9980 0.0020
150      150  (20)      1  : 0.0020 0.0000 0.9980 0.0000
151      151   (5)      1  : 0.0000 0.0000 1.0000 0.0000
152      152   (6)      1  : 0.0000 0.0020 0.9970 0.0010
153      153   (7)      1  : 0.0020 0.0010 0.9970 0.0000
154      154   (5)      1  : 0.0000 0.0000 1.0000 0.0000
155      155   (6)      1  : 0.0000 0.0000 0.9990 0.0010
156      156   (5)      1  : 0.0000 0.0010 0.9990 0.0000
157      157   (5)      1  : 0.0000 0.0000 0.9970 0.0030
158      158   (5)      1  : 0.0000 0.0000 1.0000 0.0000
159      159   (6)      1  : 0.0000 0.0000 0.9990 0.0010
160      160   (5)      1  : 0.0000 0.0000 1.0000 0.0000
161      161   (5)      1  : 0.0000 0.0000 1.0000 0.0000
162      162   (7)      1  : 0.0010 0.0000 0.9980 0.0010
163      163   (7)      1  : 0.0000 0.0000 1.0000 0.0000
164      164   (8)      1  : 0.0000 0.0000 0.9970 0.0030
165      165   (6)      1  : 0.0000 0.0000 1.0000 0.0000
166      166  (15)      1  : 0.0000 0.0020 0.9980 0.0000
167      167   (6)      1  : 0.0000 0.0000 1.0000 0.0000
168      168   (5)      1  : 0.0000 0.0000 1.0000 0.0000
169      169   (5)      1  : 0.0000 0.0000 1.0000 0.0000
170      170  (34)      1  : 0.0000 0.0000 0.9990 0.0010
171      171   (6)      1  : 0.0000 0.0000 1.0000 0.0000
172      172   (5)      1  : 0.0000 0.0000 1.0000 0.0000
173      173   (7)      1  : 0.0000 0.0000 1.0000 0.0000
174      174   (5)      1  : 0.0000 0.0000 1.0000 0.0000
175      175  (14)      1  : 0.0010 0.0000 0.9990 0.0000
176      176  (12)      1  : 0.0000 0.0000 1.0000 0.0000
177      177  (13)      1  : 0.0000 0.0000 1.0000 0.0000
178      178  (13)      1  : 0.0000 0.0000 1.0000 0.0000
179      179  (22)      1  : 0.0000 0.0000 1.0000 0.0000
180      180  (19)      1  : 0.0050 0.0000 0.9950 0.0000
181      181  (16)      1  : 0.0000 0.0010 0.9990 0.0000
182      182  (15)      1  : 0.0000 0.0000 1.0000 0.0000
183      183  (18)      1  : 0.0000 0.0000 1.0000 0.0000
184      184  (19)      1  : 0.0000 0.0000 1.0000 0.0000
185      185  (12)      1  : 0.0000 0.0000 1.0000 0.0000
186      186  (22)      1  : 0.9900 0.0000 0.0100 0.0000
187      187  (13)      1  : 0.0000 0.0010 0.9940 0.0050
188      188  (20)      1  : 0.5430 0.0000 0.4570 0.0000
189      189  (21)      1  : 0.0000 0.0000 1.0000 0.0000
190      190  (20)      1  : 0.0000 0.0000 1.0000 0.0000
191      191  (12)      1  : 0.0010 0.0002 0.9988 0.0000
192      192  (19)      1  : 0.8886 0.0000 0.1114 0.0000
193      193  (12)      1  : 0.0010 0.0000 0.9990 0.0000
194      194  (14)      1  : 0.0120 0.0000 0.9880 0.0000
195      195  (17)      1  : 0.0080 0.0000 0.9920 0.0000
196      196  (18)      1  : 0.0050 0.0030 0.9920 0.0000
197      197  (13)      1  : 0.0010 0.0000 0.9990 0.0000
198      198  (26)      1  : 0.0100 0.0000 0.9900 0.0000
199      199   (7)      1  : 0.0000 0.0000 1.0000 0.0000
200      200  (14)      1  : 0.0000 0.0000 1.0000 0.0000
201      201   (9)      1  : 0.0000 0.0000 1.0000 0.0000
202      202  (12)      1  : 0.0000 0.0000 1.0000 0.0000
203      203  (14)      1  : 0.0000 0.0000 1.0000 0.0000
204      204   (8)      1  : 0.0000 0.0000 1.0000 0.0000
205      205   (8)      1  : 0.0000 0.0000 1.0000 0.0000
206      206   (9)      1  : 0.0000 0.0000 1.0000 0.0000
207      207   (8)      1  : 0.0010 0.0000 0.9990 0.0000
208      208  (15)      1  : 0.0000 0.0000 1.0000 0.0000
209      209   (6)      1  : 0.0000 0.0000 0.9980 0.0020
210      210   (7)      1  : 0.0000 0.0000 0.9970 0.0030
211      211   (7)      1  : 0.0050 0.0060 0.9880 0.0010
212      212   (7)      1  : 0.0060 0.0000 0.9890 0.0050
213      213   (6)      1  : 0.0030 0.0000 0.9970 0.0000
214      214   (6)      1  : 0.0000 0.0020 0.9980 0.0000
215      215   (8)      1  : 0.0000 0.0000 0.9940 0.0060
216      216   (8)      1  : 0.0040 0.0000 0.9880 0.0080
217      217   (7)      1  : 0.0010 0.0000 0.9990 0.0000
218      218   (6)      1  : 0.0050 0.0000 0.9940 0.0010
219      219  (13)      1  : 0.0040 0.0000 0.9960 0.0000
220      220  (12)      1  : 0.0000 0.0000 1.0000 0.0000
221      221   (6)      1  : 0.0000 0.0000 1.0000 0.0000
222      222  (13)      1  : 0.0000 0.0000 1.0000 0.0000
223      223  (10)      1  : 0.0020 0.0000 0.9960 0.0020
224      224   (6)      1  : 0.0000 0.0000 1.0000 0.0000
225      225   (7)      1  : 0.0010 0.0000 0.9990 0.0000
226      226   (7)      1  : 0.0010 0.0000 0.9990 0.0000
227      227   (7)      1  : 0.0030 0.0000 0.9970 0.0000
228      228   (5)      1  : 0.0000 0.0000 1.0000 0.0000
229      229  (12)      1  : 0.0000 0.0000 1.0000 0.0000
230      230   (5)      1  : 0.0000 0.0000 1.0000 0.0000
231      231   (3)      1  : 0.0000 0.0000 1.0000 0.0000
232      232  (21)      1  : 0.0000 0.0000 0.0050 0.9950
233      233  (14)      1  : 0.0010 0.0000 0.0010 0.9980
234      234  (15)      1  : 0.0060 0.0000 0.0010 0.9930
235      235  (17)      1  : 0.0020 0.0010 0.0010 0.9960
236      236  (12)      1  : 0.0000 0.0000 0.0000 1.0000
237      237  (19)      1  : 0.0000 0.0000 0.0000 1.0000
238      238   (4)      1  : 0.0000 0.0000 0.0000 1.0000
239      239   (4)      1  : 0.0000 0.0000 0.0000 1.0000
240      240   (3)      1  : 0.0000 0.0000 0.0000 1.0000
241      241   (3)      1  : 0.0000 0.0000 0.0000 1.0000
242      242   (3)      1  : 0.0000 0.0010 0.0000 0.9990
243      243   (3)      1  : 0.0000 0.0000 0.0000 1.0000
244      244   (3)      1  : 0.0000 0.0000 0.0000 1.0000
245      245   (4)      1  : 0.0000 0.0020 0.0000 0.9980
246      246   (3)      1  : 0.0000 0.0000 0.0000 1.0000
247      247   (3)      1  : 0.0000 0.0000 0.0000 1.0000
248      248   (3)      1  : 0.0000 0.0000 0.0000 1.0000
249      249   (4)      1  : 0.0000 0.0000 0.0000 1.0000
250      250   (3)      1  : 0.0000 0.0000 0.0000 1.0000
251      251  (11)      1  : 0.0000 0.0000 0.0000 1.0000
252      252   (3)      1  : 0.0000 0.0000 0.0000 1.0000
253      253   (3)      1  : 0.0000 0.0000 0.0000 1.0000
254      254   (3)      1  : 0.0000 0.0000 0.0000 1.0000
255      255   (6)      1  : 0.0000 0.0020 0.0000 0.9980
256      256   (4)      1  : 0.0000 0.0000 0.0000 1.0000
257      257   (4)      1  : 0.0000 0.0000 0.0000 1.0000
258      258   (4)      1  : 0.0000 0.0020 0.0000 0.9980
259      259   (6)      1  : 0.0000 0.0000 0.0000 1.0000
260      260   (6)      1  : 0.0000 0.0000 0.0000 1.0000
261      261   (6)      1  : 0.0000 0.0000 0.0000 1.0000
262      262   (6)      1  : 0.0000 0.0000 0.0000 1.0000
263      263   (8)      1  : 0.0000 0.0150 0.0000 0.9850
264      264   (8)      1  : 0.0000 0.0150 0.0000 0.9850
265      265   (8)      1  : 0.0000 0.0000 0.0000 1.0000
266      266   (8)      1  : 0.0000 0.0361 0.0000 0.9639
267      267   (4)      1  : 0.0000 0.0000 0.0000 1.0000
268      268   (4)      1  : 0.0000 0.0020 0.0000 0.9980
269      269   (4)      1  : 0.0000 0.0000 0.0000 1.0000
270      270   (5)      1  : 0.0000 0.0000 0.0000 1.0000
271      271   (5)      1  : 0.0000 0.0010 0.0000 0.9990
272      272   (3)      1  : 0.0000 0.0000 0.0000 1.0000
273      273   (4)      1  : 0.0000 0.0000 0.0000 1.0000
274      274   (4)      1  : 0.0000 0.0000 0.0000 1.0000
275      275   (3)      1  : 0.0000 0.0000 0.0000 1.0000
276      276  (14)      1  : 0.0000 0.0000 0.0000 1.0000
277      277   (4)      1  : 0.0000 0.0000 0.0000 1.0000
278      278   (4)      1  : 0.0000 0.0000 0.0000 1.0000
279      279   (3)      1  : 0.0000 0.0010 0.0000 0.9990
280      280   (3)      1  : 0.0000 0.0000 0.0000 1.0000
281      281   (3)      1  : 0.0000 0.0000 0.0000 1.0000
282      282   (3)      1  : 0.0000 0.0000 0.0000 1.0000
283      283   (3)      1  : 0.0000 0.0000 0.0000 1.0000
284      284   (5)      1  : 0.0000 0.0000 0.0000 1.0000
285      285   (5)      1  : 0.0000 0.0000 0.0000 1.0000
286      286  (10)      1  : 0.0000 1.0000 0.0000 0.0000
287      287   (7)      1  : 0.0000 0.9980 0.0020 0.0000
288      288   (7)      1  : 0.0000 0.9970 0.0030 0.0000
289      289   (9)      1  : 0.0000 1.0000 0.0000 0.0000
290      290   (7)      1  : 0.0000 1.0000 0.0000 0.0000
291      291  (18)      1  : 0.0080 0.9890 0.0000 0.0030
292      292   (5)      1  : 0.0000 1.0000 0.0000 0.0000
293      293   (5)      1  : 0.0000 1.0000 0.0000 0.0000
294      294  (19)      1  : 0.0000 1.0000 0.0000 0.0000
295      295   (7)      1  : 0.0000 0.9950 0.0040 0.0010
296      296   (6)      1  : 0.0070 0.9920 0.0010 0.0000
297      297   (7)      1  : 0.0030 0.9930 0.0000 0.0040
298      298   (9)      1  : 0.0080 0.9900 0.0020 0.0000
299      299   (6)      1  : 0.0010 0.9990 0.0000 0.0000
300      300   (7)      1  : 0.0010 0.9900 0.0090 0.0000
301      301   (5)      1  : 0.0001 0.9979 0.0020 0.0000
302      302   (5)      1  : 0.0000 0.9960 0.0040 0.0000
303      303  (15)      1  : 0.0000 1.0000 0.0000 0.0000
304      304   (6)      1  : 0.0000 0.9980 0.0000 0.0020
305      305  (30)      1  : 0.0060 0.9860 0.0040 0.0040
306      306  (10)      1  : 0.0010 0.9740 0.0080 0.0170
307      307   (1)      1  : 0.0000 1.0000 0.0000 0.0000
308      308   (1)      1  : 0.0000 1.0000 0.0000 0.0000
309      309   (1)      1  : 0.0010 0.9970 0.0010 0.0010
310      310   (4)      1  : 0.0000 1.0000 0.0000 0.0000
311      311   (5)      1  : 0.0000 1.0000 0.0000 0.0000
312      312   (1)      1  : 0.0000 1.0000 0.0000 0.0000
313      313   (1)      1  : 0.0000 1.0000 0.0000 0.0000
314      314   (1)      1  : 0.0000 0.9930 0.0000 0.0070
315      315   (1)      1  : 0.0000 1.0000 0.0000 0.0000
316      316  (15)      1  : 0.0020 0.9950 0.0000 0.0030
317      317  (11)      1  : 0.0000 1.0000 0.0000 0.0000
318      318   (9)      1  : 0.0000 1.0000 0.0000 0.0000
319      319  (10)      1  : 0.0000 0.9990 0.0010 0.0000
320      320  (12)      1  : 0.0000 1.0000 0.0000 0.0000
321      321   (8)      1  : 0.0000 1.0000 0.0000 0.0000
322      322  (11)      1  : 0.0000 1.0000 0.0000 0.0000
323      323   (8)      1  : 0.0000 1.0000 0.0000 0.0000
324      324  (16)      1  : 0.0000 1.0000 0.0000 0.0000
325      325  (16)      1  : 0.0000 0.9960 0.0020 0.0020
326      326  (14)      1  : 0.0020 0.9860 0.0040 0.0080
327      327  (17)      1  : 0.0000 1.0000 0.0000 0.0000
328      328  (11)      1  : 0.0000 1.0000 0.0000 0.0000
329      329  (16)      1  : 0.0000 1.0000 0.0000 0.0000
330      330  (18)      1  : 0.0060 0.9796 0.0080 0.0064
331      331  (10)      1  : 0.0010 0.9910 0.0020 0.0060
332      332  (18)      1  : 0.0060 0.9780 0.0010 0.0150
333      333  (14)      1  : 0.0000 1.0000 0.0000 0.0000
334      334  (11)      1  : 0.0000 1.0000 0.0000 0.0000
335      335  (13)      1  : 0.0000 0.9990 0.0000 0.0010
336      336  (14)      1  : 0.0000 0.9950 0.0040 0.0010
337      337  (16)      1  : 0.0020 0.9970 0.0010 0.0000
338      338  (14)      1  : 0.0000 1.0000 0.0000 0.0000
339      339  (17)      1  : 0.0000 1.0000 0.0000 0.0000
340      340  (13)      1  : 0.0026 0.9974 0.0000 0.0000
341      341  (13)      1  : 0.0030 0.9970 0.0000 0.0000
342      342  (10)      1  : 0.0000 1.0000 0.0000 0.0000
343      343   (5)      1  : 0.0000 1.0000 0.0000 0.0000
344      344   (9)      1  : 0.0000 1.0000 0.0000 0.0000
345      345  (13)      1  : 0.0000 1.0000 0.0000 0.0000
